---------------------|---------|---------|---------|---------|
File                 | % Stmts | % Brchs | % Funcs | % Lines |
---------------------|---------|---------|---------|---------|
All files            |   99.98 |   99.98 |     100 |   99.98 |
node-bootstrap-lite/ |   99.98 |   99.98 |     100 |   99.98 |
  example.js         |     100 |     100 |     100 |     100 |
  lib.bootstrap.js   |     100 |     100 |     100 |     100 |
  test.js            |    95.7 |   96.36 |     100 |    95.7 |
---------------------|---------|---------|---------|---------|
