{"/home/travis/build/kaizhu256/node-bootstrap-lite/test.js":{"path":"/home/travis/build/kaizhu256/node-bootstrap-lite/test.js","s":{"1":2,"2":2,"3":2,"4":2,"5":2,"6":2,"7":2,"8":2,"9":2,"10":2,"11":2,"12":1,"13":1,"14":1,"15":1,"16":1,"17":1,"18":1,"19":2,"20":3,"21":1,"22":1,"23":2,"24":2,"25":2,"26":2},"b":{"1":[2,1,1,1],"2":[1,1],"3":[2,1],"4":[1,1],"5":[1,2]},"f":{"1":2,"2":2,"3":2,"4":2,"5":3,"6":2,"7":2,"8":2},"fnMap":{"1":{"name":"(anonymous_1)","line":13,"loc":{"start":{"line":13,"column":1},"end":{"line":13,"column":13}}},"2":{"name":"(anonymous_2)","line":20,"loc":{"start":{"line":20,"column":5},"end":{"line":20,"column":17}}},"3":{"name":"(anonymous_3)","line":42,"loc":{"start":{"line":42,"column":5},"end":{"line":42,"column":17}}},"4":{"name":"(anonymous_4)","line":43,"loc":{"start":{"line":43,"column":42},"end":{"line":43,"column":70}}},"5":{"name":"(anonymous_5)","line":64,"loc":{"start":{"line":64,"column":45},"end":{"line":64,"column":73}}},"6":{"name":"(anonymous_6)","line":72,"loc":{"start":{"line":72,"column":43},"end":{"line":72,"column":62}}},"7":{"name":"(anonymous_7)","line":78,"loc":{"start":{"line":78,"column":26},"end":{"line":78,"column":41}}},"8":{"name":"(anonymous_8)","line":79,"loc":{"start":{"line":79,"column":50},"end":{"line":79,"column":68}}}},"statementMap":{"1":{"start":{"line":13,"column":0},"end":{"line":86,"column":5}},"2":{"start":{"line":15,"column":4},"end":{"line":15,"column":14}},"3":{"start":{"line":20,"column":4},"end":{"line":37,"column":9}},"4":{"start":{"line":22,"column":8},"end":{"line":22,"column":19}},"5":{"start":{"line":24,"column":8},"end":{"line":27,"column":67}},"6":{"start":{"line":29,"column":8},"end":{"line":31,"column":21}},"7":{"start":{"line":33,"column":8},"end":{"line":34,"column":49}},"8":{"start":{"line":36,"column":8},"end":{"line":36,"column":33}},"9":{"start":{"line":42,"column":4},"end":{"line":85,"column":9}},"10":{"start":{"line":43,"column":8},"end":{"line":62,"column":10}},"11":{"start":{"line":47,"column":12},"end":{"line":50,"column":13}},"12":{"start":{"line":48,"column":16},"end":{"line":48,"column":39}},"13":{"start":{"line":49,"column":16},"end":{"line":49,"column":23}},"14":{"start":{"line":51,"column":12},"end":{"line":51,"column":76}},"15":{"start":{"line":52,"column":12},"end":{"line":52,"column":73}},"16":{"start":{"line":53,"column":12},"end":{"line":53,"column":74}},"17":{"start":{"line":54,"column":12},"end":{"line":60,"column":17}},"18":{"start":{"line":61,"column":12},"end":{"line":61,"column":45}},"19":{"start":{"line":64,"column":8},"end":{"line":84,"column":10}},"20":{"start":{"line":68,"column":12},"end":{"line":71,"column":13}},"21":{"start":{"line":69,"column":16},"end":{"line":69,"column":39}},"22":{"start":{"line":70,"column":16},"end":{"line":70,"column":23}},"23":{"start":{"line":72,"column":12},"end":{"line":83,"column":25}},"24":{"start":{"line":74,"column":16},"end":{"line":82,"column":19}},"25":{"start":{"line":79,"column":20},"end":{"line":81,"column":23}},"26":{"start":{"line":80,"column":24},"end":{"line":80,"column":77}}},"branchMap":{"1":{"line":24,"type":"binary-expr","locations":[{"start":{"line":24,"column":26},"end":{"line":24,"column":52}},{"start":{"line":25,"column":12},"end":{"line":25,"column":55}},{"start":{"line":26,"column":12},"end":{"line":26,"column":27}},{"start":{"line":27,"column":12},"end":{"line":27,"column":66}}]},"2":{"line":29,"type":"cond-expr","locations":[{"start":{"line":30,"column":14},"end":{"line":30,"column":20}},{"start":{"line":31,"column":14},"end":{"line":31,"column":20}}]},"3":{"line":33,"type":"binary-expr","locations":[{"start":{"line":33,"column":38},"end":{"line":33,"column":59}},{"start":{"line":34,"column":12},"end":{"line":34,"column":31}}]},"4":{"line":47,"type":"if","locations":[{"start":{"line":47,"column":12},"end":{"line":47,"column":12}},{"start":{"line":47,"column":12},"end":{"line":47,"column":12}}]},"5":{"line":68,"type":"if","locations":[{"start":{"line":68,"column":12},"end":{"line":68,"column":12}},{"start":{"line":68,"column":12},"end":{"line":68,"column":12}}]}},"code":["/* istanbul instrument in package bootstrap_lite */","/* jslint-utility2 */","/*jslint","    bitwise: true,","    browser: true,","    maxerr: 4,","    maxlen: 100,","    node: true,","    nomen: true,","    regexp: true,","    stupid: true","*/","(function () {","    'use strict';","    var local;","","","","    // run shared js-env code - init-before","    (function () {","        // init local","        local = {};","        // init isBrowser","        local.isBrowser = typeof window === \"object\" &&","            typeof window.XMLHttpRequest === \"function\" &&","            window.document &&","            typeof window.document.querySelectorAll === \"function\";","        // init global","        local.global = local.isBrowser","            ? window","            : global;","        // re-init local","        local = local.global.local = (local.global.utility2 ||","            require('utility2')).requireReadme();","        // init test","        local.testRunInit(local);","    }());","","","","    // run shared js-env code - function","    (function () {","        local.testCase_buildApp_default = function (options, onError) {","        /*","         * this function will test buildApp's default handling-behavior","         */","            if (local.isBrowser) {","                onError(null, options);","                return;","            }","            local.testCase_buildReadme_default(options, local.onErrorThrow);","            local.testCase_buildLib_default(options, local.onErrorThrow);","            local.testCase_buildTest_default(options, local.onErrorThrow);","            options = { assetsList: [{","                file: '/assets.bootstrap-v3.3.7.rollup.min.css',","                url: '/assets.bootstrap-v3.3.7.rollup.min.css'","            }, {","                file: '/assets.bootstrap-v3.3.7.rollup.min.js',","                url: '/assets.bootstrap-v3.3.7.rollup.min.js'","            }] };","            local.buildApp(options, onError);","        };","","        local.testCase_buildReadme_default = function (options, onError) {","        /*","         * this function will test buildReadme's default handling-behavior","         */","            if (local.isBrowser) {","                onError(null, options);","                return;","            }","            local.buildReadme({ customize: function (options) {","                // search-and-replace - customize dataTo","                [","                    new RegExp('\\\\n {8}\\\\/\\\\* jslint-ignore-begin \\\\*\\\\/\\\\n' +","                        ' {8}local.assetsDict\\\\[\\'\\\\/assets.index.template.html\\'\\\\] = \\'\\\\\\\\\\\\n' +","                        '[\\\\S\\\\s]*?\\\\n {8}\\\\/\\\\* jslint-ignore-end \\\\*\\\\/\\\\n')","                ].forEach(function (rgx) {","                    options.dataFrom.replace(rgx, function (match0) {","                        options.dataTo = options.dataTo.replace(rgx, match0);","                    });","                });","            }}, onError);","        };","    }());","}());",""],"l":{"13":2,"15":2,"20":2,"22":2,"24":2,"29":2,"33":2,"36":2,"42":2,"43":2,"47":2,"48":1,"49":1,"51":1,"52":1,"53":1,"54":1,"61":1,"64":2,"68":3,"69":1,"70":1,"72":2,"74":2,"79":2,"80":2}},"/home/travis/build/kaizhu256/node-bootstrap-lite/lib.bootstrap_lite.js":{"path":"/home/travis/build/kaizhu256/node-bootstrap-lite/lib.bootstrap_lite.js","s":{"1":2,"2":2,"3":2,"4":2,"5":2,"6":2,"7":2,"8":2,"9":2,"10":0,"11":0,"12":0,"13":0,"14":0,"15":0,"16":0,"17":2,"18":2,"19":2,"20":2,"21":2,"22":0,"23":2,"24":1,"25":1,"26":1,"27":1,"28":1,"29":1,"30":1,"31":1,"32":1,"33":1,"34":1,"35":1,"36":1,"37":1,"38":1,"39":1,"40":1,"41":1,"42":1,"43":1,"44":1,"45":1,"46":1,"47":1,"48":1,"49":1,"50":1,"51":1,"52":1,"53":1,"54":2,"55":2,"56":2,"57":2,"58":1,"59":1,"60":1,"61":2,"62":0,"63":2},"b":{"1":[2,1,1],"2":[2,0],"3":[2,1,1,1],"4":[1,1],"5":[2,2],"6":[1,1],"7":[1,1],"8":[1,1],"9":[0,2]},"f":{"1":2,"2":2,"3":2,"4":0,"5":0,"6":2,"7":2},"fnMap":{"1":{"name":"(anonymous_1)","line":14,"loc":{"start":{"line":14,"column":1},"end":{"line":14,"column":13}}},"2":{"name":"(anonymous_2)","line":22,"loc":{"start":{"line":22,"column":5},"end":{"line":22,"column":17}},"skip":true},"3":{"name":"(anonymous_3)","line":24,"loc":{"start":{"line":24,"column":9},"end":{"line":24,"column":21}},"skip":true},"4":{"name":"(anonymous_4)","line":32,"loc":{"start":{"line":32,"column":27},"end":{"line":32,"column":43}},"skip":true},"5":{"name":"(anonymous_5)","line":61,"loc":{"start":{"line":61,"column":20},"end":{"line":61,"column":32}},"skip":true},"6":{"name":"(anonymous_6)","line":116,"loc":{"start":{"line":116,"column":5},"end":{"line":116,"column":17}},"skip":true},"7":{"name":"(anonymous_7)","line":125,"loc":{"start":{"line":125,"column":18},"end":{"line":125,"column":34}},"skip":true}},"statementMap":{"1":{"start":{"line":14,"column":0},"end":{"line":132,"column":5}},"2":{"start":{"line":16,"column":4},"end":{"line":16,"column":14}},"3":{"start":{"line":22,"column":4},"end":{"line":110,"column":9},"skip":true},"4":{"start":{"line":24,"column":8},"end":{"line":44,"column":13},"skip":true},"5":{"start":{"line":25,"column":12},"end":{"line":25,"column":43},"skip":true},"6":{"start":{"line":26,"column":12},"end":{"line":26,"column":71},"skip":true},"7":{"start":{"line":27,"column":12},"end":{"line":27,"column":52},"skip":true},"8":{"start":{"line":28,"column":12},"end":{"line":30,"column":13},"skip":true},"9":{"start":{"line":29,"column":16},"end":{"line":29,"column":23},"skip":true},"10":{"start":{"line":31,"column":12},"end":{"line":31,"column":41},"skip":true},"11":{"start":{"line":32,"column":12},"end":{"line":43,"column":14},"skip":true},"12":{"start":{"line":37,"column":16},"end":{"line":37,"column":61},"skip":true},"13":{"start":{"line":38,"column":16},"end":{"line":38,"column":43},"skip":true},"14":{"start":{"line":39,"column":16},"end":{"line":39,"column":55},"skip":true},"15":{"start":{"line":40,"column":16},"end":{"line":40,"column":35},"skip":true},"16":{"start":{"line":42,"column":16},"end":{"line":42,"column":28},"skip":true},"17":{"start":{"line":46,"column":8},"end":{"line":46,"column":19},"skip":true},"18":{"start":{"line":48,"column":8},"end":{"line":51,"column":67},"skip":true},"19":{"start":{"line":53,"column":8},"end":{"line":55,"column":21},"skip":true},"20":{"start":{"line":57,"column":8},"end":{"line":59,"column":18},"skip":true},"21":{"start":{"line":61,"column":8},"end":{"line":66,"column":10},"skip":true},"22":{"start":{"line":65,"column":12},"end":{"line":65,"column":19},"skip":true},"23":{"start":{"line":68,"column":8},"end":{"line":102,"column":9},"skip":true},"24":{"start":{"line":69,"column":12},"end":{"line":69,"column":57},"skip":true},"25":{"start":{"line":73,"column":12},"end":{"line":73,"column":45},"skip":true},"26":{"start":{"line":74,"column":12},"end":{"line":74,"column":59},"skip":true},"27":{"start":{"line":75,"column":12},"end":{"line":75,"column":47},"skip":true},"28":{"start":{"line":76,"column":12},"end":{"line":76,"column":45},"skip":true},"29":{"start":{"line":77,"column":12},"end":{"line":77,"column":43},"skip":true},"30":{"start":{"line":78,"column":12},"end":{"line":78,"column":39},"skip":true},"31":{"start":{"line":79,"column":12},"end":{"line":79,"column":45},"skip":true},"32":{"start":{"line":80,"column":12},"end":{"line":80,"column":45},"skip":true},"33":{"start":{"line":81,"column":12},"end":{"line":81,"column":37},"skip":true},"34":{"start":{"line":82,"column":12},"end":{"line":82,"column":41},"skip":true},"35":{"start":{"line":83,"column":12},"end":{"line":83,"column":43},"skip":true},"36":{"start":{"line":84,"column":12},"end":{"line":84,"column":39},"skip":true},"37":{"start":{"line":85,"column":12},"end":{"line":85,"column":37},"skip":true},"38":{"start":{"line":86,"column":12},"end":{"line":86,"column":41},"skip":true},"39":{"start":{"line":87,"column":12},"end":{"line":87,"column":55},"skip":true},"40":{"start":{"line":88,"column":12},"end":{"line":88,"column":49},"skip":true},"41":{"start":{"line":89,"column":12},"end":{"line":89,"column":41},"skip":true},"42":{"start":{"line":90,"column":12},"end":{"line":90,"column":45},"skip":true},"43":{"start":{"line":91,"column":12},"end":{"line":91,"column":61},"skip":true},"44":{"start":{"line":92,"column":12},"end":{"line":92,"column":45},"skip":true},"45":{"start":{"line":93,"column":12},"end":{"line":93,"column":39},"skip":true},"46":{"start":{"line":94,"column":12},"end":{"line":94,"column":39},"skip":true},"47":{"start":{"line":95,"column":12},"end":{"line":95,"column":39},"skip":true},"48":{"start":{"line":96,"column":12},"end":{"line":96,"column":41},"skip":true},"49":{"start":{"line":97,"column":12},"end":{"line":97,"column":37},"skip":true},"50":{"start":{"line":98,"column":12},"end":{"line":98,"column":37},"skip":true},"51":{"start":{"line":99,"column":12},"end":{"line":99,"column":41},"skip":true},"52":{"start":{"line":100,"column":12},"end":{"line":100,"column":35},"skip":true},"53":{"start":{"line":101,"column":12},"end":{"line":101,"column":49},"skip":true},"54":{"start":{"line":104,"column":8},"end":{"line":104,"column":51},"skip":true},"55":{"start":{"line":109,"column":8},"end":{"line":109,"column":15},"skip":true},"56":{"start":{"line":116,"column":4},"end":{"line":131,"column":9},"skip":true},"57":{"start":{"line":117,"column":8},"end":{"line":119,"column":9},"skip":true},"58":{"start":{"line":118,"column":12},"end":{"line":118,"column":19},"skip":true},"59":{"start":{"line":121,"column":8},"end":{"line":121,"column":50},"skip":true},"60":{"start":{"line":122,"column":8},"end":{"line":130,"column":11},"skip":true},"61":{"start":{"line":126,"column":12},"end":{"line":128,"column":13},"skip":true},"62":{"start":{"line":127,"column":16},"end":{"line":127,"column":23},"skip":true},"63":{"start":{"line":129,"column":12},"end":{"line":129,"column":97},"skip":true}},"branchMap":{"1":{"line":26,"type":"binary-expr","locations":[{"start":{"line":26,"column":23},"end":{"line":26,"column":49},"skip":true},{"start":{"line":26,"column":53},"end":{"line":26,"column":59},"skip":true},{"start":{"line":26,"column":64},"end":{"line":26,"column":70},"skip":true}]},"2":{"line":28,"type":"if","locations":[{"start":{"line":28,"column":12},"end":{"line":28,"column":12},"skip":true},{"start":{"line":28,"column":12},"end":{"line":28,"column":12},"skip":true}]},"3":{"line":48,"type":"binary-expr","locations":[{"start":{"line":48,"column":26},"end":{"line":48,"column":52},"skip":true},{"start":{"line":49,"column":12},"end":{"line":49,"column":55},"skip":true},{"start":{"line":50,"column":12},"end":{"line":50,"column":27},"skip":true},{"start":{"line":51,"column":12},"end":{"line":51,"column":66},"skip":true}]},"4":{"line":53,"type":"cond-expr","locations":[{"start":{"line":54,"column":14},"end":{"line":54,"column":20},"skip":true},{"start":{"line":55,"column":14},"end":{"line":55,"column":20},"skip":true}]},"5":{"line":57,"type":"binary-expr","locations":[{"start":{"line":57,"column":16},"end":{"line":57,"column":44},"skip":true},{"start":{"line":59,"column":12},"end":{"line":59,"column":17},"skip":true}]},"6":{"line":68,"type":"if","locations":[{"start":{"line":68,"column":8},"end":{"line":68,"column":8},"skip":true},{"start":{"line":68,"column":8},"end":{"line":68,"column":8},"skip":true}]},"7":{"line":117,"type":"if","locations":[{"start":{"line":117,"column":8},"end":{"line":117,"column":8},"skip":true},{"start":{"line":117,"column":8},"end":{"line":117,"column":8},"skip":true}]},"8":{"line":121,"type":"binary-expr","locations":[{"start":{"line":121,"column":27},"end":{"line":121,"column":43},"skip":true},{"start":{"line":121,"column":47},"end":{"line":121,"column":49},"skip":true}]},"9":{"line":126,"type":"if","locations":[{"start":{"line":126,"column":12},"end":{"line":126,"column":12},"skip":true},{"start":{"line":126,"column":12},"end":{"line":126,"column":12},"skip":true}]}},"code":["//#!/usr/bin/env node","/* istanbul instrument in package bootstrap_lite */","/* jslint-utility2 */","/*jslint","    bitwise: true,","    browser: true,","    maxerr: 4,","    maxlen: 100,","    node: true,","    nomen: true,","    regexp: true,","    stupid: true","*/","(function () {","    'use strict';","    var local;","","","","    // run shared js-env code - init-before","    /* istanbul ignore next */","    (function () {","        // init debug_inline","        (function () {","            var consoleError, context, key;","            context = (typeof window === \"object\" && window) || global;","            key = \"debug_inline\".replace(\"_i\", \"I\");","            if (context[key]) {","                return;","            }","            consoleError = console.error;","            context[key] = function (arg0) {","            /*","             * this function will both print arg0 to stderr and return it","             */","                // debug arguments","                context[\"_\" + key + \"Arguments\"] = arguments;","                consoleError(\"\\n\\n\" + key);","                consoleError.apply(console, arguments);","                consoleError(\"\\n\");","                // return arg0 for inspection","                return arg0;","            };","        }());","        // init local","        local = {};","        // init isBrowser","        local.isBrowser = typeof window === \"object\" &&","            typeof window.XMLHttpRequest === \"function\" &&","            window.document &&","            typeof window.document.querySelectorAll === \"function\";","        // init global","        local.global = local.isBrowser","            ? window","            : global;","        // re-init local","        local = local.global.utility2_rollup ||","            // local.global.utility2_rollup_old || require('./assets.utility2.rollup.js') ||","            local;","        // init nop","        local.nop = function () {","        /*","         * this function will do nothing","         */","            return;","        };","        // init exports","        if (local.isBrowser) {","            local.global.utility2_bootstrap_lite = local;","        } else {","            // require builtins","            // local.assert = require('assert');","            local.buffer = require('buffer');","            local.child_process = require('child_process');","            local.cluster = require('cluster');","            local.crypto = require('crypto');","            local.dgram = require('dgram');","            local.dns = require('dns');","            local.domain = require('domain');","            local.events = require('events');","            local.fs = require('fs');","            local.http = require('http');","            local.https = require('https');","            local.net = require('net');","            local.os = require('os');","            local.path = require('path');","            local.querystring = require('querystring');","            local.readline = require('readline');","            local.repl = require('repl');","            local.stream = require('stream');","            local.string_decoder = require('string_decoder');","            local.timers = require('timers');","            local.tls = require('tls');","            local.tty = require('tty');","            local.url = require('url');","            local.util = require('util');","            local.v8 = require('v8');","            local.vm = require('vm');","            local.zlib = require('zlib');","            module.exports = local;","            module.exports.__dirname = __dirname;","        }","        // init lib main","        local.local = local.bootstrap_lite = local;","","","","        /* validateLineSortedReset */","        return;","    }());","","","","    // run node js-env code - init-after","    /* istanbul ignore next */","    (function () {","        if (local.isBrowser) {","            return;","        }","        // init assets","        local.assetsDict = local.assetsDict || {};","        [","            'assets.bootstrap-v3.3.7.rollup.min.css',","            'assets.bootstrap-v3.3.7.rollup.min.js'","        ].forEach(function (file) {","            if (local.global.utility2_rollup) {","                return;","            }","            local.assetsDict['/' + file] = local.fs.readFileSync(__dirname + '/' + file, 'utf8');","        });","    }());","}());",""],"l":{"14":2,"16":2,"22":2,"24":2,"25":2,"26":2,"27":2,"28":2,"29":2,"31":1,"32":1,"37":1,"38":1,"39":1,"40":1,"42":1,"46":2,"48":2,"53":2,"57":2,"61":2,"65":1,"68":2,"69":1,"73":1,"74":1,"75":1,"76":1,"77":1,"78":1,"79":1,"80":1,"81":1,"82":1,"83":1,"84":1,"85":1,"86":1,"87":1,"88":1,"89":1,"90":1,"91":1,"92":1,"93":1,"94":1,"95":1,"96":1,"97":1,"98":1,"99":1,"100":1,"101":1,"104":2,"109":2,"116":2,"117":2,"118":1,"121":1,"122":1,"126":2,"127":1,"129":2}},"/home/travis/build/kaizhu256/node-bootstrap-lite/example.js":{"path":"/home/travis/build/kaizhu256/node-bootstrap-lite/example.js","s":{"1":2,"2":2,"3":2,"4":2,"5":2,"6":2,"7":2,"8":2,"9":2,"10":2,"11":1,"12":2,"13":2,"14":1,"15":1,"16":1,"17":1,"18":1,"19":1,"20":1,"21":1,"22":1,"23":1,"24":1,"25":1,"26":1,"27":1,"28":1,"29":1,"30":1,"31":1,"32":1,"33":1,"34":1,"35":1,"36":1,"37":1,"38":1,"39":1,"40":1,"41":1,"42":1,"43":1,"44":1,"45":3,"46":3,"47":3,"48":0,"49":1,"50":1,"51":1,"52":6,"53":1,"54":2,"55":0,"56":2,"57":1,"58":1,"59":1,"60":0,"61":0,"62":0,"63":0,"64":0,"65":0,"66":0,"67":0,"68":0,"69":0,"70":0,"71":0,"72":0,"73":0,"74":0},"b":{"1":[2,1,1,1],"2":[1,1],"3":[2,2],"4":[1,1],"5":[1,1],"6":[1,1],"7":[1,0],"8":[3,3],"9":[0,3],"10":[1,1],"11":[1,2,0,2,1],"12":[1,0],"13":[1,0],"14":[0,0],"15":[0,0],"16":[0,0],"17":[0,0],"18":[0,0],"19":[0,0]},"f":{"1":2,"2":2,"3":2,"4":2,"5":3,"6":6,"7":0},"fnMap":{"1":{"name":"(anonymous_1)","line":127,"loc":{"start":{"line":127,"column":1},"end":{"line":127,"column":13}}},"2":{"name":"(anonymous_2)","line":134,"loc":{"start":{"line":134,"column":5},"end":{"line":134,"column":17}}},"3":{"name":"(anonymous_3)","line":158,"loc":{"start":{"line":158,"column":5},"end":{"line":158,"column":17}},"skip":true},"4":{"name":"(anonymous_4)","line":168,"loc":{"start":{"line":168,"column":5},"end":{"line":168,"column":17}},"skip":true},"5":{"name":"(anonymous_5)","line":210,"loc":{"start":{"line":210,"column":18},"end":{"line":210,"column":34}},"skip":true},"6":{"name":"(anonymous_6)","line":1093,"loc":{"start":{"line":1093,"column":47},"end":{"line":1093,"column":73}},"skip":true},"7":{"name":"(anonymous_7)","line":1126,"loc":{"start":{"line":1126,"column":32},"end":{"line":1126,"column":61}},"skip":true}},"statementMap":{"1":{"start":{"line":127,"column":0},"end":{"line":1136,"column":5}},"2":{"start":{"line":129,"column":4},"end":{"line":129,"column":14}},"3":{"start":{"line":134,"column":4},"end":{"line":152,"column":9}},"4":{"start":{"line":136,"column":8},"end":{"line":136,"column":19}},"5":{"start":{"line":138,"column":8},"end":{"line":141,"column":67}},"6":{"start":{"line":143,"column":8},"end":{"line":145,"column":21}},"7":{"start":{"line":147,"column":8},"end":{"line":149,"column":45}},"8":{"start":{"line":151,"column":8},"end":{"line":151,"column":35}},"9":{"start":{"line":158,"column":4},"end":{"line":162,"column":9},"skip":true},"10":{"start":{"line":159,"column":8},"end":{"line":161,"column":9},"skip":true},"11":{"start":{"line":160,"column":12},"end":{"line":160,"column":19},"skip":true},"12":{"start":{"line":168,"column":4},"end":{"line":1135,"column":9},"skip":true},"13":{"start":{"line":169,"column":8},"end":{"line":171,"column":9},"skip":true},"14":{"start":{"line":170,"column":12},"end":{"line":170,"column":19},"skip":true},"15":{"start":{"line":173,"column":8},"end":{"line":173,"column":31},"skip":true},"16":{"start":{"line":176,"column":8},"end":{"line":176,"column":41},"skip":true},"17":{"start":{"line":177,"column":8},"end":{"line":177,"column":55},"skip":true},"18":{"start":{"line":178,"column":8},"end":{"line":178,"column":43},"skip":true},"19":{"start":{"line":179,"column":8},"end":{"line":179,"column":41},"skip":true},"20":{"start":{"line":180,"column":8},"end":{"line":180,"column":39},"skip":true},"21":{"start":{"line":181,"column":8},"end":{"line":181,"column":35},"skip":true},"22":{"start":{"line":182,"column":8},"end":{"line":182,"column":41},"skip":true},"23":{"start":{"line":183,"column":8},"end":{"line":183,"column":41},"skip":true},"24":{"start":{"line":184,"column":8},"end":{"line":184,"column":33},"skip":true},"25":{"start":{"line":185,"column":8},"end":{"line":185,"column":37},"skip":true},"26":{"start":{"line":186,"column":8},"end":{"line":186,"column":39},"skip":true},"27":{"start":{"line":187,"column":8},"end":{"line":187,"column":35},"skip":true},"28":{"start":{"line":188,"column":8},"end":{"line":188,"column":33},"skip":true},"29":{"start":{"line":189,"column":8},"end":{"line":189,"column":37},"skip":true},"30":{"start":{"line":190,"column":8},"end":{"line":190,"column":51},"skip":true},"31":{"start":{"line":191,"column":8},"end":{"line":191,"column":45},"skip":true},"32":{"start":{"line":192,"column":8},"end":{"line":192,"column":37},"skip":true},"33":{"start":{"line":193,"column":8},"end":{"line":193,"column":41},"skip":true},"34":{"start":{"line":194,"column":8},"end":{"line":194,"column":57},"skip":true},"35":{"start":{"line":195,"column":8},"end":{"line":195,"column":41},"skip":true},"36":{"start":{"line":196,"column":8},"end":{"line":196,"column":35},"skip":true},"37":{"start":{"line":197,"column":8},"end":{"line":197,"column":35},"skip":true},"38":{"start":{"line":198,"column":8},"end":{"line":198,"column":35},"skip":true},"39":{"start":{"line":199,"column":8},"end":{"line":199,"column":37},"skip":true},"40":{"start":{"line":200,"column":8},"end":{"line":200,"column":33},"skip":true},"41":{"start":{"line":201,"column":8},"end":{"line":201,"column":33},"skip":true},"42":{"start":{"line":202,"column":8},"end":{"line":202,"column":37},"skip":true},"43":{"start":{"line":205,"column":8},"end":{"line":205,"column":50},"skip":true},"44":{"start":{"line":206,"column":8},"end":{"line":219,"column":11},"skip":true},"45":{"start":{"line":211,"column":12},"end":{"line":211,"column":30},"skip":true},"46":{"start":{"line":212,"column":12},"end":{"line":212,"column":66},"skip":true},"47":{"start":{"line":213,"column":12},"end":{"line":218,"column":13},"skip":true},"48":{"start":{"line":214,"column":16},"end":{"line":217,"column":18},"skip":true},"49":{"start":{"line":221,"column":8},"end":{"line":1079,"column":2},"skip":true},"50":{"start":{"line":1084,"column":8},"end":{"line":1087,"column":36},"skip":true},"51":{"start":{"line":1090,"column":8},"end":{"line":1106,"column":15},"skip":true},"52":{"start":{"line":1094,"column":16},"end":{"line":1105,"column":17},"skip":true},"53":{"start":{"line":1096,"column":20},"end":{"line":1096,"column":60},"skip":true},"54":{"start":{"line":1098,"column":20},"end":{"line":1098,"column":44},"skip":true},"55":{"start":{"line":1100,"column":20},"end":{"line":1100,"column":44},"skip":true},"56":{"start":{"line":1102,"column":20},"end":{"line":1102,"column":35},"skip":true},"57":{"start":{"line":1104,"column":20},"end":{"line":1104,"column":34},"skip":true},"58":{"start":{"line":1108,"column":8},"end":{"line":1110,"column":9},"skip":true},"59":{"start":{"line":1109,"column":12},"end":{"line":1109,"column":19},"skip":true},"60":{"start":{"line":1111,"column":8},"end":{"line":1113,"column":54},"skip":true},"61":{"start":{"line":1114,"column":8},"end":{"line":1114,"column":82},"skip":true},"62":{"start":{"line":1117,"column":8},"end":{"line":1119,"column":9},"skip":true},"63":{"start":{"line":1118,"column":12},"end":{"line":1118,"column":82},"skip":true},"64":{"start":{"line":1121,"column":8},"end":{"line":1123,"column":9},"skip":true},"65":{"start":{"line":1122,"column":12},"end":{"line":1122,"column":19},"skip":true},"66":{"start":{"line":1124,"column":8},"end":{"line":1124,"column":54},"skip":true},"67":{"start":{"line":1125,"column":8},"end":{"line":1125,"column":69},"skip":true},"68":{"start":{"line":1126,"column":8},"end":{"line":1134,"column":36},"skip":true},"69":{"start":{"line":1127,"column":12},"end":{"line":1127,"column":61},"skip":true},"70":{"start":{"line":1128,"column":12},"end":{"line":1131,"column":13},"skip":true},"71":{"start":{"line":1129,"column":16},"end":{"line":1129,"column":75},"skip":true},"72":{"start":{"line":1130,"column":16},"end":{"line":1130,"column":23},"skip":true},"73":{"start":{"line":1132,"column":12},"end":{"line":1132,"column":38},"skip":true},"74":{"start":{"line":1133,"column":12},"end":{"line":1133,"column":27},"skip":true}},"branchMap":{"1":{"line":138,"type":"binary-expr","locations":[{"start":{"line":138,"column":26},"end":{"line":138,"column":52}},{"start":{"line":139,"column":12},"end":{"line":139,"column":55}},{"start":{"line":140,"column":12},"end":{"line":140,"column":27}},{"start":{"line":141,"column":12},"end":{"line":141,"column":66}}]},"2":{"line":143,"type":"cond-expr","locations":[{"start":{"line":144,"column":14},"end":{"line":144,"column":20}},{"start":{"line":145,"column":14},"end":{"line":145,"column":20}}]},"3":{"line":147,"type":"binary-expr","locations":[{"start":{"line":147,"column":16},"end":{"line":147,"column":44}},{"start":{"line":147,"column":49},"end":{"line":149,"column":43}}]},"4":{"line":147,"type":"cond-expr","locations":[{"start":{"line":148,"column":14},"end":{"line":148,"column":50}},{"start":{"line":149,"column":14},"end":{"line":149,"column":43}}]},"5":{"line":159,"type":"if","locations":[{"start":{"line":159,"column":8},"end":{"line":159,"column":8},"skip":true},{"start":{"line":159,"column":8},"end":{"line":159,"column":8},"skip":true}]},"6":{"line":169,"type":"if","locations":[{"start":{"line":169,"column":8},"end":{"line":169,"column":8},"skip":true},{"start":{"line":169,"column":8},"end":{"line":169,"column":8},"skip":true}]},"7":{"line":205,"type":"binary-expr","locations":[{"start":{"line":205,"column":27},"end":{"line":205,"column":43},"skip":true},{"start":{"line":205,"column":47},"end":{"line":205,"column":49},"skip":true}]},"8":{"line":212,"type":"binary-expr","locations":[{"start":{"line":212,"column":37},"end":{"line":212,"column":59},"skip":true},{"start":{"line":212,"column":63},"end":{"line":212,"column":65},"skip":true}]},"9":{"line":213,"type":"if","locations":[{"start":{"line":213,"column":12},"end":{"line":213,"column":12},"skip":true},{"start":{"line":213,"column":12},"end":{"line":213,"column":12},"skip":true}]},"10":{"line":1085,"type":"binary-expr","locations":[{"start":{"line":1085,"column":12},"end":{"line":1085,"column":57},"skip":true},{"start":{"line":1086,"column":12},"end":{"line":1087,"column":35},"skip":true}]},"11":{"line":1094,"type":"switch","locations":[{"start":{"line":1095,"column":16},"end":{"line":1096,"column":60},"skip":true},{"start":{"line":1097,"column":16},"end":{"line":1098,"column":44},"skip":true},{"start":{"line":1099,"column":16},"end":{"line":1100,"column":44},"skip":true},{"start":{"line":1101,"column":16},"end":{"line":1102,"column":35},"skip":true},{"start":{"line":1103,"column":16},"end":{"line":1104,"column":34},"skip":true}]},"12":{"line":1108,"type":"if","locations":[{"start":{"line":1108,"column":8},"end":{"line":1108,"column":8},"skip":true},{"start":{"line":1108,"column":8},"end":{"line":1108,"column":8},"skip":true}]},"13":{"line":1108,"type":"binary-expr","locations":[{"start":{"line":1108,"column":12},"end":{"line":1108,"column":35},"skip":true},{"start":{"line":1108,"column":39},"end":{"line":1108,"column":67},"skip":true}]},"14":{"line":1112,"type":"binary-expr","locations":[{"start":{"line":1112,"column":12},"end":{"line":1112,"column":50},"skip":true},{"start":{"line":1113,"column":12},"end":{"line":1113,"column":53},"skip":true}]},"15":{"line":1114,"type":"binary-expr","locations":[{"start":{"line":1114,"column":43},"end":{"line":1114,"column":75},"skip":true},{"start":{"line":1114,"column":79},"end":{"line":1114,"column":81},"skip":true}]},"16":{"line":1117,"type":"if","locations":[{"start":{"line":1117,"column":8},"end":{"line":1117,"column":8},"skip":true},{"start":{"line":1117,"column":8},"end":{"line":1117,"column":8},"skip":true}]},"17":{"line":1121,"type":"if","locations":[{"start":{"line":1121,"column":8},"end":{"line":1121,"column":8},"skip":true},{"start":{"line":1121,"column":8},"end":{"line":1121,"column":8},"skip":true}]},"18":{"line":1124,"type":"binary-expr","locations":[{"start":{"line":1124,"column":27},"end":{"line":1124,"column":43},"skip":true},{"start":{"line":1124,"column":47},"end":{"line":1124,"column":53},"skip":true}]},"19":{"line":1128,"type":"if","locations":[{"start":{"line":1128,"column":12},"end":{"line":1128,"column":12},"skip":true},{"start":{"line":1128,"column":12},"end":{"line":1128,"column":12},"skip":true}]}},"code":["","","","","","","","","","","","","","","","","","","","","","","","","","","","","","","","","","","","","","","","","","","","","","","","","","","","","","","","","","","","","","","","","","","","","","","","","","","","","","","","","","","","","","","","","","","","","","","","","","","","/*","example.js","","this script will run a web-demo of bootstrap-lite","","instruction","    1. save this script as example.js","    2. run the shell command:","        $ npm install bootstrap-lite && PORT=8081 node example.js","    3. open a browser to http://127.0.0.1:8081 and play with the web-demo","    4. edit this script to suit your needs","*/","","","","/* istanbul instrument in package bootstrap_lite */","/* jslint-utility2 */","/*jslint","    bitwise: true,","    browser: true,","    maxerr: 4,","    maxlen: 100,","    node: true,","    nomen: true,","    regexp: true,","    stupid: true","*/","(function () {","    'use strict';","    var local;","","","","    // run shared js-env code - init-before","    (function () {","        // init local","        local = {};","        // init isBrowser","        local.isBrowser = typeof window === \"object\" &&","            typeof window.XMLHttpRequest === \"function\" &&","            window.document &&","            typeof window.document.querySelectorAll === \"function\";","        // init global","        local.global = local.isBrowser","            ? window","            : global;","        // re-init local","        local = local.global.utility2_rollup || (local.isBrowser","            ? local.global.utility2_bootstrap_lite","            : global.utility2_moduleExports);","        // init exports","        local.global.local = local;","    }());","","","","    // run browser js-env code - init-test","    /* istanbul ignore next */","    (function () {","        if (!local.isBrowser) {","            return;","        }","    }());","","","","    // run node js-env code - init-test","    /* istanbul ignore next */","    (function () {","        if (local.isBrowser) {","            return;","        }","        // init exports","        module.exports = local;","        // require builtins","        // local.assert = require('assert');","        local.buffer = require('buffer');","        local.child_process = require('child_process');","        local.cluster = require('cluster');","        local.crypto = require('crypto');","        local.dgram = require('dgram');","        local.dns = require('dns');","        local.domain = require('domain');","        local.events = require('events');","        local.fs = require('fs');","        local.http = require('http');","        local.https = require('https');","        local.net = require('net');","        local.os = require('os');","        local.path = require('path');","        local.querystring = require('querystring');","        local.readline = require('readline');","        local.repl = require('repl');","        local.stream = require('stream');","        local.string_decoder = require('string_decoder');","        local.timers = require('timers');","        local.tls = require('tls');","        local.tty = require('tty');","        local.url = require('url');","        local.util = require('util');","        local.v8 = require('v8');","        local.vm = require('vm');","        local.zlib = require('zlib');","        /* validateLineSortedReset */","        // init assets","        local.assetsDict = local.assetsDict || {};","        [","            'assets.index.template.html',","            'assets.swgg.swagger.json',","            'assets.swgg.swagger.server.json'","        ].forEach(function (file) {","            file = '/' + file;","            local.assetsDict[file] = local.assetsDict[file] || '';","            if (local.fs.existsSync(local.__dirname + file)) {","                local.assetsDict[file] = local.fs.readFileSync(","                    local.__dirname + file,","                    'utf8'","                );","            }","        });","        /* jslint-ignore-begin */","        local.assetsDict['/assets.index.template.html'] = '\\","<!doctype html>\\n\\","<html lang=\"en\">\\n\\","<head>\\n\\","<meta charset=\"utf-8\">\\n\\","<meta name=\"viewport\" content=\"width=device-width, initial-scale=1\">\\n\\","<!-- \"assets.utility2.template.html\" -->\\n\\","<title>{{env.npm_package_name}} ({{env.npm_package_version}})</title>\\n\\","<link href=\"assets.bootstrap-v3.3.7.rollup.min.css\" rel=\"stylesheet\">\\n\\","<style>\\n\\","/*\\n\\","  * Base structure\\n\\","  */\\n\\","/* Move down content because we have a fixed navbar that is 50px tall */\\n\\","body {\\n\\","    padding-top: 50px;\\n\\","}\\n\\","/*\\n\\","  * Global add-ons\\n\\","  */\\n\\",".sub-header {\\n\\","    padding-bottom: 10px;\\n\\","    border-bottom: 1px solid #eee;\\n\\","}\\n\\","/*\\n\\","  * Top navigation\\n\\","  * Hide default border to remove 1px line.\\n\\","  */\\n\\",".navbar-fixed-top {\\n\\","    border: 0;\\n\\","}\\n\\","/*\\n\\","  * Sidebar\\n\\","  */\\n\\","/* Hide for mobile, show later */\\n\\",".sidebar {\\n\\","    display: none;\\n\\","}\\n\\","@media (min-width: 768px) {\\n\\","    .sidebar {\\n\\","        position: fixed;\\n\\","        top: 51px;\\n\\","        bottom: 0;\\n\\","        left: 0;\\n\\","        z-index: 1000;\\n\\","        display: block;\\n\\","        padding: 20px;\\n\\","        overflow-x: hidden;\\n\\","        overflow-y: auto; /* Scrollable contents if viewport is shorter than content. */\\n\\","        background-color: #f5f5f5;\\n\\","        border-right: 1px solid #eee;\\n\\","    }\\n\\","}\\n\\","/* Sidebar navigation */\\n\\",".nav-sidebar {\\n\\","    margin-right: -21px; /* 20px padding + 1px border */\\n\\","    margin-bottom: 20px;\\n\\","    margin-left: -20px;\\n\\","}\\n\\",".nav-sidebar > li > a {\\n\\","    padding-right: 20px;\\n\\","    padding-left: 20px;\\n\\","}\\n\\",".nav-sidebar > .active > a,\\n\\",".nav-sidebar > .active > a:hover,\\n\\",".nav-sidebar > .active > a:focus {\\n\\","    color: #fff;\\n\\","    background-color: #428bca;\\n\\","}\\n\\","/*\\n\\","  * Main content\\n\\","  */\\n\\",".main {\\n\\","    padding: 20px;\\n\\","}\\n\\","@media (min-width: 768px) {\\n\\","    .main {\\n\\","        padding-right: 40px;\\n\\","        padding-left: 40px;\\n\\","    }\\n\\","}\\n\\",".main .page-header {\\n\\","    margin-top: 0;\\n\\","}\\n\\","/*\\n\\","  * Placeholder dashboard ideas\\n\\","  */\\n\\",".placeholders {\\n\\","    margin-bottom: 30px;\\n\\","    text-align: center;\\n\\","}\\n\\",".placeholders h4 {\\n\\","    margin-bottom: 0;\\n\\","}\\n\\",".placeholder {\\n\\","    margin-bottom: 20px;\\n\\","}\\n\\",".placeholder img {\\n\\","    display: inline-block;\\n\\","    border-radius: 50%;\\n\\","}\\n\\","</style>\\n\\","</head>\\n\\","<!-- http://getbootstrap.com/docs/3.3/examples/dashboard/ -->\\n\\","<body>\\n\\","<nav class=\"navbar navbar-fixed-top navbar-inverse\">\\n\\","    <div class=\"container-fluid\">\\n\\","        <div class=\"navbar-header\">\\n\\","            <button type=\"button\" class=\"collapsed navbar-toggle\" data-toggle=\"collapse\" data-target=\"#navbar\" aria-expanded=\"false\" aria-controls=\"navbar\">\\n\\","                <span class=\"sr-only\">Toggle navigation</span>\\n\\","                <span class=\"icon-bar\"></span>\\n\\","                <span class=\"icon-bar\"></span>\\n\\","                <span class=\"icon-bar\"></span>\\n\\","            </button>\\n\\","            <a class=\"navbar-brand\" href=\"#\">Project name</a>\\n\\","        </div>\\n\\","        <div id=\"navbar\" class=\"collapse navbar-collapse\">\\n\\","            <ul class=\"nav navbar-nav navbar-right\">\\n\\","                <li><a href=\"#\">Dashboard</a></li>\\n\\","                <li><a href=\"#\">Settings</a></li>\\n\\","                <li><a href=\"#\">Profile</a></li>\\n\\","                <li><a href=\"#\">Help</a></li>\\n\\","            </ul>\\n\\","            <form class=\"navbar-form navbar-right\">\\n\\","                <input type=\"text\" class=\"form-control\" placeholder=\"Search...\">\\n\\","            </form>\\n\\","        </div>\\n\\","    </div>\\n\\","</nav>\\n\\","<div class=\"container-fluid\">\\n\\","    <div class=\"row\">\\n\\","        <div class=\"col-md-2 col-sm-3 sidebar\">\\n\\","            <ul class=\"nav nav-sidebar\">\\n\\","                <li class=\"active\"><a href=\"#\">Overview <span class=\"sr-only\">(current)</span></a></li>\\n\\","                <li><a href=\"#\">Reports</a></li>\\n\\","                <li><a href=\"#\">Analytics</a></li>\\n\\","                <li><a href=\"#\">Export</a></li>\\n\\","            </ul>\\n\\","            <ul class=\"nav nav-sidebar\">\\n\\","                <li><a href=\"\">Nav item</a></li>\\n\\","                <li><a href=\"\">Nav item again</a></li>\\n\\","                <li><a href=\"\">One more nav</a></li>\\n\\","                <li><a href=\"\">Another nav item</a></li>\\n\\","                <li><a href=\"\">More navigation</a></li>\\n\\","            </ul>\\n\\","            <ul class=\"nav nav-sidebar\">\\n\\","                <li><a href=\"\">Nav item again</a></li>\\n\\","                <li><a href=\"\">One more nav</a></li>\\n\\","                <li><a href=\"\">Another nav item</a></li>\\n\\","            </ul>\\n\\","        </div>\\n\\","        <div class=\"col-md-10 col-md-offset-2 col-sm-9 col-sm-offset-3 main\">\\n\\","\\n\\","\\n\\","\\n\\","<!-- Main jumbotron for a primary marketing message or call to action -->\\n\\","<div class=\"jumbotron\">\\n\\","    <h1>\\n\\","    <!-- utility2-comment\\n\\","        <a\\n\\","            {{#if env.npm_package_homepage}}\\n\\","            href=\"{{env.npm_package_homepage}}\"\\n\\","            {{/if env.npm_package_homepage}}\\n\\","            target=\"_blank\"\\n\\","        >\\n\\","    utility2-comment -->\\n\\","            {{env.npm_package_name}} ({{env.npm_package_version}})\\n\\","    <!-- utility2-comment\\n\\","        </a>\\n\\","    utility2-comment -->\\n\\","    </h1>\\n\\","    <p>{{env.npm_package_description}}</p>\\n\\","    <!-- utility2-comment\\n\\","    utility2-comment -->\\n\\","</div>\\n\\","<h1 class=\"page-header\">Dashboard</h1>\\n\\","<div class=\"placeholders row\">\\n\\","    <div class=\"col-sm-3 col-xs-6 placeholder\">\\n\\","        <img src=\"data:image/gif;base64,R0lGODlhAQABAIAAAHd3dwAAACH5BAAAAAAALAAAAAABAAEAAAICRAEAOw==\" width=\"200\" height=\"200\" class=\"img-responsive\" alt=\"Generic placeholder thumbnail\">\\n\\","        <h4>Label</h4>\\n\\","        <span class=\"text-muted\">Something else</span>\\n\\","    </div>\\n\\","    <div class=\"col-sm-3 col-xs-6 placeholder\">\\n\\","        <img src=\"data:image/gif;base64,R0lGODlhAQABAIAAAHd3dwAAACH5BAAAAAAALAAAAAABAAEAAAICRAEAOw==\" width=\"200\" height=\"200\" class=\"img-responsive\" alt=\"Generic placeholder thumbnail\">\\n\\","        <h4>Label</h4>\\n\\","        <span class=\"text-muted\">Something else</span>\\n\\","    </div>\\n\\","    <div class=\"col-sm-3 col-xs-6 placeholder\">\\n\\","        <img src=\"data:image/gif;base64,R0lGODlhAQABAIAAAHd3dwAAACH5BAAAAAAALAAAAAABAAEAAAICRAEAOw==\" width=\"200\" height=\"200\" class=\"img-responsive\" alt=\"Generic placeholder thumbnail\">\\n\\","        <h4>Label</h4>\\n\\","        <span class=\"text-muted\">Something else</span>\\n\\","    </div>\\n\\","    <div class=\"col-sm-3 col-xs-6 placeholder\">\\n\\","        <img src=\"data:image/gif;base64,R0lGODlhAQABAIAAAHd3dwAAACH5BAAAAAAALAAAAAABAAEAAAICRAEAOw==\" width=\"200\" height=\"200\" class=\"img-responsive\" alt=\"Generic placeholder thumbnail\">\\n\\","        <h4>Label</h4>\\n\\","        <span class=\"text-muted\">Something else</span>\\n\\","    </div>\\n\\","</div>\\n\\","<h2 class=\"sub-header\">Section title</h2>\\n\\","<div class=\"table-responsive\">\\n\\","    <table class=\"table table-striped\">\\n\\","        <thead>\\n\\","            <tr>\\n\\","                <th>#</th>\\n\\","                <th>Header</th>\\n\\","                <th>Header</th>\\n\\","                <th>Header</th>\\n\\","                <th>Header</th>\\n\\","            </tr>\\n\\","        </thead>\\n\\","        <tbody>\\n\\","            <tr>\\n\\","                <td>1,001</td>\\n\\","                <td>Lorem</td>\\n\\","                <td>ipsum</td>\\n\\","                <td>dolor</td>\\n\\","                <td>sit</td>\\n\\","            </tr>\\n\\","            <tr>\\n\\","                <td>1,002</td>\\n\\","                <td>amet</td>\\n\\","                <td>consectetur</td>\\n\\","                <td>adipiscing</td>\\n\\","                <td>elit</td>\\n\\","            </tr>\\n\\","            <tr>\\n\\","                <td>1,003</td>\\n\\","                <td>Integer</td>\\n\\","                <td>nec</td>\\n\\","                <td>odio</td>\\n\\","                <td>Praesent</td>\\n\\","            </tr>\\n\\","            <tr>\\n\\","                <td>1,003</td>\\n\\","                <td>libero</td>\\n\\","                <td>Sed</td>\\n\\","                <td>cursus</td>\\n\\","                <td>ante</td>\\n\\","            </tr>\\n\\","            <tr>\\n\\","                <td>1,004</td>\\n\\","                <td>dapibus</td>\\n\\","                <td>diam</td>\\n\\","                <td>Sed</td>\\n\\","                <td>nisi</td>\\n\\","            </tr>\\n\\","            <tr>\\n\\","                <td>1,005</td>\\n\\","                <td>Nulla</td>\\n\\","                <td>quis</td>\\n\\","                <td>sem</td>\\n\\","                <td>at</td>\\n\\","            </tr>\\n\\","            <tr>\\n\\","                <td>1,006</td>\\n\\","                <td>nibh</td>\\n\\","                <td>elementum</td>\\n\\","                <td>imperdiet</td>\\n\\","                <td>Duis</td>\\n\\","            </tr>\\n\\","            <tr>\\n\\","                <td>1,007</td>\\n\\","                <td>sagittis</td>\\n\\","                <td>ipsum</td>\\n\\","                <td>Praesent</td>\\n\\","                <td>mauris</td>\\n\\","            </tr>\\n\\","            <tr>\\n\\","                <td>1,008</td>\\n\\","                <td>Fusce</td>\\n\\","                <td>nec</td>\\n\\","                <td>tellus</td>\\n\\","                <td>sed</td>\\n\\","            </tr>\\n\\","            <tr>\\n\\","                <td>1,009</td>\\n\\","                <td>augue</td>\\n\\","                <td>semper</td>\\n\\","                <td>porta</td>\\n\\","                <td>Mauris</td>\\n\\","            </tr>\\n\\","            <tr>\\n\\","                <td>1,010</td>\\n\\","                <td>massa</td>\\n\\","                <td>Vestibulum</td>\\n\\","                <td>lacinia</td>\\n\\","                <td>arcu</td>\\n\\","            </tr>\\n\\","            <tr>\\n\\","                <td>1,011</td>\\n\\","                <td>eget</td>\\n\\","                <td>nulla</td>\\n\\","                <td>Class</td>\\n\\","                <td>aptent</td>\\n\\","            </tr>\\n\\","            <tr>\\n\\","                <td>1,012</td>\\n\\","                <td>taciti</td>\\n\\","                <td>sociosqu</td>\\n\\","                <td>ad</td>\\n\\","                <td>litora</td>\\n\\","            </tr>\\n\\","            <tr>\\n\\","                <td>1,013</td>\\n\\","                <td>torquent</td>\\n\\","                <td>per</td>\\n\\","                <td>conubia</td>\\n\\","                <td>nostra</td>\\n\\","            </tr>\\n\\","            <tr>\\n\\","                <td>1,014</td>\\n\\","                <td>per</td>\\n\\","                <td>inceptos</td>\\n\\","                <td>himenaeos</td>\\n\\","                <td>Curabitur</td>\\n\\","            </tr>\\n\\","            <tr>\\n\\","                <td>1,015</td>\\n\\","                <td>sodales</td>\\n\\","                <td>ligula</td>\\n\\","                <td>in</td>\\n\\","                <td>libero</td>\\n\\","            </tr>\\n\\","        </tbody>\\n\\","    </table>\\n\\","</div>\\n\\","<div class=\"page-header\">\\n\\","    <h1>Buttons</h1>\\n\\","</div>\\n\\","<p>\\n\\","    <button type=\"button\" class=\"btn btn-default btn-lg\">Default</button>\\n\\","    <button type=\"button\" class=\"btn btn-lg btn-primary\">Primary</button>\\n\\","    <button type=\"button\" class=\"btn btn-lg btn-success\">Success</button>\\n\\","    <button type=\"button\" class=\"btn btn-info btn-lg\">Info</button>\\n\\","    <button type=\"button\" class=\"btn btn-lg btn-warning\">Warning</button>\\n\\","    <button type=\"button\" class=\"btn btn-danger btn-lg\">Danger</button>\\n\\","    <button type=\"button\" class=\"btn btn-lg btn-link\">Link</button>\\n\\","</p>\\n\\","<p>\\n\\","    <button type=\"button\" class=\"btn btn-default\">Default</button>\\n\\","    <button type=\"button\" class=\"btn btn-primary\">Primary</button>\\n\\","    <button type=\"button\" class=\"btn btn-success\">Success</button>\\n\\","    <button type=\"button\" class=\"btn btn-info\">Info</button>\\n\\","    <button type=\"button\" class=\"btn btn-warning\">Warning</button>\\n\\","    <button type=\"button\" class=\"btn btn-danger\">Danger</button>\\n\\","    <button type=\"button\" class=\"btn btn-link\">Link</button>\\n\\","</p>\\n\\","<p>\\n\\","    <button type=\"button\" class=\"btn btn-default btn-sm\">Default</button>\\n\\","    <button type=\"button\" class=\"btn btn-primary btn-sm\">Primary</button>\\n\\","    <button type=\"button\" class=\"btn btn-sm btn-success\">Success</button>\\n\\","    <button type=\"button\" class=\"btn btn-info btn-sm\">Info</button>\\n\\","    <button type=\"button\" class=\"btn btn-sm btn-warning\">Warning</button>\\n\\","    <button type=\"button\" class=\"btn btn-danger btn-sm\">Danger</button>\\n\\","    <button type=\"button\" class=\"btn btn-link btn-sm\">Link</button>\\n\\","</p>\\n\\","<p>\\n\\","    <button type=\"button\" class=\"btn btn-default btn-xs\">Default</button>\\n\\","    <button type=\"button\" class=\"btn btn-primary btn-xs\">Primary</button>\\n\\","    <button type=\"button\" class=\"btn btn-success btn-xs\">Success</button>\\n\\","    <button type=\"button\" class=\"btn btn-info btn-xs\">Info</button>\\n\\","    <button type=\"button\" class=\"btn btn-warning btn-xs\">Warning</button>\\n\\","    <button type=\"button\" class=\"btn btn-danger btn-xs\">Danger</button>\\n\\","    <button type=\"button\" class=\"btn btn-link btn-xs\">Link</button>\\n\\","</p>\\n\\","<div class=\"page-header\">\\n\\","    <h1>Tables</h1>\\n\\","</div>\\n\\","<div class=\"row\">\\n\\","    <div class=\"col-md-6\">\\n\\","        <table class=\"table\">\\n\\","            <thead>\\n\\","                <tr>\\n\\","                    <th>#</th>\\n\\","                    <th>First Name</th>\\n\\","                    <th>Last Name</th>\\n\\","                    <th>Username</th>\\n\\","                </tr>\\n\\","            </thead>\\n\\","            <tbody>\\n\\","                <tr>\\n\\","                    <td>1</td>\\n\\","                    <td>Mark</td>\\n\\","                    <td>Otto</td>\\n\\","                    <td>@mdo</td>\\n\\","                </tr>\\n\\","                <tr>\\n\\","                    <td>2</td>\\n\\","                    <td>Jacob</td>\\n\\","                    <td>Thornton</td>\\n\\","                    <td>@fat</td>\\n\\","                </tr>\\n\\","                <tr>\\n\\","                    <td>3</td>\\n\\","                    <td>Larry</td>\\n\\","                    <td>the Bird</td>\\n\\","                    <td>@twitter</td>\\n\\","                </tr>\\n\\","            </tbody>\\n\\","        </table>\\n\\","    </div>\\n\\","    <div class=\"col-md-6\">\\n\\","        <table class=\"table table-striped\">\\n\\","            <thead>\\n\\","                <tr>\\n\\","                    <th>#</th>\\n\\","                    <th>First Name</th>\\n\\","                    <th>Last Name</th>\\n\\","                    <th>Username</th>\\n\\","                </tr>\\n\\","            </thead>\\n\\","            <tbody>\\n\\","                <tr>\\n\\","                    <td>1</td>\\n\\","                    <td>Mark</td>\\n\\","                    <td>Otto</td>\\n\\","                    <td>@mdo</td>\\n\\","                </tr>\\n\\","                <tr>\\n\\","                    <td>2</td>\\n\\","                    <td>Jacob</td>\\n\\","                    <td>Thornton</td>\\n\\","                    <td>@fat</td>\\n\\","                </tr>\\n\\","                <tr>\\n\\","                    <td>3</td>\\n\\","                    <td>Larry</td>\\n\\","                    <td>the Bird</td>\\n\\","                    <td>@twitter</td>\\n\\","                </tr>\\n\\","            </tbody>\\n\\","        </table>\\n\\","    </div>\\n\\","</div>\\n\\","<div class=\"row\">\\n\\","    <div class=\"col-md-6\">\\n\\","        <table class=\"table table-bordered\">\\n\\","            <thead>\\n\\","                <tr>\\n\\","                    <th>#</th>\\n\\","                    <th>First Name</th>\\n\\","                    <th>Last Name</th>\\n\\","                    <th>Username</th>\\n\\","                </tr>\\n\\","            </thead>\\n\\","            <tbody>\\n\\","                <tr>\\n\\","                    <td rowspan=\"2\">1</td>\\n\\","                    <td>Mark</td>\\n\\","                    <td>Otto</td>\\n\\","                    <td>@mdo</td>\\n\\","                </tr>\\n\\","                <tr>\\n\\","                    <td>Mark</td>\\n\\","                    <td>Otto</td>\\n\\","                    <td>@TwBootstrap</td>\\n\\","                </tr>\\n\\","                <tr>\\n\\","                    <td>2</td>\\n\\","                    <td>Jacob</td>\\n\\","                    <td>Thornton</td>\\n\\","                    <td>@fat</td>\\n\\","                </tr>\\n\\","                <tr>\\n\\","                    <td>3</td>\\n\\","                    <td colspan=\"2\">Larry the Bird</td>\\n\\","                    <td>@twitter</td>\\n\\","                </tr>\\n\\","            </tbody>\\n\\","        </table>\\n\\","    </div>\\n\\","    <div class=\"col-md-6\">\\n\\","        <table class=\"table table-condensed\">\\n\\","            <thead>\\n\\","                <tr>\\n\\","                    <th>#</th>\\n\\","                    <th>First Name</th>\\n\\","                    <th>Last Name</th>\\n\\","                    <th>Username</th>\\n\\","                </tr>\\n\\","            </thead>\\n\\","            <tbody>\\n\\","                <tr>\\n\\","                    <td>1</td>\\n\\","                    <td>Mark</td>\\n\\","                    <td>Otto</td>\\n\\","                    <td>@mdo</td>\\n\\","                </tr>\\n\\","                <tr>\\n\\","                    <td>2</td>\\n\\","                    <td>Jacob</td>\\n\\","                    <td>Thornton</td>\\n\\","                    <td>@fat</td>\\n\\","                </tr>\\n\\","                <tr>\\n\\","                    <td>3</td>\\n\\","                    <td colspan=\"2\">Larry the Bird</td>\\n\\","                    <td>@twitter</td>\\n\\","                </tr>\\n\\","            </tbody>\\n\\","        </table>\\n\\","    </div>\\n\\","</div>\\n\\","<div class=\"page-header\">\\n\\","    <h1>Thumbnails</h1>\\n\\","</div>\\n\\","<img data-src=\"holder.js/200x200\" class=\"img-thumbnail\" alt=\"200x200\" style=\"width: 200px; height: 200px;\" src=\"data:image/svg+xml;base64,PD94bWwgdmVyc2lvbj0iMS4wIiBlbmNvZGluZz0iVVRGLTgiIHN0YW5kYWxvbmU9InllcyI/PjxzdmcgeG1sbnM9Imh0dHA6Ly93d3cudzMub3JnLzIwMDAvc3ZnIiB3aWR0aD0iMjAwIiBoZWlnaHQ9IjIwMCIgdmlld0JveD0iMCAwIDIwMCAyMDAiIHByZXNlcnZlQXNwZWN0UmF0aW89Im5vbmUiPjwhLS0KU291cmNlIFVSTDogaG9sZGVyLmpzLzIwMHgyMDAKQ3JlYXRlZCB3aXRoIEhvbGRlci5qcyAyLjYuMC4KTGVhcm4gbW9yZSBhdCBodHRwOi8vaG9sZGVyanMuY29tCihjKSAyMDEyLTIwMTUgSXZhbiBNYWxvcGluc2t5IC0gaHR0cDovL2ltc2t5LmNvCi0tPjxkZWZzPjxzdHlsZSB0eXBlPSJ0ZXh0L2NzcyI+PCFbQ0RBVEFbI2hvbGRlcl8xNjUzMTZiODJmOSB0ZXh0IHsgZmlsbDojQUFBQUFBO2ZvbnQtd2VpZ2h0OmJvbGQ7Zm9udC1mYW1pbHk6QXJpYWwsIEhlbHZldGljYSwgT3BlbiBTYW5zLCBzYW5zLXNlcmlmLCBtb25vc3BhY2U7Zm9udC1zaXplOjEwcHQgfSBdXT48L3N0eWxlPjwvZGVmcz48ZyBpZD0iaG9sZGVyXzE2NTMxNmI4MmY5Ij48cmVjdCB3aWR0aD0iMjAwIiBoZWlnaHQ9IjIwMCIgZmlsbD0iI0VFRUVFRSIvPjxnPjx0ZXh0IHg9Ijc0LjA0Njg3NSIgeT0iMTA0LjM5Njg3NSI+MjAweDIwMDwvdGV4dD48L2c+PC9nPjwvc3ZnPg==\" data-holder-rendered=\"true\">\\n\\","<div class=\"page-header\">\\n\\","    <h1>Labels</h1>\\n\\","</div>\\n\\","<h1>\\n\\","    <span class=\"label label-default\">Default</span>\\n\\","    <span class=\"label label-primary\">Primary</span>\\n\\","    <span class=\"label label-success\">Success</span>\\n\\","    <span class=\"label label-info\">Info</span>\\n\\","    <span class=\"label label-warning\">Warning</span>\\n\\","    <span class=\"label label-danger\">Danger</span>\\n\\","</h1>\\n\\","<h2>\\n\\","    <span class=\"label label-default\">Default</span>\\n\\","    <span class=\"label label-primary\">Primary</span>\\n\\","    <span class=\"label label-success\">Success</span>\\n\\","    <span class=\"label label-info\">Info</span>\\n\\","    <span class=\"label label-warning\">Warning</span>\\n\\","    <span class=\"label label-danger\">Danger</span>\\n\\","</h2>\\n\\","<h3>\\n\\","    <span class=\"label label-default\">Default</span>\\n\\","    <span class=\"label label-primary\">Primary</span>\\n\\","    <span class=\"label label-success\">Success</span>\\n\\","    <span class=\"label label-info\">Info</span>\\n\\","    <span class=\"label label-warning\">Warning</span>\\n\\","    <span class=\"label label-danger\">Danger</span>\\n\\","</h3>\\n\\","<h4>\\n\\","    <span class=\"label label-default\">Default</span>\\n\\","    <span class=\"label label-primary\">Primary</span>\\n\\","    <span class=\"label label-success\">Success</span>\\n\\","    <span class=\"label label-info\">Info</span>\\n\\","    <span class=\"label label-warning\">Warning</span>\\n\\","    <span class=\"label label-danger\">Danger</span>\\n\\","</h4>\\n\\","<h5>\\n\\","    <span class=\"label label-default\">Default</span>\\n\\","    <span class=\"label label-primary\">Primary</span>\\n\\","    <span class=\"label label-success\">Success</span>\\n\\","    <span class=\"label label-info\">Info</span>\\n\\","    <span class=\"label label-warning\">Warning</span>\\n\\","    <span class=\"label label-danger\">Danger</span>\\n\\","</h5>\\n\\","<h6>\\n\\","    <span class=\"label label-default\">Default</span>\\n\\","    <span class=\"label label-primary\">Primary</span>\\n\\","    <span class=\"label label-success\">Success</span>\\n\\","    <span class=\"label label-info\">Info</span>\\n\\","    <span class=\"label label-warning\">Warning</span>\\n\\","    <span class=\"label label-danger\">Danger</span>\\n\\","</h6>\\n\\","<p>\\n\\","    <span class=\"label label-default\">Default</span>\\n\\","    <span class=\"label label-primary\">Primary</span>\\n\\","    <span class=\"label label-success\">Success</span>\\n\\","    <span class=\"label label-info\">Info</span>\\n\\","    <span class=\"label label-warning\">Warning</span>\\n\\","    <span class=\"label label-danger\">Danger</span>\\n\\","</p>\\n\\","<div class=\"page-header\">\\n\\","    <h1>Badges</h1>\\n\\","</div>\\n\\","<p>\\n\\","    <a href=\"#\">Inbox <span class=\"badge\">42</span></a>\\n\\","</p>\\n\\","<ul class=\"nav nav-pills\" role=\"tablist\">\\n\\","    <li role=\"presentation\" class=\"active\"><a href=\"#\">Home <span class=\"badge\">42</span></a></li>\\n\\","    <li role=\"presentation\"><a href=\"#\">Profile</a></li>\\n\\","    <li role=\"presentation\"><a href=\"#\">Messages <span class=\"badge\">3</span></a></li>\\n\\","</ul>\\n\\","<div class=\"page-header\">\\n\\","    <h1>Dropdown menus</h1>\\n\\","</div>\\n\\","<div class=\"clearfix dropdown theme-dropdown\">\\n\\","    <a id=\"dropdownMenu1\" href=\"#\" class=\"dropdown-toggle sr-only\" data-toggle=\"dropdown\" role=\"button\" aria-haspopup=\"true\" aria-expanded=\"false\">Dropdown <span class=\"caret\"></span></a>\\n\\","    <ul class=\"dropdown-menu\" aria-labelledby=\"dropdownMenu1\">\\n\\","        <li class=\"active\"><a href=\"#\">Action</a></li>\\n\\","        <li><a href=\"#\">Another action</a></li>\\n\\","        <li><a href=\"#\">Something else here</a></li>\\n\\","        <li role=\"separator\" class=\"divider\"></li>\\n\\","        <li><a href=\"#\">Separated link</a></li>\\n\\","    </ul>\\n\\","</div>\\n\\","<div class=\"page-header\">\\n\\","    <h1>Navs</h1>\\n\\","</div>\\n\\","<ul class=\"nav nav-tabs\" role=\"tablist\">\\n\\","    <li role=\"presentation\" class=\"active\"><a href=\"#\">Home</a></li>\\n\\","    <li role=\"presentation\"><a href=\"#\">Profile</a></li>\\n\\","    <li role=\"presentation\"><a href=\"#\">Messages</a></li>\\n\\","</ul>\\n\\","<ul class=\"nav nav-pills\" role=\"tablist\">\\n\\","    <li role=\"presentation\" class=\"active\"><a href=\"#\">Home</a></li>\\n\\","    <li role=\"presentation\"><a href=\"#\">Profile</a></li>\\n\\","    <li role=\"presentation\"><a href=\"#\">Messages</a></li>\\n\\","</ul>\\n\\","<div class=\"page-header\">\\n\\","    <h1>Navbars</h1>\\n\\","</div>\\n\\","<nav class=\"navbar navbar-default\">\\n\\","    <div class=\"container\">\\n\\","        <div class=\"navbar-header\">\\n\\","            <button type=\"button\" class=\"collapsed navbar-toggle\" data-toggle=\"collapse\" data-target=\".navbar-collapse\">\\n\\","                <span class=\"sr-only\">Toggle navigation</span>\\n\\","                <span class=\"icon-bar\"></span>\\n\\","                <span class=\"icon-bar\"></span>\\n\\","                <span class=\"icon-bar\"></span>\\n\\","            </button>\\n\\","            <a class=\"navbar-brand\" href=\"#\">Project name</a>\\n\\","        </div>\\n\\","        <div class=\"collapse navbar-collapse\">\\n\\","            <ul class=\"nav navbar-nav\">\\n\\","                <li class=\"active\"><a href=\"#\">Home</a></li>\\n\\","                <li><a href=\"#about\">About</a></li>\\n\\","                <li><a href=\"#contact\">Contact</a></li>\\n\\","                <li class=\"dropdown\">\\n\\","                    <a href=\"#\" class=\"dropdown-toggle\" data-toggle=\"dropdown\" role=\"button\" aria-haspopup=\"true\" aria-expanded=\"false\">Dropdown <span class=\"caret\"></span></a>\\n\\","                    <ul class=\"dropdown-menu\">\\n\\","                        <li><a href=\"#\">Action</a></li>\\n\\","                        <li><a href=\"#\">Another action</a></li>\\n\\","                        <li><a href=\"#\">Something else here</a></li>\\n\\","                        <li role=\"separator\" class=\"divider\"></li>\\n\\","                        <li class=\"dropdown-header\">Nav header</li>\\n\\","                        <li><a href=\"#\">Separated link</a></li>\\n\\","                        <li><a href=\"#\">One more separated link</a></li>\\n\\","                    </ul>\\n\\","                </li>\\n\\","            </ul>\\n\\","        </div><!--/.nav-collapse -->\\n\\","    </div>\\n\\","</nav>\\n\\","<nav class=\"navbar navbar-inverse\">\\n\\","    <div class=\"container\">\\n\\","        <div class=\"navbar-header\">\\n\\","            <button type=\"button\" class=\"collapsed navbar-toggle\" data-toggle=\"collapse\" data-target=\".navbar-collapse\">\\n\\","                <span class=\"sr-only\">Toggle navigation</span>\\n\\","                <span class=\"icon-bar\"></span>\\n\\","                <span class=\"icon-bar\"></span>\\n\\","                <span class=\"icon-bar\"></span>\\n\\","            </button>\\n\\","            <a class=\"navbar-brand\" href=\"#\">Project name</a>\\n\\","        </div>\\n\\","        <div class=\"collapse navbar-collapse\">\\n\\","            <ul class=\"nav navbar-nav\">\\n\\","                <li class=\"active\"><a href=\"#\">Home</a></li>\\n\\","                <li><a href=\"#about\">About</a></li>\\n\\","                <li><a href=\"#contact\">Contact</a></li>\\n\\","                <li class=\"dropdown\">\\n\\","                    <a href=\"#\" class=\"dropdown-toggle\" data-toggle=\"dropdown\" role=\"button\" aria-haspopup=\"true\" aria-expanded=\"false\">Dropdown <span class=\"caret\"></span></a>\\n\\","                    <ul class=\"dropdown-menu\">\\n\\","                        <li><a href=\"#\">Action</a></li>\\n\\","                        <li><a href=\"#\">Another action</a></li>\\n\\","                        <li><a href=\"#\">Something else here</a></li>\\n\\","                        <li role=\"separator\" class=\"divider\"></li>\\n\\","                        <li class=\"dropdown-header\">Nav header</li>\\n\\","                        <li><a href=\"#\">Separated link</a></li>\\n\\","                        <li><a href=\"#\">One more separated link</a></li>\\n\\","                    </ul>\\n\\","                </li>\\n\\","            </ul>\\n\\","        </div><!--/.nav-collapse -->\\n\\","    </div>\\n\\","</nav>\\n\\","<div class=\"page-header\">\\n\\","    <h1>Alerts</h1>\\n\\","</div>\\n\\","<div class=\"alert alert-success\" role=\"alert\">\\n\\","    <strong>Well done!</strong> You successfully read this important alert message.\\n\\","</div>\\n\\","<div class=\"alert alert-info\" role=\"alert\">\\n\\","    <strong>Heads up!</strong> This alert needs your attention, but it\\'s not super important.\\n\\","</div>\\n\\","<div class=\"alert alert-warning\" role=\"alert\">\\n\\","    <strong>Warning!</strong> Best check yo self, you\\'re not looking too good.\\n\\","</div>\\n\\","<div class=\"alert alert-danger\" role=\"alert\">\\n\\","    <strong>Oh snap!</strong> Change a few things up and try submitting again.\\n\\","</div>\\n\\","<div class=\"page-header\">\\n\\","    <h1>Progress bars</h1>\\n\\","</div>\\n\\","<div class=\"progress\">\\n\\","    <div class=\"progress-bar\" role=\"progressbar\" aria-valuenow=\"60\" aria-valuemin=\"0\" aria-valuemax=\"100\" style=\"width: 60%;\"><span class=\"sr-only\">60% Complete</span></div>\\n\\","</div>\\n\\","<div class=\"progress\">\\n\\","    <div class=\"progress-bar progress-bar-success\" role=\"progressbar\" aria-valuenow=\"40\" aria-valuemin=\"0\" aria-valuemax=\"100\" style=\"width: 40%\"><span class=\"sr-only\">40% Complete (success)</span></div>\\n\\","</div>\\n\\","<div class=\"progress\">\\n\\","    <div class=\"progress-bar progress-bar-info\" role=\"progressbar\" aria-valuenow=\"20\" aria-valuemin=\"0\" aria-valuemax=\"100\" style=\"width: 20%\"><span class=\"sr-only\">20% Complete</span></div>\\n\\","</div>\\n\\","<div class=\"progress\">\\n\\","    <div class=\"progress-bar progress-bar-warning\" role=\"progressbar\" aria-valuenow=\"60\" aria-valuemin=\"0\" aria-valuemax=\"100\" style=\"width: 60%\"><span class=\"sr-only\">60% Complete (warning)</span></div>\\n\\","</div>\\n\\","<div class=\"progress\">\\n\\","    <div class=\"progress-bar progress-bar-danger\" role=\"progressbar\" aria-valuenow=\"80\" aria-valuemin=\"0\" aria-valuemax=\"100\" style=\"width: 80%\"><span class=\"sr-only\">80% Complete (danger)</span></div>\\n\\","</div>\\n\\","<div class=\"progress\">\\n\\","    <div class=\"progress-bar progress-bar-striped\" role=\"progressbar\" aria-valuenow=\"60\" aria-valuemin=\"0\" aria-valuemax=\"100\" style=\"width: 60%\"><span class=\"sr-only\">60% Complete</span></div>\\n\\","</div>\\n\\","<div class=\"progress\">\\n\\","    <div class=\"progress-bar progress-bar-success\" style=\"width: 35%\"><span class=\"sr-only\">35% Complete (success)</span></div>\\n\\","    <div class=\"progress-bar progress-bar-warning\" style=\"width: 20%\"><span class=\"sr-only\">20% Complete (warning)</span></div>\\n\\","    <div class=\"progress-bar progress-bar-danger\" style=\"width: 10%\"><span class=\"sr-only\">10% Complete (danger)</span></div>\\n\\","</div>\\n\\","<div class=\"page-header\">\\n\\","    <h1>List groups</h1>\\n\\","</div>\\n\\","<div class=\"row\">\\n\\","    <div class=\"col-sm-4\">\\n\\","        <ul class=\"list-group\">\\n\\","            <li class=\"list-group-item\">Cras justo odio</li>\\n\\","            <li class=\"list-group-item\">Dapibus ac facilisis in</li>\\n\\","            <li class=\"list-group-item\">Morbi leo risus</li>\\n\\","            <li class=\"list-group-item\">Porta ac consectetur ac</li>\\n\\","            <li class=\"list-group-item\">Vestibulum at eros</li>\\n\\","        </ul>\\n\\","    </div><!-- /.col-sm-4 -->\\n\\","    <div class=\"col-sm-4\">\\n\\","        <div class=\"list-group\">\\n\\","            <a href=\"#\" class=\"active list-group-item\">\\n\\","                Cras justo odio\\n\\","            </a>\\n\\","            <a href=\"#\" class=\"list-group-item\">Dapibus ac facilisis in</a>\\n\\","            <a href=\"#\" class=\"list-group-item\">Morbi leo risus</a>\\n\\","            <a href=\"#\" class=\"list-group-item\">Porta ac consectetur ac</a>\\n\\","            <a href=\"#\" class=\"list-group-item\">Vestibulum at eros</a>\\n\\","        </div>\\n\\","    </div><!-- /.col-sm-4 -->\\n\\","    <div class=\"col-sm-4\">\\n\\","        <div class=\"list-group\">\\n\\","            <a href=\"#\" class=\"active list-group-item\">\\n\\","                <h4 class=\"list-group-item-heading\">List group item heading</h4>\\n\\","                <p class=\"list-group-item-text\">Donec id elit non mi porta gravida at eget metus. Maecenas sed diam eget risus varius blandit.</p>\\n\\","            </a>\\n\\","            <a href=\"#\" class=\"list-group-item\">\\n\\","                <h4 class=\"list-group-item-heading\">List group item heading</h4>\\n\\","                <p class=\"list-group-item-text\">Donec id elit non mi porta gravida at eget metus. Maecenas sed diam eget risus varius blandit.</p>\\n\\","            </a>\\n\\","            <a href=\"#\" class=\"list-group-item\">\\n\\","                <h4 class=\"list-group-item-heading\">List group item heading</h4>\\n\\","                <p class=\"list-group-item-text\">Donec id elit non mi porta gravida at eget metus. Maecenas sed diam eget risus varius blandit.</p>\\n\\","            </a>\\n\\","        </div>\\n\\","    </div><!-- /.col-sm-4 -->\\n\\","</div>\\n\\","<div class=\"page-header\">\\n\\","    <h1>Panels</h1>\\n\\","</div>\\n\\","<div class=\"row\">\\n\\","    <div class=\"col-sm-4\">\\n\\","        <div class=\"panel panel-default\">\\n\\","            <div class=\"panel-heading\">\\n\\","                <h3 class=\"panel-title\">Panel title</h3>\\n\\","            </div>\\n\\","            <div class=\"panel-body\">\\n\\","                Panel content\\n\\","            </div>\\n\\","        </div>\\n\\","        <div class=\"panel panel-primary\">\\n\\","            <div class=\"panel-heading\">\\n\\","                <h3 class=\"panel-title\">Panel title</h3>\\n\\","            </div>\\n\\","            <div class=\"panel-body\">\\n\\","                Panel content\\n\\","            </div>\\n\\","        </div>\\n\\","    </div><!-- /.col-sm-4 -->\\n\\","    <div class=\"col-sm-4\">\\n\\","        <div class=\"panel panel-success\">\\n\\","            <div class=\"panel-heading\">\\n\\","                <h3 class=\"panel-title\">Panel title</h3>\\n\\","            </div>\\n\\","            <div class=\"panel-body\">\\n\\","                Panel content\\n\\","            </div>\\n\\","        </div>\\n\\","        <div class=\"panel panel-info\">\\n\\","            <div class=\"panel-heading\">\\n\\","                <h3 class=\"panel-title\">Panel title</h3>\\n\\","            </div>\\n\\","            <div class=\"panel-body\">\\n\\","                Panel content\\n\\","            </div>\\n\\","        </div>\\n\\","    </div><!-- /.col-sm-4 -->\\n\\","    <div class=\"col-sm-4\">\\n\\","        <div class=\"panel panel-warning\">\\n\\","            <div class=\"panel-heading\">\\n\\","                <h3 class=\"panel-title\">Panel title</h3>\\n\\","            </div>\\n\\","            <div class=\"panel-body\">\\n\\","                Panel content\\n\\","            </div>\\n\\","        </div>\\n\\","        <div class=\"panel panel-danger\">\\n\\","            <div class=\"panel-heading\">\\n\\","                <h3 class=\"panel-title\">Panel title</h3>\\n\\","            </div>\\n\\","            <div class=\"panel-body\">\\n\\","                Panel content\\n\\","            </div>\\n\\","        </div>\\n\\","    </div><!-- /.col-sm-4 -->\\n\\","</div>\\n\\","<div class=\"page-header\">\\n\\","    <h1>Wells</h1>\\n\\","</div>\\n\\","<div class=\"well\">\\n\\","    <p>Lorem ipsum dolor sit amet, consectetur adipiscing elit. Maecenas sed diam eget risus varius blandit sit amet non magna. Lorem ipsum dolor sit amet, consectetur adipiscing elit. Praesent commodo cursus magna, vel scelerisque nisl consectetur et. Cras mattis consectetur purus sit amet fermentum. Duis mollis, est non commodo luctus, nisi erat porttitor ligula, eget lacinia odio sem nec elit. Aenean lacinia bibendum nulla sed consectetur.</p>\\n\\","</div>\\n\\","<div class=\"page-header\">\\n\\","    <h1>Carousel</h1>\\n\\","</div>\\n\\","<div id=\"carousel-example-generic\" class=\"carousel slide\" data-ride=\"carousel\">\\n\\","    <ol class=\"carousel-indicators\">\\n\\","        <li data-target=\"#carousel-example-generic\" data-slide-to=\"0\" class=\"active\"></li>\\n\\","        <li data-target=\"#carousel-example-generic\" data-slide-to=\"1\" class=\"\"></li>\\n\\","        <li data-target=\"#carousel-example-generic\" data-slide-to=\"2\" class=\"\"></li>\\n\\","    </ol>\\n\\","    <div class=\"carousel-inner\" role=\"listbox\">\\n\\","        <div class=\"active item\">\\n\\","            <img data-src=\"holder.js/1140x500/auto/#777:#555/text:First slide\" alt=\"First slide [1140x500]\" src=\"data:image/svg+xml;base64,PD94bWwgdmVyc2lvbj0iMS4wIiBlbmNvZGluZz0iVVRGLTgiIHN0YW5kYWxvbmU9InllcyI/PjxzdmcgeG1sbnM9Imh0dHA6Ly93d3cudzMub3JnLzIwMDAvc3ZnIiB3aWR0aD0iMTE0MCIgaGVpZ2h0PSI1MDAiIHZpZXdCb3g9IjAgMCAxMTQwIDUwMCIgcHJlc2VydmVBc3BlY3RSYXRpbz0ibm9uZSI+PCEtLQpTb3VyY2UgVVJMOiBob2xkZXIuanMvMTE0MHg1MDAvYXV0by8jNzc3OiM1NTUvdGV4dDpGaXJzdCBzbGlkZQpDcmVhdGVkIHdpdGggSG9sZGVyLmpzIDIuNi4wLgpMZWFybiBtb3JlIGF0IGh0dHA6Ly9ob2xkZXJqcy5jb20KKGMpIDIwMTItMjAxNSBJdmFuIE1hbG9waW5za3kgLSBodHRwOi8vaW1za3kuY28KLS0+PGRlZnM+PHN0eWxlIHR5cGU9InRleHQvY3NzIj48IVtDREFUQVsjaG9sZGVyXzE2NTMwY2ZjZGFlIHRleHQgeyBmaWxsOiM1NTU7Zm9udC13ZWlnaHQ6Ym9sZDtmb250LWZhbWlseTpBcmlhbCwgSGVsdmV0aWNhLCBPcGVuIFNhbnMsIHNhbnMtc2VyaWYsIG1vbm9zcGFjZTtmb250LXNpemU6NTdwdCB9IF1dPjwvc3R5bGU+PC9kZWZzPjxnIGlkPSJob2xkZXJfMTY1MzBjZmNkYWUiPjxyZWN0IHdpZHRoPSIxMTQwIiBoZWlnaHQ9IjUwMCIgZmlsbD0iIzc3NyIvPjxnPjx0ZXh0IHg9IjM5MC41MDc4MTI1IiB5PSIyNzUuMzk2ODc1Ij5GaXJzdCBzbGlkZTwvdGV4dD48L2c+PC9nPjwvc3ZnPg==\" data-holder-rendered=\"true\">\\n\\","        </div>\\n\\","        <div class=\"item\">\\n\\","            <img data-src=\"holder.js/1140x500/auto/#666:#444/text:Second slide\" alt=\"Second slide [1140x500]\" src=\"data:image/svg+xml;base64,PD94bWwgdmVyc2lvbj0iMS4wIiBlbmNvZGluZz0iVVRGLTgiIHN0YW5kYWxvbmU9InllcyI/PjxzdmcgeG1sbnM9Imh0dHA6Ly93d3cudzMub3JnLzIwMDAvc3ZnIiB3aWR0aD0iMTE0MCIgaGVpZ2h0PSI1MDAiIHZpZXdCb3g9IjAgMCAxMTQwIDUwMCIgcHJlc2VydmVBc3BlY3RSYXRpbz0ibm9uZSI+PCEtLQpTb3VyY2UgVVJMOiBob2xkZXIuanMvMTE0MHg1MDAvYXV0by8jNjY2OiM0NDQvdGV4dDpTZWNvbmQgc2xpZGUKQ3JlYXRlZCB3aXRoIEhvbGRlci5qcyAyLjYuMC4KTGVhcm4gbW9yZSBhdCBodHRwOi8vaG9sZGVyanMuY29tCihjKSAyMDEyLTIwMTUgSXZhbiBNYWxvcGluc2t5IC0gaHR0cDovL2ltc2t5LmNvCi0tPjxkZWZzPjxzdHlsZSB0eXBlPSJ0ZXh0L2NzcyI+PCFbQ0RBVEFbI2hvbGRlcl8xNjUzMGNmNzAxOSB0ZXh0IHsgZmlsbDojNDQ0O2ZvbnQtd2VpZ2h0OmJvbGQ7Zm9udC1mYW1pbHk6QXJpYWwsIEhlbHZldGljYSwgT3BlbiBTYW5zLCBzYW5zLXNlcmlmLCBtb25vc3BhY2U7Zm9udC1zaXplOjU3cHQgfSBdXT48L3N0eWxlPjwvZGVmcz48ZyBpZD0iaG9sZGVyXzE2NTMwY2Y3MDE5Ij48cmVjdCB3aWR0aD0iMTE0MCIgaGVpZ2h0PSI1MDAiIGZpbGw9IiM2NjYiLz48Zz48dGV4dCB4PSIzMzUuNjAxNTYyNSIgeT0iMjc1LjM5Njg3NSI+U2Vjb25kIHNsaWRlPC90ZXh0PjwvZz48L2c+PC9zdmc+\" data-holder-rendered=\"true\">\\n\\","        </div>\\n\\","        <div class=\"item\">\\n\\","            <img data-src=\"holder.js/1140x500/auto/#555:#333/text:Third slide\" alt=\"Third slide [1140x500]\" src=\"data:image/svg+xml;base64,PD94bWwgdmVyc2lvbj0iMS4wIiBlbmNvZGluZz0iVVRGLTgiIHN0YW5kYWxvbmU9InllcyI/PjxzdmcgeG1sbnM9Imh0dHA6Ly93d3cudzMub3JnLzIwMDAvc3ZnIiB3aWR0aD0iMTE0MCIgaGVpZ2h0PSI1MDAiIHZpZXdCb3g9IjAgMCAxMTQwIDUwMCIgcHJlc2VydmVBc3BlY3RSYXRpbz0ibm9uZSI+PCEtLQpTb3VyY2UgVVJMOiBob2xkZXIuanMvMTE0MHg1MDAvYXV0by8jNTU1OiMzMzMvdGV4dDpUaGlyZCBzbGlkZQpDcmVhdGVkIHdpdGggSG9sZGVyLmpzIDIuNi4wLgpMZWFybiBtb3JlIGF0IGh0dHA6Ly9ob2xkZXJqcy5jb20KKGMpIDIwMTItMjAxNSBJdmFuIE1hbG9waW5za3kgLSBodHRwOi8vaW1za3kuY28KLS0+PGRlZnM+PHN0eWxlIHR5cGU9InRleHQvY3NzIj48IVtDREFUQVsjaG9sZGVyXzE2NTMwY2ZjYzFjIHRleHQgeyBmaWxsOiMzMzM7Zm9udC13ZWlnaHQ6Ym9sZDtmb250LWZhbWlseTpBcmlhbCwgSGVsdmV0aWNhLCBPcGVuIFNhbnMsIHNhbnMtc2VyaWYsIG1vbm9zcGFjZTtmb250LXNpemU6NTdwdCB9IF1dPjwvc3R5bGU+PC9kZWZzPjxnIGlkPSJob2xkZXJfMTY1MzBjZmNjMWMiPjxyZWN0IHdpZHRoPSIxMTQwIiBoZWlnaHQ9IjUwMCIgZmlsbD0iIzU1NSIvPjxnPjx0ZXh0IHg9IjM3Ny44NjcxODc1IiB5PSIyNzUuMzk2ODc1Ij5UaGlyZCBzbGlkZTwvdGV4dD48L2c+PC9nPjwvc3ZnPg==\" data-holder-rendered=\"true\">\\n\\","        </div>\\n\\","    </div>\\n\\","    <a class=\"carousel-control left\" href=\"#carousel-example-generic\" role=\"button\" data-slide=\"prev\">\\n\\","        <span class=\"glyphicon glyphicon-chevron-left\" aria-hidden=\"true\"></span>\\n\\","        <span class=\"sr-only\">Previous</span>\\n\\","    </a>\\n\\","    <a class=\"carousel-control right\" href=\"#carousel-example-generic\" role=\"button\" data-slide=\"next\">\\n\\","        <span class=\"glyphicon glyphicon-chevron-right\" aria-hidden=\"true\"></span>\\n\\","        <span class=\"sr-only\">Next</span>\\n\\","    </a>\\n\\","</div>\\n\\","\\n\\","\\n\\","\\n\\","        </div>\\n\\","    </div>\\n\\","</div>\\n\\","<!-- Bootstrap core JavaScript\\n\\","================================================== -->\\n\\","<!-- Placed at the end of the document so the pages load faster -->\\n\\","<script src=\"assets.bootstrap-v3.3.7.rollup.min.js\"></script>\\n\\","</body>\\n\\","</html>\\n\\","';","        /* jslint-ignore-end */","        /* validateLineSortedReset */","        /* jslint-ignore-begin */","        // bug-workaround - long $npm_package_buildCustomOrg","        local.assetsDict['/assets.bootstrap_lite.js'] =","            local.assetsDict['/assets.bootstrap_lite.js'] ||","            local.fs.readFileSync(local.__dirname + '/lib.bootstrap_lite.js', 'utf8'","        ).replace((/^#!\\//), '// ');","        /* jslint-ignore-end */","        /* validateLineSortedReset */","        local.assetsDict['/'] =","            local.assetsDict['/assets.example.html'] =","            local.assetsDict['/assets.index.template.html']","            .replace((/\\{\\{env\\.(\\w+?)\\}\\}/g), function (match0, match1) {","                switch (match1) {","                case 'npm_package_description':","                    return 'the greatest app in the world!';","                case 'npm_package_name':","                    return 'bootstrap-lite';","                case 'npm_package_nameLib':","                    return 'bootstrap_lite';","                case 'npm_package_version':","                    return '0.0.1';","                default:","                    return match0;","                }","            });","        // init cli","        if (module !== require.main || local.global.utility2_rollup) {","            return;","        }","        local.assetsDict['/assets.example.js'] =","            local.assetsDict['/assets.example.js'] ||","            local.fs.readFileSync(__filename, 'utf8');","        local.assetsDict['/favicon.ico'] = local.assetsDict['/favicon.ico'] || '';","        // if $npm_config_timeout_exit exists,","        // then exit this process after $npm_config_timeout_exit ms","        if (Number(process.env.npm_config_timeout_exit)) {","            setTimeout(process.exit, Number(process.env.npm_config_timeout_exit));","        }","        // start server","        if (local.global.utility2_serverHttp1) {","            return;","        }","        process.env.PORT = process.env.PORT || '8081';","        console.error('server starting on port ' + process.env.PORT);","        local.http.createServer(function (request, response) {","            request.urlParsed = local.url.parse(request.url);","            if (local.assetsDict[request.urlParsed.pathname] !== undefined) {","                response.end(local.assetsDict[request.urlParsed.pathname]);","                return;","            }","            response.statusCode = 404;","            response.end();","        }).listen(process.env.PORT);","    }());","}());"],"l":{"127":2,"129":2,"134":2,"136":2,"138":2,"143":2,"147":2,"151":2,"158":2,"159":2,"160":1,"168":2,"169":2,"170":1,"173":1,"176":1,"177":1,"178":1,"179":1,"180":1,"181":1,"182":1,"183":1,"184":1,"185":1,"186":1,"187":1,"188":1,"189":1,"190":1,"191":1,"192":1,"193":1,"194":1,"195":1,"196":1,"197":1,"198":1,"199":1,"200":1,"201":1,"202":1,"205":1,"206":1,"211":3,"212":3,"213":3,"214":1,"221":1,"1084":1,"1090":1,"1094":6,"1096":1,"1098":2,"1100":1,"1102":2,"1104":1,"1108":1,"1109":1,"1111":1,"1114":1,"1117":1,"1118":1,"1121":1,"1122":1,"1124":1,"1125":1,"1126":1,"1127":1,"1128":1,"1129":1,"1130":1,"1132":1,"1133":1}}}