{"/home/travis/build/kaizhu256/node-bootstrap-lite/test.js":{"path":"/home/travis/build/kaizhu256/node-bootstrap-lite/test.js","s":{"1":2,"2":2,"3":2,"4":2,"5":2,"6":2,"7":2,"8":2,"9":0,"10":0,"11":0,"12":0,"13":0,"14":0,"15":0,"16":0,"17":0,"18":2,"19":2,"20":2,"21":2,"22":2,"23":0,"24":0,"25":0,"26":0,"27":0,"28":2,"29":0,"30":2,"31":0,"32":2,"33":0,"34":2,"35":0,"36":0,"37":0,"38":0,"39":2,"40":1,"41":1,"42":1,"43":1,"44":1,"45":1,"46":1,"47":1,"48":1,"49":1,"50":1,"51":1,"52":1,"53":1,"54":1,"55":1,"56":1,"57":1,"58":1,"59":1,"60":1,"61":1,"62":1,"63":1,"64":1,"65":1,"66":1,"67":2,"68":2,"69":2,"70":2,"71":2,"72":2,"73":2,"74":2,"75":1,"76":1,"77":1,"78":1,"79":1,"80":1,"81":1,"82":2,"83":3,"84":1,"85":1,"86":2,"87":2,"88":2,"89":2,"90":2,"91":2},"b":{"1":[0,2],"2":[2,1,1,1,1],"3":[0,0],"4":[0,0],"5":[0,0,0],"6":[0,0],"7":[0,0],"8":[0,0],"9":[0,0,0],"10":[0,0],"11":[1,1],"12":[2,1],"13":[1,1],"14":[1,2]},"f":{"1":2,"2":2,"3":0,"4":0,"5":0,"6":0,"7":0,"8":0,"9":0,"10":2,"11":2,"12":2,"13":2,"14":3,"15":2,"16":2,"17":2},"fnMap":{"1":{"name":"(anonymous_1)","line":4,"loc":{"start":{"line":4,"column":1},"end":{"line":4,"column":23}},"skip":true},"2":{"name":"(anonymous_2)","line":9,"loc":{"start":{"line":9,"column":5},"end":{"line":9,"column":17}},"skip":true},"3":{"name":"(anonymous_3)","line":18,"loc":{"start":{"line":18,"column":41},"end":{"line":18,"column":53}},"skip":true},"4":{"name":"(anonymous_4)","line":47,"loc":{"start":{"line":47,"column":24},"end":{"line":47,"column":51}},"skip":true},"5":{"name":"(anonymous_5)","line":74,"loc":{"start":{"line":74,"column":26},"end":{"line":74,"column":41}},"skip":true},"6":{"name":"(anonymous_6)","line":82,"loc":{"start":{"line":82,"column":21},"end":{"line":82,"column":38}},"skip":true},"7":{"name":"(anonymous_7)","line":88,"loc":{"start":{"line":88,"column":16},"end":{"line":88,"column":28}},"skip":true},"8":{"name":"(anonymous_8)","line":94,"loc":{"start":{"line":94,"column":32},"end":{"line":94,"column":58}},"skip":true},"9":{"name":"(anonymous_9)","line":100,"loc":{"start":{"line":100,"column":36},"end":{"line":100,"column":51}},"skip":true},"10":{"name":"(anonymous_10)","line":145,"loc":{"start":{"line":145,"column":1},"end":{"line":145,"column":18}}},"11":{"name":"(anonymous_11)","line":151,"loc":{"start":{"line":151,"column":1},"end":{"line":151,"column":13}}},"12":{"name":"(anonymous_12)","line":162,"loc":{"start":{"line":162,"column":1},"end":{"line":162,"column":13}}},"13":{"name":"(anonymous_13)","line":163,"loc":{"start":{"line":163,"column":34},"end":{"line":163,"column":61}}},"14":{"name":"(anonymous_14)","line":186,"loc":{"start":{"line":186,"column":37},"end":{"line":186,"column":64}}},"15":{"name":"(anonymous_15)","line":195,"loc":{"start":{"line":195,"column":23},"end":{"line":195,"column":35}}},"16":{"name":"(anonymous_16)","line":199,"loc":{"start":{"line":199,"column":19},"end":{"line":199,"column":34}}},"17":{"name":"(anonymous_17)","line":200,"loc":{"start":{"line":200,"column":41},"end":{"line":200,"column":59}}}},"statementMap":{"1":{"start":{"line":4,"column":0},"end":{"line":141,"column":9},"skip":true},"2":{"start":{"line":6,"column":4},"end":{"line":6,"column":21},"skip":true},"3":{"start":{"line":7,"column":4},"end":{"line":7,"column":14},"skip":true},"4":{"start":{"line":9,"column":4},"end":{"line":13,"column":9},"skip":true},"5":{"start":{"line":10,"column":8},"end":{"line":12,"column":27},"skip":true},"6":{"start":{"line":11,"column":12},"end":{"line":11,"column":51},"skip":true},"7":{"start":{"line":14,"column":4},"end":{"line":14,"column":39},"skip":true},"8":{"start":{"line":16,"column":4},"end":{"line":33,"column":5},"skip":true},"9":{"start":{"line":17,"column":8},"end":{"line":17,"column":37},"skip":true},"10":{"start":{"line":18,"column":8},"end":{"line":32,"column":10},"skip":true},"11":{"start":{"line":23,"column":12},"end":{"line":23,"column":24},"skip":true},"12":{"start":{"line":24,"column":12},"end":{"line":24,"column":44},"skip":true},"13":{"start":{"line":26,"column":12},"end":{"line":26,"column":62},"skip":true},"14":{"start":{"line":27,"column":12},"end":{"line":27,"column":49},"skip":true},"15":{"start":{"line":28,"column":12},"end":{"line":28,"column":49},"skip":true},"16":{"start":{"line":29,"column":12},"end":{"line":29,"column":31},"skip":true},"17":{"start":{"line":31,"column":12},"end":{"line":31,"column":30},"skip":true},"18":{"start":{"line":35,"column":4},"end":{"line":35,"column":15},"skip":true},"19":{"start":{"line":36,"column":4},"end":{"line":36,"column":24},"skip":true},"20":{"start":{"line":37,"column":4},"end":{"line":37,"column":35},"skip":true},"21":{"start":{"line":39,"column":4},"end":{"line":45,"column":6},"skip":true},"22":{"start":{"line":47,"column":4},"end":{"line":73,"column":6},"skip":true},"23":{"start":{"line":51,"column":8},"end":{"line":51,"column":18},"skip":true},"24":{"start":{"line":52,"column":8},"end":{"line":54,"column":9},"skip":true},"25":{"start":{"line":53,"column":12},"end":{"line":53,"column":19},"skip":true},"26":{"start":{"line":55,"column":8},"end":{"line":71,"column":10},"skip":true},"27":{"start":{"line":72,"column":8},"end":{"line":72,"column":20},"skip":true},"28":{"start":{"line":74,"column":4},"end":{"line":81,"column":6},"skip":true},"29":{"start":{"line":80,"column":8},"end":{"line":80,"column":32},"skip":true},"30":{"start":{"line":82,"column":4},"end":{"line":87,"column":6},"skip":true},"31":{"start":{"line":86,"column":8},"end":{"line":86,"column":21},"skip":true},"32":{"start":{"line":88,"column":4},"end":{"line":93,"column":6},"skip":true},"33":{"start":{"line":92,"column":8},"end":{"line":92,"column":15},"skip":true},"34":{"start":{"line":94,"column":4},"end":{"line":110,"column":6},"skip":true},"35":{"start":{"line":100,"column":8},"end":{"line":108,"column":11},"skip":true},"36":{"start":{"line":101,"column":12},"end":{"line":107,"column":13},"skip":true},"37":{"start":{"line":106,"column":16},"end":{"line":106,"column":57},"skip":true},"38":{"start":{"line":109,"column":8},"end":{"line":109,"column":22},"skip":true},"39":{"start":{"line":112,"column":4},"end":{"line":140,"column":5},"skip":true},"40":{"start":{"line":113,"column":8},"end":{"line":113,"column":41},"skip":true},"41":{"start":{"line":114,"column":8},"end":{"line":114,"column":41},"skip":true},"42":{"start":{"line":115,"column":8},"end":{"line":115,"column":55},"skip":true},"43":{"start":{"line":116,"column":8},"end":{"line":116,"column":43},"skip":true},"44":{"start":{"line":117,"column":8},"end":{"line":117,"column":41},"skip":true},"45":{"start":{"line":118,"column":8},"end":{"line":118,"column":39},"skip":true},"46":{"start":{"line":119,"column":8},"end":{"line":119,"column":35},"skip":true},"47":{"start":{"line":120,"column":8},"end":{"line":120,"column":41},"skip":true},"48":{"start":{"line":121,"column":8},"end":{"line":121,"column":41},"skip":true},"49":{"start":{"line":122,"column":8},"end":{"line":122,"column":33},"skip":true},"50":{"start":{"line":123,"column":8},"end":{"line":123,"column":37},"skip":true},"51":{"start":{"line":124,"column":8},"end":{"line":124,"column":39},"skip":true},"52":{"start":{"line":125,"column":8},"end":{"line":125,"column":35},"skip":true},"53":{"start":{"line":126,"column":8},"end":{"line":126,"column":33},"skip":true},"54":{"start":{"line":127,"column":8},"end":{"line":127,"column":37},"skip":true},"55":{"start":{"line":128,"column":8},"end":{"line":128,"column":51},"skip":true},"56":{"start":{"line":129,"column":8},"end":{"line":129,"column":45},"skip":true},"57":{"start":{"line":130,"column":8},"end":{"line":130,"column":37},"skip":true},"58":{"start":{"line":131,"column":8},"end":{"line":131,"column":41},"skip":true},"59":{"start":{"line":132,"column":8},"end":{"line":132,"column":57},"skip":true},"60":{"start":{"line":133,"column":8},"end":{"line":133,"column":41},"skip":true},"61":{"start":{"line":134,"column":8},"end":{"line":134,"column":35},"skip":true},"62":{"start":{"line":135,"column":8},"end":{"line":135,"column":35},"skip":true},"63":{"start":{"line":136,"column":8},"end":{"line":136,"column":35},"skip":true},"64":{"start":{"line":137,"column":8},"end":{"line":137,"column":37},"skip":true},"65":{"start":{"line":138,"column":8},"end":{"line":138,"column":33},"skip":true},"66":{"start":{"line":139,"column":8},"end":{"line":139,"column":37},"skip":true},"67":{"start":{"line":145,"column":0},"end":{"line":211,"column":5}},"68":{"start":{"line":151,"column":0},"end":{"line":157,"column":5}},"69":{"start":{"line":153,"column":0},"end":{"line":153,"column":69}},"70":{"start":{"line":154,"column":0},"end":{"line":154,"column":25}},"71":{"start":{"line":156,"column":0},"end":{"line":156,"column":28}},"72":{"start":{"line":162,"column":0},"end":{"line":207,"column":5}},"73":{"start":{"line":163,"column":0},"end":{"line":184,"column":2}},"74":{"start":{"line":167,"column":4},"end":{"line":170,"column":5}},"75":{"start":{"line":168,"column":8},"end":{"line":168,"column":30}},"76":{"start":{"line":169,"column":8},"end":{"line":169,"column":15}},"77":{"start":{"line":171,"column":4},"end":{"line":171,"column":67}},"78":{"start":{"line":172,"column":4},"end":{"line":172,"column":64}},"79":{"start":{"line":173,"column":4},"end":{"line":173,"column":65}},"80":{"start":{"line":174,"column":4},"end":{"line":182,"column":6}},"81":{"start":{"line":183,"column":4},"end":{"line":183,"column":36}},"82":{"start":{"line":186,"column":0},"end":{"line":206,"column":2}},"83":{"start":{"line":190,"column":4},"end":{"line":193,"column":5}},"84":{"start":{"line":191,"column":8},"end":{"line":191,"column":30}},"85":{"start":{"line":192,"column":8},"end":{"line":192,"column":15}},"86":{"start":{"line":194,"column":4},"end":{"line":194,"column":16}},"87":{"start":{"line":195,"column":4},"end":{"line":204,"column":6}},"88":{"start":{"line":197,"column":8},"end":{"line":203,"column":11}},"89":{"start":{"line":200,"column":12},"end":{"line":202,"column":15}},"90":{"start":{"line":201,"column":16},"end":{"line":201,"column":67}},"91":{"start":{"line":205,"column":4},"end":{"line":205,"column":39}}},"branchMap":{"1":{"line":16,"type":"if","locations":[{"start":{"line":16,"column":4},"end":{"line":16,"column":4},"skip":true},{"start":{"line":16,"column":4},"end":{"line":16,"column":4},"skip":true}]},"2":{"line":40,"type":"binary-expr","locations":[{"start":{"line":40,"column":8},"end":{"line":40,"column":34},"skip":true},{"start":{"line":41,"column":11},"end":{"line":41,"column":32},"skip":true},{"start":{"line":42,"column":11},"end":{"line":42,"column":54},"skip":true},{"start":{"line":43,"column":11},"end":{"line":43,"column":26},"skip":true},{"start":{"line":44,"column":11},"end":{"line":44,"column":62},"skip":true}]},"3":{"line":52,"type":"if","locations":[{"start":{"line":52,"column":8},"end":{"line":52,"column":8},"skip":true},{"start":{"line":52,"column":8},"end":{"line":52,"column":8},"skip":true}]},"4":{"line":57,"type":"cond-expr","locations":[{"start":{"line":63,"column":14},"end":{"line":63,"column":21},"skip":true},{"start":{"line":64,"column":14},"end":{"line":70,"column":13},"skip":true}]},"5":{"line":58,"type":"binary-expr","locations":[{"start":{"line":58,"column":16},"end":{"line":58,"column":23},"skip":true},{"start":{"line":59,"column":19},"end":{"line":59,"column":54},"skip":true},{"start":{"line":60,"column":19},"end":{"line":60,"column":52},"skip":true}]},"6":{"line":65,"type":"cond-expr","locations":[{"start":{"line":67,"column":18},"end":{"line":67,"column":25},"skip":true},{"start":{"line":69,"column":18},"end":{"line":69,"column":50},"skip":true}]},"7":{"line":80,"type":"binary-expr","locations":[{"start":{"line":80,"column":15},"end":{"line":80,"column":18},"skip":true},{"start":{"line":80,"column":22},"end":{"line":80,"column":31},"skip":true}]},"8":{"line":101,"type":"if","locations":[{"start":{"line":101,"column":12},"end":{"line":101,"column":12},"skip":true},{"start":{"line":101,"column":12},"end":{"line":101,"column":12},"skip":true}]},"9":{"line":102,"type":"binary-expr","locations":[{"start":{"line":102,"column":16},"end":{"line":102,"column":36},"skip":true},{"start":{"line":103,"column":19},"end":{"line":103,"column":44},"skip":true},{"start":{"line":104,"column":19},"end":{"line":104,"column":37},"skip":true}]},"10":{"line":106,"type":"binary-expr","locations":[{"start":{"line":106,"column":30},"end":{"line":106,"column":41},"skip":true},{"start":{"line":106,"column":45},"end":{"line":106,"column":56},"skip":true}]},"11":{"line":112,"type":"if","locations":[{"start":{"line":112,"column":4},"end":{"line":112,"column":4},"skip":true},{"start":{"line":112,"column":4},"end":{"line":112,"column":4},"skip":true}]},"12":{"line":153,"type":"binary-expr","locations":[{"start":{"line":153,"column":9},"end":{"line":153,"column":28}},{"start":{"line":153,"column":32},"end":{"line":153,"column":51}}]},"13":{"line":167,"type":"if","locations":[{"start":{"line":167,"column":4},"end":{"line":167,"column":4}},{"start":{"line":167,"column":4},"end":{"line":167,"column":4}}]},"14":{"line":190,"type":"if","locations":[{"start":{"line":190,"column":4},"end":{"line":190,"column":4}},{"start":{"line":190,"column":4},"end":{"line":190,"column":4}}]}},"code":["/* istanbul instrument in package bootstrap */","/* istanbul ignore next */","/* jslint utility2:true */","(function (globalThis) {","    \"use strict\";","    var consoleError;","    var local;","    // init globalThis","    (function () {","        try {","            globalThis = Function(\"return this\")(); // jslint ignore:line","        } catch (ignore) {}","    }());","    globalThis.globalThis = globalThis;","    // init debug_inline","    if (!globalThis[\"debug\\u0049nline\"]) {","        consoleError = console.error;","        globalThis[\"debug\\u0049nline\"] = function () {","        /*","         * this function will both print <arguments> to stderr","         * and return <arguments>[0]","         */","            var argList;","            argList = Array.from(arguments); // jslint ignore:line","            // debug arguments","            globalThis[\"debug\\u0049nlineArguments\"] = argList;","            consoleError(\"\\n\\ndebug\\u0049nline\");","            consoleError.apply(console, argList);","            consoleError(\"\\n\");","            // return arg0 for inspection","            return argList[0];","        };","    }","    // init local","    local = {};","    local.local = local;","    globalThis.globalLocal = local;","    // init isBrowser","    local.isBrowser = (","        typeof window === \"object\"","        && window === globalThis","        && typeof window.XMLHttpRequest === \"function\"","        && window.document","        && typeof window.document.querySelector === \"function\"","    );","    // init function","    local.assertThrow = function (passed, message) {","    /*","     * this function will throw error <message> if <passed> is falsy","     */","        var error;","        if (passed) {","            return;","        }","        error = (","            // ternary-condition","            (","                message","                && typeof message.message === \"string\"","                && typeof message.stack === \"string\"","            )","            // if message is an error-object, then leave it as is","            ? message","            : new Error(","                typeof message === \"string\"","                // if message is a string, then leave it as is","                ? message","                // else JSON.stringify message","                : JSON.stringify(message, null, 4)","            )","        );","        throw error;","    };","    local.functionOrNop = function (fnc) {","    /*","     * this function will if <fnc> exists,","     * them return <fnc>,","     * else return <nop>","     */","        return fnc || local.nop;","    };","    local.identity = function (value) {","    /*","     * this function will return <value>","     */","        return value;","    };","    local.nop = function () {","    /*","     * this function will do nothing","     */","        return;","    };","    local.objectAssignDefault = function (target, source) {","    /*","     * this function will if items from <target> are","     * null, undefined, or empty-string,","     * then overwrite them with items from <source>","     */","        Object.keys(source).forEach(function (key) {","            if (","                target[key] === null","                || target[key] === undefined","                || target[key] === \"\"","            ) {","                target[key] = target[key] || source[key];","            }","        });","        return target;","    };","    // require builtin","    if (!local.isBrowser) {","        local.assert = require(\"assert\");","        local.buffer = require(\"buffer\");","        local.child_process = require(\"child_process\");","        local.cluster = require(\"cluster\");","        local.crypto = require(\"crypto\");","        local.dgram = require(\"dgram\");","        local.dns = require(\"dns\");","        local.domain = require(\"domain\");","        local.events = require(\"events\");","        local.fs = require(\"fs\");","        local.http = require(\"http\");","        local.https = require(\"https\");","        local.net = require(\"net\");","        local.os = require(\"os\");","        local.path = require(\"path\");","        local.querystring = require(\"querystring\");","        local.readline = require(\"readline\");","        local.repl = require(\"repl\");","        local.stream = require(\"stream\");","        local.string_decoder = require(\"string_decoder\");","        local.timers = require(\"timers\");","        local.tls = require(\"tls\");","        local.tty = require(\"tty\");","        local.url = require(\"url\");","        local.util = require(\"util\");","        local.vm = require(\"vm\");","        local.zlib = require(\"zlib\");","    }","}(this));","","","","(function (local) {","\"use strict\";","","","","// run shared js-env code - init-before","(function () {","// init local","local = (globalThis.utility2 || require(\"utility2\")).requireReadme();","globalThis.local = local;","// init test","local.testRunDefault(local);","}());","","","","// run shared js-env code - function","(function () {","local.testCase_buildApp_default = function (option, onError) {","/*"," * this function will test buildApp's default handling-behavior"," */","    if (local.isBrowser) {","        onError(null, option);","        return;","    }","    local.testCase_buildReadme_default(option, local.onErrorThrow);","    local.testCase_buildLib_default(option, local.onErrorThrow);","    local.testCase_buildTest_default(option, local.onErrorThrow);","    option = {","        assetsList: [{","            file: \"/assets.bootstrap-v3.4.0.rollup.min.css\",","            url: \"/assets.bootstrap-v3.4.0.rollup.min.css\"","        }, {","            file: \"/assets.bootstrap-v3.4.0.rollup.min.js\",","            url: \"/assets.bootstrap-v3.4.0.rollup.min.js\"","        }]","    };","    local.buildApp(option, onError);","};","","local.testCase_buildReadme_default = function (option, onError) {","/*"," * this function will test buildReadme's default handling-behavior"," */","    if (local.isBrowser) {","        onError(null, option);","        return;","    }","    option = {};","    option.customize = function () {","        // search-and-replace - customize dataTo","        [(","            /\\n\\/\\*\\u0020jslint\\u0020ignore:start\\u0020\\*\\/\\nlocal.assetsDict\\[\"\\/assets.index.template.html\"\\]\\u0020=\\u0020'\\\\\\n[\\S\\s]*?\\n\\/\\*\\u0020jslint\\u0020ignore:end\\u0020\\*\\/\\n/","        )].forEach(function (rgx) {","            option.dataFrom.replace(rgx, function (match0) {","                option.dataTo = option.dataTo.replace(rgx, match0);","            });","        });","    };","    local.buildReadme(option, onError);","};","}());","","","","}());",""],"l":{"4":2,"6":2,"7":2,"9":2,"10":2,"11":2,"14":2,"16":2,"17":1,"18":1,"23":1,"24":1,"26":1,"27":1,"28":1,"29":1,"31":1,"35":2,"36":2,"37":2,"39":2,"47":2,"51":1,"52":1,"53":1,"55":1,"72":1,"74":2,"80":1,"82":2,"86":1,"88":2,"92":1,"94":2,"100":1,"101":1,"106":1,"109":1,"112":2,"113":1,"114":1,"115":1,"116":1,"117":1,"118":1,"119":1,"120":1,"121":1,"122":1,"123":1,"124":1,"125":1,"126":1,"127":1,"128":1,"129":1,"130":1,"131":1,"132":1,"133":1,"134":1,"135":1,"136":1,"137":1,"138":1,"139":1,"145":2,"151":2,"153":2,"154":2,"156":2,"162":2,"163":2,"167":2,"168":1,"169":1,"171":1,"172":1,"173":1,"174":1,"183":1,"186":2,"190":3,"191":1,"192":1,"194":2,"195":2,"197":2,"200":2,"201":2,"205":2}},"/home/travis/build/kaizhu256/node-bootstrap-lite/lib.bootstrap.js":{"path":"/home/travis/build/kaizhu256/node-bootstrap-lite/lib.bootstrap.js","s":{"1":1,"2":1,"3":1,"4":1,"5":1,"6":1,"7":1,"8":1,"9":0,"10":0,"11":0,"12":0,"13":0,"14":0,"15":0,"16":0,"17":0,"18":1,"19":1,"20":1,"21":1,"22":1,"23":0,"24":0,"25":0,"26":0,"27":0,"28":1,"29":0,"30":1,"31":0,"32":1,"33":0,"34":1,"35":0,"36":0,"37":0,"38":0,"39":1,"40":1,"41":1,"42":1,"43":1,"44":1,"45":1,"46":1,"47":1,"48":1,"49":1,"50":1,"51":1,"52":1,"53":1,"54":1,"55":1,"56":1,"57":1,"58":1,"59":1,"60":1,"61":1,"62":1,"63":1,"64":1,"65":1,"66":1,"67":1,"68":1,"69":1,"70":1,"71":0,"72":1,"73":1,"74":1,"75":1,"76":0,"77":1,"78":1,"79":2,"80":0,"81":2},"b":{"1":[0,1],"2":[1,0,0,0,0],"3":[0,0],"4":[0,0],"5":[0,0,0],"6":[0,0],"7":[0,0],"8":[0,0],"9":[0,0,0],"10":[0,0],"11":[1,0],"12":[1,1],"13":[0,1],"14":[0,1],"15":[1,1],"16":[0,2]},"f":{"1":1,"2":1,"3":0,"4":0,"5":0,"6":0,"7":0,"8":0,"9":0,"10":1,"11":1,"12":2},"fnMap":{"1":{"name":"(anonymous_1)","line":14,"loc":{"start":{"line":14,"column":1},"end":{"line":14,"column":23}},"skip":true},"2":{"name":"(anonymous_2)","line":19,"loc":{"start":{"line":19,"column":5},"end":{"line":19,"column":17}},"skip":true},"3":{"name":"(anonymous_3)","line":28,"loc":{"start":{"line":28,"column":41},"end":{"line":28,"column":53}},"skip":true},"4":{"name":"(anonymous_4)","line":57,"loc":{"start":{"line":57,"column":24},"end":{"line":57,"column":51}},"skip":true},"5":{"name":"(anonymous_5)","line":84,"loc":{"start":{"line":84,"column":26},"end":{"line":84,"column":41}},"skip":true},"6":{"name":"(anonymous_6)","line":92,"loc":{"start":{"line":92,"column":21},"end":{"line":92,"column":38}},"skip":true},"7":{"name":"(anonymous_7)","line":98,"loc":{"start":{"line":98,"column":16},"end":{"line":98,"column":28}},"skip":true},"8":{"name":"(anonymous_8)","line":104,"loc":{"start":{"line":104,"column":32},"end":{"line":104,"column":58}},"skip":true},"9":{"name":"(anonymous_9)","line":110,"loc":{"start":{"line":110,"column":36},"end":{"line":110,"column":51}},"skip":true},"10":{"name":"(anonymous_10)","line":155,"loc":{"start":{"line":155,"column":1},"end":{"line":155,"column":18}}},"11":{"name":"(anonymous_11)","line":162,"loc":{"start":{"line":162,"column":1},"end":{"line":162,"column":13}},"skip":true},"12":{"name":"(anonymous_12)","line":191,"loc":{"start":{"line":191,"column":10},"end":{"line":191,"column":26}},"skip":true}},"statementMap":{"1":{"start":{"line":14,"column":0},"end":{"line":151,"column":9},"skip":true},"2":{"start":{"line":16,"column":4},"end":{"line":16,"column":21},"skip":true},"3":{"start":{"line":17,"column":4},"end":{"line":17,"column":14},"skip":true},"4":{"start":{"line":19,"column":4},"end":{"line":23,"column":9},"skip":true},"5":{"start":{"line":20,"column":8},"end":{"line":22,"column":27},"skip":true},"6":{"start":{"line":21,"column":12},"end":{"line":21,"column":51},"skip":true},"7":{"start":{"line":24,"column":4},"end":{"line":24,"column":39},"skip":true},"8":{"start":{"line":26,"column":4},"end":{"line":43,"column":5},"skip":true},"9":{"start":{"line":27,"column":8},"end":{"line":27,"column":37},"skip":true},"10":{"start":{"line":28,"column":8},"end":{"line":42,"column":10},"skip":true},"11":{"start":{"line":33,"column":12},"end":{"line":33,"column":24},"skip":true},"12":{"start":{"line":34,"column":12},"end":{"line":34,"column":44},"skip":true},"13":{"start":{"line":36,"column":12},"end":{"line":36,"column":62},"skip":true},"14":{"start":{"line":37,"column":12},"end":{"line":37,"column":49},"skip":true},"15":{"start":{"line":38,"column":12},"end":{"line":38,"column":49},"skip":true},"16":{"start":{"line":39,"column":12},"end":{"line":39,"column":31},"skip":true},"17":{"start":{"line":41,"column":12},"end":{"line":41,"column":30},"skip":true},"18":{"start":{"line":45,"column":4},"end":{"line":45,"column":15},"skip":true},"19":{"start":{"line":46,"column":4},"end":{"line":46,"column":24},"skip":true},"20":{"start":{"line":47,"column":4},"end":{"line":47,"column":35},"skip":true},"21":{"start":{"line":49,"column":4},"end":{"line":55,"column":6},"skip":true},"22":{"start":{"line":57,"column":4},"end":{"line":83,"column":6},"skip":true},"23":{"start":{"line":61,"column":8},"end":{"line":61,"column":18},"skip":true},"24":{"start":{"line":62,"column":8},"end":{"line":64,"column":9},"skip":true},"25":{"start":{"line":63,"column":12},"end":{"line":63,"column":19},"skip":true},"26":{"start":{"line":65,"column":8},"end":{"line":81,"column":10},"skip":true},"27":{"start":{"line":82,"column":8},"end":{"line":82,"column":20},"skip":true},"28":{"start":{"line":84,"column":4},"end":{"line":91,"column":6},"skip":true},"29":{"start":{"line":90,"column":8},"end":{"line":90,"column":32},"skip":true},"30":{"start":{"line":92,"column":4},"end":{"line":97,"column":6},"skip":true},"31":{"start":{"line":96,"column":8},"end":{"line":96,"column":21},"skip":true},"32":{"start":{"line":98,"column":4},"end":{"line":103,"column":6},"skip":true},"33":{"start":{"line":102,"column":8},"end":{"line":102,"column":15},"skip":true},"34":{"start":{"line":104,"column":4},"end":{"line":120,"column":6},"skip":true},"35":{"start":{"line":110,"column":8},"end":{"line":118,"column":11},"skip":true},"36":{"start":{"line":111,"column":12},"end":{"line":117,"column":13},"skip":true},"37":{"start":{"line":116,"column":16},"end":{"line":116,"column":57},"skip":true},"38":{"start":{"line":119,"column":8},"end":{"line":119,"column":22},"skip":true},"39":{"start":{"line":122,"column":4},"end":{"line":150,"column":5},"skip":true},"40":{"start":{"line":123,"column":8},"end":{"line":123,"column":41},"skip":true},"41":{"start":{"line":124,"column":8},"end":{"line":124,"column":41},"skip":true},"42":{"start":{"line":125,"column":8},"end":{"line":125,"column":55},"skip":true},"43":{"start":{"line":126,"column":8},"end":{"line":126,"column":43},"skip":true},"44":{"start":{"line":127,"column":8},"end":{"line":127,"column":41},"skip":true},"45":{"start":{"line":128,"column":8},"end":{"line":128,"column":39},"skip":true},"46":{"start":{"line":129,"column":8},"end":{"line":129,"column":35},"skip":true},"47":{"start":{"line":130,"column":8},"end":{"line":130,"column":41},"skip":true},"48":{"start":{"line":131,"column":8},"end":{"line":131,"column":41},"skip":true},"49":{"start":{"line":132,"column":8},"end":{"line":132,"column":33},"skip":true},"50":{"start":{"line":133,"column":8},"end":{"line":133,"column":37},"skip":true},"51":{"start":{"line":134,"column":8},"end":{"line":134,"column":39},"skip":true},"52":{"start":{"line":135,"column":8},"end":{"line":135,"column":35},"skip":true},"53":{"start":{"line":136,"column":8},"end":{"line":136,"column":33},"skip":true},"54":{"start":{"line":137,"column":8},"end":{"line":137,"column":37},"skip":true},"55":{"start":{"line":138,"column":8},"end":{"line":138,"column":51},"skip":true},"56":{"start":{"line":139,"column":8},"end":{"line":139,"column":45},"skip":true},"57":{"start":{"line":140,"column":8},"end":{"line":140,"column":37},"skip":true},"58":{"start":{"line":141,"column":8},"end":{"line":141,"column":41},"skip":true},"59":{"start":{"line":142,"column":8},"end":{"line":142,"column":57},"skip":true},"60":{"start":{"line":143,"column":8},"end":{"line":143,"column":41},"skip":true},"61":{"start":{"line":144,"column":8},"end":{"line":144,"column":35},"skip":true},"62":{"start":{"line":145,"column":8},"end":{"line":145,"column":35},"skip":true},"63":{"start":{"line":146,"column":8},"end":{"line":146,"column":35},"skip":true},"64":{"start":{"line":147,"column":8},"end":{"line":147,"column":37},"skip":true},"65":{"start":{"line":148,"column":8},"end":{"line":148,"column":33},"skip":true},"66":{"start":{"line":149,"column":8},"end":{"line":149,"column":37},"skip":true},"67":{"start":{"line":155,"column":0},"end":{"line":204,"column":5}},"68":{"start":{"line":162,"column":0},"end":{"line":200,"column":5},"skip":true},"69":{"start":{"line":164,"column":0},"end":{"line":169,"column":2},"skip":true},"70":{"start":{"line":171,"column":0},"end":{"line":176,"column":1},"skip":true},"71":{"start":{"line":172,"column":4},"end":{"line":172,"column":42},"skip":true},"72":{"start":{"line":174,"column":4},"end":{"line":174,"column":27},"skip":true},"73":{"start":{"line":175,"column":4},"end":{"line":175,"column":41},"skip":true},"74":{"start":{"line":178,"column":0},"end":{"line":178,"column":24},"skip":true},"75":{"start":{"line":183,"column":0},"end":{"line":185,"column":1},"skip":true},"76":{"start":{"line":184,"column":4},"end":{"line":184,"column":11},"skip":true},"77":{"start":{"line":187,"column":0},"end":{"line":187,"column":42},"skip":true},"78":{"start":{"line":188,"column":0},"end":{"line":199,"column":3},"skip":true},"79":{"start":{"line":192,"column":4},"end":{"line":194,"column":5},"skip":true},"80":{"start":{"line":193,"column":8},"end":{"line":193,"column":15},"skip":true},"81":{"start":{"line":195,"column":4},"end":{"line":198,"column":6},"skip":true}},"branchMap":{"1":{"line":26,"type":"if","locations":[{"start":{"line":26,"column":4},"end":{"line":26,"column":4},"skip":true},{"start":{"line":26,"column":4},"end":{"line":26,"column":4},"skip":true}]},"2":{"line":50,"type":"binary-expr","locations":[{"start":{"line":50,"column":8},"end":{"line":50,"column":34},"skip":true},{"start":{"line":51,"column":11},"end":{"line":51,"column":32},"skip":true},{"start":{"line":52,"column":11},"end":{"line":52,"column":54},"skip":true},{"start":{"line":53,"column":11},"end":{"line":53,"column":26},"skip":true},{"start":{"line":54,"column":11},"end":{"line":54,"column":62},"skip":true}]},"3":{"line":62,"type":"if","locations":[{"start":{"line":62,"column":8},"end":{"line":62,"column":8},"skip":true},{"start":{"line":62,"column":8},"end":{"line":62,"column":8},"skip":true}]},"4":{"line":67,"type":"cond-expr","locations":[{"start":{"line":73,"column":14},"end":{"line":73,"column":21},"skip":true},{"start":{"line":74,"column":14},"end":{"line":80,"column":13},"skip":true}]},"5":{"line":68,"type":"binary-expr","locations":[{"start":{"line":68,"column":16},"end":{"line":68,"column":23},"skip":true},{"start":{"line":69,"column":19},"end":{"line":69,"column":54},"skip":true},{"start":{"line":70,"column":19},"end":{"line":70,"column":52},"skip":true}]},"6":{"line":75,"type":"cond-expr","locations":[{"start":{"line":77,"column":18},"end":{"line":77,"column":25},"skip":true},{"start":{"line":79,"column":18},"end":{"line":79,"column":50},"skip":true}]},"7":{"line":90,"type":"binary-expr","locations":[{"start":{"line":90,"column":15},"end":{"line":90,"column":18},"skip":true},{"start":{"line":90,"column":22},"end":{"line":90,"column":31},"skip":true}]},"8":{"line":111,"type":"if","locations":[{"start":{"line":111,"column":12},"end":{"line":111,"column":12},"skip":true},{"start":{"line":111,"column":12},"end":{"line":111,"column":12},"skip":true}]},"9":{"line":112,"type":"binary-expr","locations":[{"start":{"line":112,"column":16},"end":{"line":112,"column":36},"skip":true},{"start":{"line":113,"column":19},"end":{"line":113,"column":44},"skip":true},{"start":{"line":114,"column":19},"end":{"line":114,"column":37},"skip":true}]},"10":{"line":116,"type":"binary-expr","locations":[{"start":{"line":116,"column":30},"end":{"line":116,"column":41},"skip":true},{"start":{"line":116,"column":45},"end":{"line":116,"column":56},"skip":true}]},"11":{"line":122,"type":"if","locations":[{"start":{"line":122,"column":4},"end":{"line":122,"column":4},"skip":true},{"start":{"line":122,"column":4},"end":{"line":122,"column":4},"skip":true}]},"12":{"line":165,"type":"binary-expr","locations":[{"start":{"line":165,"column":4},"end":{"line":165,"column":30},"skip":true},{"start":{"line":168,"column":7},"end":{"line":168,"column":29},"skip":true}]},"13":{"line":171,"type":"if","locations":[{"start":{"line":171,"column":0},"end":{"line":171,"column":0},"skip":true},{"start":{"line":171,"column":0},"end":{"line":171,"column":0},"skip":true}]},"14":{"line":183,"type":"if","locations":[{"start":{"line":183,"column":0},"end":{"line":183,"column":0},"skip":true},{"start":{"line":183,"column":0},"end":{"line":183,"column":0},"skip":true}]},"15":{"line":187,"type":"binary-expr","locations":[{"start":{"line":187,"column":19},"end":{"line":187,"column":35},"skip":true},{"start":{"line":187,"column":39},"end":{"line":187,"column":41},"skip":true}]},"16":{"line":192,"type":"if","locations":[{"start":{"line":192,"column":4},"end":{"line":192,"column":4},"skip":true},{"start":{"line":192,"column":4},"end":{"line":192,"column":4},"skip":true}]}},"code":["//#!/usr/bin/env node","/*"," * lib.bootstrap.js (2019.1.30)"," * https://github.com/kaizhu256/node-bootstrap-lite"," * this zero-dependency package will provide 1) a rolled-up css (includes glyphicons and theme), and 2) a rolled-up js (includes jquery) of twitter-bootstrap (v3.4.0), with a working web-demo"," *"," */","","","","/* istanbul instrument in package bootstrap */","/* istanbul ignore next */","/* jslint utility2:true */","(function (globalThis) {","    \"use strict\";","    var consoleError;","    var local;","    // init globalThis","    (function () {","        try {","            globalThis = Function(\"return this\")(); // jslint ignore:line","        } catch (ignore) {}","    }());","    globalThis.globalThis = globalThis;","    // init debug_inline","    if (!globalThis[\"debug\\u0049nline\"]) {","        consoleError = console.error;","        globalThis[\"debug\\u0049nline\"] = function () {","        /*","         * this function will both print <arguments> to stderr","         * and return <arguments>[0]","         */","            var argList;","            argList = Array.from(arguments); // jslint ignore:line","            // debug arguments","            globalThis[\"debug\\u0049nlineArguments\"] = argList;","            consoleError(\"\\n\\ndebug\\u0049nline\");","            consoleError.apply(console, argList);","            consoleError(\"\\n\");","            // return arg0 for inspection","            return argList[0];","        };","    }","    // init local","    local = {};","    local.local = local;","    globalThis.globalLocal = local;","    // init isBrowser","    local.isBrowser = (","        typeof window === \"object\"","        && window === globalThis","        && typeof window.XMLHttpRequest === \"function\"","        && window.document","        && typeof window.document.querySelector === \"function\"","    );","    // init function","    local.assertThrow = function (passed, message) {","    /*","     * this function will throw error <message> if <passed> is falsy","     */","        var error;","        if (passed) {","            return;","        }","        error = (","            // ternary-condition","            (","                message","                && typeof message.message === \"string\"","                && typeof message.stack === \"string\"","            )","            // if message is an error-object, then leave it as is","            ? message","            : new Error(","                typeof message === \"string\"","                // if message is a string, then leave it as is","                ? message","                // else JSON.stringify message","                : JSON.stringify(message, null, 4)","            )","        );","        throw error;","    };","    local.functionOrNop = function (fnc) {","    /*","     * this function will if <fnc> exists,","     * them return <fnc>,","     * else return <nop>","     */","        return fnc || local.nop;","    };","    local.identity = function (value) {","    /*","     * this function will return <value>","     */","        return value;","    };","    local.nop = function () {","    /*","     * this function will do nothing","     */","        return;","    };","    local.objectAssignDefault = function (target, source) {","    /*","     * this function will if items from <target> are","     * null, undefined, or empty-string,","     * then overwrite them with items from <source>","     */","        Object.keys(source).forEach(function (key) {","            if (","                target[key] === null","                || target[key] === undefined","                || target[key] === \"\"","            ) {","                target[key] = target[key] || source[key];","            }","        });","        return target;","    };","    // require builtin","    if (!local.isBrowser) {","        local.assert = require(\"assert\");","        local.buffer = require(\"buffer\");","        local.child_process = require(\"child_process\");","        local.cluster = require(\"cluster\");","        local.crypto = require(\"crypto\");","        local.dgram = require(\"dgram\");","        local.dns = require(\"dns\");","        local.domain = require(\"domain\");","        local.events = require(\"events\");","        local.fs = require(\"fs\");","        local.http = require(\"http\");","        local.https = require(\"https\");","        local.net = require(\"net\");","        local.os = require(\"os\");","        local.path = require(\"path\");","        local.querystring = require(\"querystring\");","        local.readline = require(\"readline\");","        local.repl = require(\"repl\");","        local.stream = require(\"stream\");","        local.string_decoder = require(\"string_decoder\");","        local.timers = require(\"timers\");","        local.tls = require(\"tls\");","        local.tty = require(\"tty\");","        local.url = require(\"url\");","        local.util = require(\"util\");","        local.vm = require(\"vm\");","        local.zlib = require(\"zlib\");","    }","}(this));","","","","(function (local) {","\"use strict\";","","","","/* istanbul ignore next */","// run shared js-env code - init-before","(function () {","// init local","local = (","    globalThis.utility2_rollup","    // || globalThis.utility2_rollup_old","    // || require(\"./assets.utility2.rollup.js\")","    || globalThis.globalLocal",");","// init exports","if (local.isBrowser) {","    globalThis.utility2_bootstrap = local;","} else {","    module.exports = local;","    module.exports.__dirname = __dirname;","}","// init lib main","local.bootstrap = local;","","","","/* validateLineSortedReset */","if (local.isBrowser) {","    return;","}","// init assets","local.assetsDict = local.assetsDict || {};","[","    \"assets.bootstrap-v3.4.0.rollup.min.css\",","    \"assets.bootstrap-v3.4.0.rollup.min.js\"","].forEach(function (file) {","    if (globalThis.utility2_rollup) {","        return;","    }","    local.assetsDict[\"/\" + file] = local.fs.readFileSync(","        __dirname + \"/\" + file,","        \"utf8\"","    );","});","}());","","","","}());",""],"l":{"14":1,"16":1,"17":1,"19":1,"20":1,"21":1,"24":1,"26":1,"27":1,"28":1,"33":1,"34":1,"36":1,"37":1,"38":1,"39":1,"41":1,"45":1,"46":1,"47":1,"49":1,"57":1,"61":1,"62":1,"63":1,"65":1,"82":1,"84":1,"90":1,"92":1,"96":1,"98":1,"102":1,"104":1,"110":1,"111":1,"116":1,"119":1,"122":1,"123":1,"124":1,"125":1,"126":1,"127":1,"128":1,"129":1,"130":1,"131":1,"132":1,"133":1,"134":1,"135":1,"136":1,"137":1,"138":1,"139":1,"140":1,"141":1,"142":1,"143":1,"144":1,"145":1,"146":1,"147":1,"148":1,"149":1,"155":1,"162":1,"164":1,"171":1,"172":1,"174":1,"175":1,"178":1,"183":1,"184":1,"187":1,"188":1,"192":2,"193":1,"195":2}},"/home/travis/build/kaizhu256/node-bootstrap-lite/example.js":{"path":"/home/travis/build/kaizhu256/node-bootstrap-lite/example.js","s":{"1":2,"2":2,"3":2,"4":2,"5":2,"6":2,"7":2,"8":2,"9":0,"10":0,"11":0,"12":0,"13":0,"14":0,"15":0,"16":0,"17":0,"18":2,"19":2,"20":2,"21":2,"22":2,"23":0,"24":0,"25":0,"26":0,"27":0,"28":2,"29":0,"30":2,"31":0,"32":2,"33":0,"34":2,"35":0,"36":0,"37":0,"38":0,"39":2,"40":1,"41":1,"42":1,"43":1,"44":1,"45":1,"46":1,"47":1,"48":1,"49":1,"50":1,"51":1,"52":1,"53":1,"54":1,"55":1,"56":1,"57":1,"58":1,"59":1,"60":1,"61":1,"62":1,"63":1,"64":1,"65":1,"66":1,"67":2,"68":2,"69":2,"70":2,"71":2,"72":2,"73":1,"74":1,"75":1,"76":0,"77":1,"78":1,"79":1,"80":3,"81":3,"82":3,"83":0,"84":1,"85":1,"86":1,"87":6,"88":1,"89":2,"90":0,"91":2,"92":1,"93":1,"94":1,"95":1,"96":1,"97":0,"98":0,"99":0,"100":0,"101":0,"102":0,"103":0,"104":0,"105":0,"106":0,"107":0,"108":0,"109":0,"110":0,"111":0},"b":{"1":[0,2],"2":[2,1,1,1,1],"3":[0,0],"4":[0,0],"5":[0,0,0],"6":[0,0],"7":[0,0],"8":[0,0],"9":[0,0,0],"10":[0,0],"11":[1,1],"12":[2,2,2],"13":[1,0],"14":[0,1],"15":[1,0],"16":[3,3],"17":[0,3],"18":[1,1],"19":[1,2,0,2,1],"20":[1,0],"21":[1,0],"22":[0,0],"23":[0,0],"24":[0,0],"25":[0,0],"26":[0,0],"27":[0,0]},"f":{"1":2,"2":2,"3":0,"4":0,"5":0,"6":0,"7":0,"8":0,"9":0,"10":2,"11":2,"12":2,"13":1,"14":3,"15":6,"16":0},"fnMap":{"1":{"name":"(anonymous_1)","line":120,"loc":{"start":{"line":120,"column":1},"end":{"line":120,"column":23}},"skip":true},"2":{"name":"(anonymous_2)","line":125,"loc":{"start":{"line":125,"column":5},"end":{"line":125,"column":17}},"skip":true},"3":{"name":"(anonymous_3)","line":134,"loc":{"start":{"line":134,"column":41},"end":{"line":134,"column":53}},"skip":true},"4":{"name":"(anonymous_4)","line":163,"loc":{"start":{"line":163,"column":24},"end":{"line":163,"column":51}},"skip":true},"5":{"name":"(anonymous_5)","line":190,"loc":{"start":{"line":190,"column":26},"end":{"line":190,"column":41}},"skip":true},"6":{"name":"(anonymous_6)","line":198,"loc":{"start":{"line":198,"column":21},"end":{"line":198,"column":38}},"skip":true},"7":{"name":"(anonymous_7)","line":204,"loc":{"start":{"line":204,"column":16},"end":{"line":204,"column":28}},"skip":true},"8":{"name":"(anonymous_8)","line":210,"loc":{"start":{"line":210,"column":32},"end":{"line":210,"column":58}},"skip":true},"9":{"name":"(anonymous_9)","line":216,"loc":{"start":{"line":216,"column":36},"end":{"line":216,"column":51}},"skip":true},"10":{"name":"(anonymous_10)","line":261,"loc":{"start":{"line":261,"column":1},"end":{"line":261,"column":18}}},"11":{"name":"(anonymous_11)","line":267,"loc":{"start":{"line":267,"column":1},"end":{"line":267,"column":13}}},"12":{"name":"(anonymous_12)","line":282,"loc":{"start":{"line":282,"column":1},"end":{"line":282,"column":13}},"skip":true},"13":{"name":"(anonymous_13)","line":292,"loc":{"start":{"line":292,"column":1},"end":{"line":292,"column":13}},"skip":true},"14":{"name":"(anonymous_14)","line":305,"loc":{"start":{"line":305,"column":10},"end":{"line":305,"column":26}},"skip":true},"15":{"name":"(anonymous_15)","line":1187,"loc":{"start":{"line":1187,"column":3},"end":{"line":1187,"column":29}},"skip":true},"16":{"name":"(anonymous_16)","line":1224,"loc":{"start":{"line":1224,"column":24},"end":{"line":1224,"column":53}},"skip":true}},"statementMap":{"1":{"start":{"line":120,"column":0},"end":{"line":257,"column":9},"skip":true},"2":{"start":{"line":122,"column":4},"end":{"line":122,"column":21},"skip":true},"3":{"start":{"line":123,"column":4},"end":{"line":123,"column":14},"skip":true},"4":{"start":{"line":125,"column":4},"end":{"line":129,"column":9},"skip":true},"5":{"start":{"line":126,"column":8},"end":{"line":128,"column":27},"skip":true},"6":{"start":{"line":127,"column":12},"end":{"line":127,"column":51},"skip":true},"7":{"start":{"line":130,"column":4},"end":{"line":130,"column":39},"skip":true},"8":{"start":{"line":132,"column":4},"end":{"line":149,"column":5},"skip":true},"9":{"start":{"line":133,"column":8},"end":{"line":133,"column":37},"skip":true},"10":{"start":{"line":134,"column":8},"end":{"line":148,"column":10},"skip":true},"11":{"start":{"line":139,"column":12},"end":{"line":139,"column":24},"skip":true},"12":{"start":{"line":140,"column":12},"end":{"line":140,"column":44},"skip":true},"13":{"start":{"line":142,"column":12},"end":{"line":142,"column":62},"skip":true},"14":{"start":{"line":143,"column":12},"end":{"line":143,"column":49},"skip":true},"15":{"start":{"line":144,"column":12},"end":{"line":144,"column":49},"skip":true},"16":{"start":{"line":145,"column":12},"end":{"line":145,"column":31},"skip":true},"17":{"start":{"line":147,"column":12},"end":{"line":147,"column":30},"skip":true},"18":{"start":{"line":151,"column":4},"end":{"line":151,"column":15},"skip":true},"19":{"start":{"line":152,"column":4},"end":{"line":152,"column":24},"skip":true},"20":{"start":{"line":153,"column":4},"end":{"line":153,"column":35},"skip":true},"21":{"start":{"line":155,"column":4},"end":{"line":161,"column":6},"skip":true},"22":{"start":{"line":163,"column":4},"end":{"line":189,"column":6},"skip":true},"23":{"start":{"line":167,"column":8},"end":{"line":167,"column":18},"skip":true},"24":{"start":{"line":168,"column":8},"end":{"line":170,"column":9},"skip":true},"25":{"start":{"line":169,"column":12},"end":{"line":169,"column":19},"skip":true},"26":{"start":{"line":171,"column":8},"end":{"line":187,"column":10},"skip":true},"27":{"start":{"line":188,"column":8},"end":{"line":188,"column":20},"skip":true},"28":{"start":{"line":190,"column":4},"end":{"line":197,"column":6},"skip":true},"29":{"start":{"line":196,"column":8},"end":{"line":196,"column":32},"skip":true},"30":{"start":{"line":198,"column":4},"end":{"line":203,"column":6},"skip":true},"31":{"start":{"line":202,"column":8},"end":{"line":202,"column":21},"skip":true},"32":{"start":{"line":204,"column":4},"end":{"line":209,"column":6},"skip":true},"33":{"start":{"line":208,"column":8},"end":{"line":208,"column":15},"skip":true},"34":{"start":{"line":210,"column":4},"end":{"line":226,"column":6},"skip":true},"35":{"start":{"line":216,"column":8},"end":{"line":224,"column":11},"skip":true},"36":{"start":{"line":217,"column":12},"end":{"line":223,"column":13},"skip":true},"37":{"start":{"line":222,"column":16},"end":{"line":222,"column":57},"skip":true},"38":{"start":{"line":225,"column":8},"end":{"line":225,"column":22},"skip":true},"39":{"start":{"line":228,"column":4},"end":{"line":256,"column":5},"skip":true},"40":{"start":{"line":229,"column":8},"end":{"line":229,"column":41},"skip":true},"41":{"start":{"line":230,"column":8},"end":{"line":230,"column":41},"skip":true},"42":{"start":{"line":231,"column":8},"end":{"line":231,"column":55},"skip":true},"43":{"start":{"line":232,"column":8},"end":{"line":232,"column":43},"skip":true},"44":{"start":{"line":233,"column":8},"end":{"line":233,"column":41},"skip":true},"45":{"start":{"line":234,"column":8},"end":{"line":234,"column":39},"skip":true},"46":{"start":{"line":235,"column":8},"end":{"line":235,"column":35},"skip":true},"47":{"start":{"line":236,"column":8},"end":{"line":236,"column":41},"skip":true},"48":{"start":{"line":237,"column":8},"end":{"line":237,"column":41},"skip":true},"49":{"start":{"line":238,"column":8},"end":{"line":238,"column":33},"skip":true},"50":{"start":{"line":239,"column":8},"end":{"line":239,"column":37},"skip":true},"51":{"start":{"line":240,"column":8},"end":{"line":240,"column":39},"skip":true},"52":{"start":{"line":241,"column":8},"end":{"line":241,"column":35},"skip":true},"53":{"start":{"line":242,"column":8},"end":{"line":242,"column":33},"skip":true},"54":{"start":{"line":243,"column":8},"end":{"line":243,"column":37},"skip":true},"55":{"start":{"line":244,"column":8},"end":{"line":244,"column":51},"skip":true},"56":{"start":{"line":245,"column":8},"end":{"line":245,"column":45},"skip":true},"57":{"start":{"line":246,"column":8},"end":{"line":246,"column":37},"skip":true},"58":{"start":{"line":247,"column":8},"end":{"line":247,"column":41},"skip":true},"59":{"start":{"line":248,"column":8},"end":{"line":248,"column":57},"skip":true},"60":{"start":{"line":249,"column":8},"end":{"line":249,"column":41},"skip":true},"61":{"start":{"line":250,"column":8},"end":{"line":250,"column":35},"skip":true},"62":{"start":{"line":251,"column":8},"end":{"line":251,"column":35},"skip":true},"63":{"start":{"line":252,"column":8},"end":{"line":252,"column":35},"skip":true},"64":{"start":{"line":253,"column":8},"end":{"line":253,"column":37},"skip":true},"65":{"start":{"line":254,"column":8},"end":{"line":254,"column":33},"skip":true},"66":{"start":{"line":255,"column":8},"end":{"line":255,"column":37},"skip":true},"67":{"start":{"line":261,"column":0},"end":{"line":1237,"column":5}},"68":{"start":{"line":267,"column":0},"end":{"line":276,"column":5}},"69":{"start":{"line":269,"column":0},"end":{"line":273,"column":2}},"70":{"start":{"line":275,"column":0},"end":{"line":275,"column":25}},"71":{"start":{"line":282,"column":0},"end":{"line":286,"column":5},"skip":true},"72":{"start":{"line":283,"column":0},"end":{"line":285,"column":1},"skip":true},"73":{"start":{"line":284,"column":4},"end":{"line":284,"column":11},"skip":true},"74":{"start":{"line":292,"column":0},"end":{"line":1233,"column":5},"skip":true},"75":{"start":{"line":293,"column":0},"end":{"line":295,"column":1},"skip":true},"76":{"start":{"line":294,"column":4},"end":{"line":294,"column":11},"skip":true},"77":{"start":{"line":297,"column":0},"end":{"line":297,"column":23},"skip":true},"78":{"start":{"line":300,"column":0},"end":{"line":300,"column":42},"skip":true},"79":{"start":{"line":301,"column":0},"end":{"line":314,"column":3},"skip":true},"80":{"start":{"line":306,"column":4},"end":{"line":306,"column":22},"skip":true},"81":{"start":{"line":307,"column":4},"end":{"line":307,"column":58},"skip":true},"82":{"start":{"line":308,"column":4},"end":{"line":313,"column":5},"skip":true},"83":{"start":{"line":309,"column":8},"end":{"line":312,"column":10},"skip":true},"84":{"start":{"line":316,"column":0},"end":{"line":1174,"column":2},"skip":true},"85":{"start":{"line":1178,"column":0},"end":{"line":1181,"column":28},"skip":true},"86":{"start":{"line":1184,"column":0},"end":{"line":1200,"column":3},"skip":true},"87":{"start":{"line":1188,"column":4},"end":{"line":1199,"column":5},"skip":true},"88":{"start":{"line":1190,"column":8},"end":{"line":1190,"column":48},"skip":true},"89":{"start":{"line":1192,"column":8},"end":{"line":1192,"column":32},"skip":true},"90":{"start":{"line":1194,"column":8},"end":{"line":1194,"column":27},"skip":true},"91":{"start":{"line":1196,"column":8},"end":{"line":1196,"column":23},"skip":true},"92":{"start":{"line":1198,"column":8},"end":{"line":1198,"column":22},"skip":true},"93":{"start":{"line":1201,"column":0},"end":{"line":1201,"column":65},"skip":true},"94":{"start":{"line":1202,"column":0},"end":{"line":1202,"column":56},"skip":true},"95":{"start":{"line":1204,"column":0},"end":{"line":1206,"column":1},"skip":true},"96":{"start":{"line":1205,"column":4},"end":{"line":1205,"column":11},"skip":true},"97":{"start":{"line":1208,"column":0},"end":{"line":1211,"column":2},"skip":true},"98":{"start":{"line":1212,"column":0},"end":{"line":1212,"column":74},"skip":true},"99":{"start":{"line":1215,"column":0},"end":{"line":1217,"column":1},"skip":true},"100":{"start":{"line":1216,"column":4},"end":{"line":1216,"column":74},"skip":true},"101":{"start":{"line":1219,"column":0},"end":{"line":1221,"column":1},"skip":true},"102":{"start":{"line":1220,"column":4},"end":{"line":1220,"column":11},"skip":true},"103":{"start":{"line":1222,"column":0},"end":{"line":1222,"column":46},"skip":true},"104":{"start":{"line":1223,"column":0},"end":{"line":1223,"column":67},"skip":true},"105":{"start":{"line":1224,"column":0},"end":{"line":1232,"column":28},"skip":true},"106":{"start":{"line":1225,"column":4},"end":{"line":1225,"column":53},"skip":true},"107":{"start":{"line":1226,"column":4},"end":{"line":1229,"column":5},"skip":true},"108":{"start":{"line":1227,"column":8},"end":{"line":1227,"column":67},"skip":true},"109":{"start":{"line":1228,"column":8},"end":{"line":1228,"column":15},"skip":true},"110":{"start":{"line":1230,"column":4},"end":{"line":1230,"column":30},"skip":true},"111":{"start":{"line":1231,"column":4},"end":{"line":1231,"column":19},"skip":true}},"branchMap":{"1":{"line":132,"type":"if","locations":[{"start":{"line":132,"column":4},"end":{"line":132,"column":4},"skip":true},{"start":{"line":132,"column":4},"end":{"line":132,"column":4},"skip":true}]},"2":{"line":156,"type":"binary-expr","locations":[{"start":{"line":156,"column":8},"end":{"line":156,"column":34},"skip":true},{"start":{"line":157,"column":11},"end":{"line":157,"column":32},"skip":true},{"start":{"line":158,"column":11},"end":{"line":158,"column":54},"skip":true},{"start":{"line":159,"column":11},"end":{"line":159,"column":26},"skip":true},{"start":{"line":160,"column":11},"end":{"line":160,"column":62},"skip":true}]},"3":{"line":168,"type":"if","locations":[{"start":{"line":168,"column":8},"end":{"line":168,"column":8},"skip":true},{"start":{"line":168,"column":8},"end":{"line":168,"column":8},"skip":true}]},"4":{"line":173,"type":"cond-expr","locations":[{"start":{"line":179,"column":14},"end":{"line":179,"column":21},"skip":true},{"start":{"line":180,"column":14},"end":{"line":186,"column":13},"skip":true}]},"5":{"line":174,"type":"binary-expr","locations":[{"start":{"line":174,"column":16},"end":{"line":174,"column":23},"skip":true},{"start":{"line":175,"column":19},"end":{"line":175,"column":54},"skip":true},{"start":{"line":176,"column":19},"end":{"line":176,"column":52},"skip":true}]},"6":{"line":181,"type":"cond-expr","locations":[{"start":{"line":183,"column":18},"end":{"line":183,"column":25},"skip":true},{"start":{"line":185,"column":18},"end":{"line":185,"column":50},"skip":true}]},"7":{"line":196,"type":"binary-expr","locations":[{"start":{"line":196,"column":15},"end":{"line":196,"column":18},"skip":true},{"start":{"line":196,"column":22},"end":{"line":196,"column":31},"skip":true}]},"8":{"line":217,"type":"if","locations":[{"start":{"line":217,"column":12},"end":{"line":217,"column":12},"skip":true},{"start":{"line":217,"column":12},"end":{"line":217,"column":12},"skip":true}]},"9":{"line":218,"type":"binary-expr","locations":[{"start":{"line":218,"column":16},"end":{"line":218,"column":36},"skip":true},{"start":{"line":219,"column":19},"end":{"line":219,"column":44},"skip":true},{"start":{"line":220,"column":19},"end":{"line":220,"column":37},"skip":true}]},"10":{"line":222,"type":"binary-expr","locations":[{"start":{"line":222,"column":30},"end":{"line":222,"column":41},"skip":true},{"start":{"line":222,"column":45},"end":{"line":222,"column":56},"skip":true}]},"11":{"line":228,"type":"if","locations":[{"start":{"line":228,"column":4},"end":{"line":228,"column":4},"skip":true},{"start":{"line":228,"column":4},"end":{"line":228,"column":4},"skip":true}]},"12":{"line":270,"type":"binary-expr","locations":[{"start":{"line":270,"column":4},"end":{"line":270,"column":30}},{"start":{"line":271,"column":7},"end":{"line":271,"column":36}},{"start":{"line":272,"column":7},"end":{"line":272,"column":40}}]},"13":{"line":283,"type":"if","locations":[{"start":{"line":283,"column":0},"end":{"line":283,"column":0},"skip":true},{"start":{"line":283,"column":0},"end":{"line":283,"column":0},"skip":true}]},"14":{"line":293,"type":"if","locations":[{"start":{"line":293,"column":0},"end":{"line":293,"column":0},"skip":true},{"start":{"line":293,"column":0},"end":{"line":293,"column":0},"skip":true}]},"15":{"line":300,"type":"binary-expr","locations":[{"start":{"line":300,"column":19},"end":{"line":300,"column":35},"skip":true},{"start":{"line":300,"column":39},"end":{"line":300,"column":41},"skip":true}]},"16":{"line":307,"type":"binary-expr","locations":[{"start":{"line":307,"column":29},"end":{"line":307,"column":51},"skip":true},{"start":{"line":307,"column":55},"end":{"line":307,"column":57},"skip":true}]},"17":{"line":308,"type":"if","locations":[{"start":{"line":308,"column":4},"end":{"line":308,"column":4},"skip":true},{"start":{"line":308,"column":4},"end":{"line":308,"column":4},"skip":true}]},"18":{"line":1179,"type":"binary-expr","locations":[{"start":{"line":1179,"column":4},"end":{"line":1179,"column":44},"skip":true},{"start":{"line":1180,"column":4},"end":{"line":1181,"column":27},"skip":true}]},"19":{"line":1188,"type":"switch","locations":[{"start":{"line":1189,"column":4},"end":{"line":1190,"column":48},"skip":true},{"start":{"line":1191,"column":4},"end":{"line":1192,"column":32},"skip":true},{"start":{"line":1193,"column":4},"end":{"line":1194,"column":27},"skip":true},{"start":{"line":1195,"column":4},"end":{"line":1196,"column":23},"skip":true},{"start":{"line":1197,"column":4},"end":{"line":1198,"column":22},"skip":true}]},"20":{"line":1204,"type":"if","locations":[{"start":{"line":1204,"column":0},"end":{"line":1204,"column":0},"skip":true},{"start":{"line":1204,"column":0},"end":{"line":1204,"column":0},"skip":true}]},"21":{"line":1204,"type":"binary-expr","locations":[{"start":{"line":1204,"column":4},"end":{"line":1204,"column":27},"skip":true},{"start":{"line":1204,"column":31},"end":{"line":1204,"column":57},"skip":true}]},"22":{"line":1209,"type":"binary-expr","locations":[{"start":{"line":1209,"column":4},"end":{"line":1209,"column":42},"skip":true},{"start":{"line":1210,"column":7},"end":{"line":1210,"column":48},"skip":true}]},"23":{"line":1212,"type":"binary-expr","locations":[{"start":{"line":1212,"column":35},"end":{"line":1212,"column":67},"skip":true},{"start":{"line":1212,"column":71},"end":{"line":1212,"column":73},"skip":true}]},"24":{"line":1215,"type":"if","locations":[{"start":{"line":1215,"column":0},"end":{"line":1215,"column":0},"skip":true},{"start":{"line":1215,"column":0},"end":{"line":1215,"column":0},"skip":true}]},"25":{"line":1219,"type":"if","locations":[{"start":{"line":1219,"column":0},"end":{"line":1219,"column":0},"skip":true},{"start":{"line":1219,"column":0},"end":{"line":1219,"column":0},"skip":true}]},"26":{"line":1222,"type":"binary-expr","locations":[{"start":{"line":1222,"column":19},"end":{"line":1222,"column":35},"skip":true},{"start":{"line":1222,"column":39},"end":{"line":1222,"column":45},"skip":true}]},"27":{"line":1226,"type":"if","locations":[{"start":{"line":1226,"column":4},"end":{"line":1226,"column":4},"skip":true},{"start":{"line":1226,"column":4},"end":{"line":1226,"column":4},"skip":true}]}},"code":["","","","","","","","","","","","","","","","","","","","","","","","","","","","","","","","","","","","","","","","","","","","","","","","","","","","","","","","","","","","","","","","","","","","","","","","","","","","","","","","","","","","","","","","","","","","","","","","","","","","","","/*","example.js","","this script will run a web-demo of bootstrap-lite","","instruction","    1. save this script as example.js","    2. run shell-command:","        $ npm install bootstrap-lite && PORT=8081 node example.js","    3. open a browser to http://127.0.0.1:8081 and play with web-demo","    4. edit this script to suit your needs","*/","","","","/* istanbul instrument in package bootstrap */","/* istanbul ignore next */","/* jslint utility2:true */","(function (globalThis) {","    \"use strict\";","    var consoleError;","    var local;","    // init globalThis","    (function () {","        try {","            globalThis = Function(\"return this\")(); // jslint ignore:line","        } catch (ignore) {}","    }());","    globalThis.globalThis = globalThis;","    // init debug_inline","    if (!globalThis[\"debug\\u0049nline\"]) {","        consoleError = console.error;","        globalThis[\"debug\\u0049nline\"] = function () {","        /*","         * this function will both print <arguments> to stderr","         * and return <arguments>[0]","         */","            var argList;","            argList = Array.from(arguments); // jslint ignore:line","            // debug arguments","            globalThis[\"debug\\u0049nlineArguments\"] = argList;","            consoleError(\"\\n\\ndebug\\u0049nline\");","            consoleError.apply(console, argList);","            consoleError(\"\\n\");","            // return arg0 for inspection","            return argList[0];","        };","    }","    // init local","    local = {};","    local.local = local;","    globalThis.globalLocal = local;","    // init isBrowser","    local.isBrowser = (","        typeof window === \"object\"","        && window === globalThis","        && typeof window.XMLHttpRequest === \"function\"","        && window.document","        && typeof window.document.querySelector === \"function\"","    );","    // init function","    local.assertThrow = function (passed, message) {","    /*","     * this function will throw error <message> if <passed> is falsy","     */","        var error;","        if (passed) {","            return;","        }","        error = (","            // ternary-condition","            (","                message","                && typeof message.message === \"string\"","                && typeof message.stack === \"string\"","            )","            // if message is an error-object, then leave it as is","            ? message","            : new Error(","                typeof message === \"string\"","                // if message is a string, then leave it as is","                ? message","                // else JSON.stringify message","                : JSON.stringify(message, null, 4)","            )","        );","        throw error;","    };","    local.functionOrNop = function (fnc) {","    /*","     * this function will if <fnc> exists,","     * them return <fnc>,","     * else return <nop>","     */","        return fnc || local.nop;","    };","    local.identity = function (value) {","    /*","     * this function will return <value>","     */","        return value;","    };","    local.nop = function () {","    /*","     * this function will do nothing","     */","        return;","    };","    local.objectAssignDefault = function (target, source) {","    /*","     * this function will if items from <target> are","     * null, undefined, or empty-string,","     * then overwrite them with items from <source>","     */","        Object.keys(source).forEach(function (key) {","            if (","                target[key] === null","                || target[key] === undefined","                || target[key] === \"\"","            ) {","                target[key] = target[key] || source[key];","            }","        });","        return target;","    };","    // require builtin","    if (!local.isBrowser) {","        local.assert = require(\"assert\");","        local.buffer = require(\"buffer\");","        local.child_process = require(\"child_process\");","        local.cluster = require(\"cluster\");","        local.crypto = require(\"crypto\");","        local.dgram = require(\"dgram\");","        local.dns = require(\"dns\");","        local.domain = require(\"domain\");","        local.events = require(\"events\");","        local.fs = require(\"fs\");","        local.http = require(\"http\");","        local.https = require(\"https\");","        local.net = require(\"net\");","        local.os = require(\"os\");","        local.path = require(\"path\");","        local.querystring = require(\"querystring\");","        local.readline = require(\"readline\");","        local.repl = require(\"repl\");","        local.stream = require(\"stream\");","        local.string_decoder = require(\"string_decoder\");","        local.timers = require(\"timers\");","        local.tls = require(\"tls\");","        local.tty = require(\"tty\");","        local.url = require(\"url\");","        local.util = require(\"util\");","        local.vm = require(\"vm\");","        local.zlib = require(\"zlib\");","    }","}(this));","","","","(function (local) {","\"use strict\";","","","","// run shared js-env code - init-before","(function () {","// init local","local = (","    globalThis.utility2_rollup","    || globalThis.utility2_bootstrap","    || globalThis.utility2_moduleExports",");","// init exports","globalThis.local = local;","}());","","","","/* istanbul ignore next */","// run browser js-env code - init-test","(function () {","if (!local.isBrowser) {","    return;","}","}());","","","","/* istanbul ignore next */","// run node js-env code - init-test","(function () {","if (local.isBrowser) {","    return;","}","// init exports","module.exports = local;","/* validateLineSortedReset */","// init assets","local.assetsDict = local.assetsDict || {};","[","    \"assets.index.template.html\",","    \"assets.swgg.swagger.json\",","    \"assets.swgg.swagger.server.json\"","].forEach(function (file) {","    file = \"/\" + file;","    local.assetsDict[file] = local.assetsDict[file] || \"\";","    if (local.fs.existsSync(local.__dirname + file)) {","        local.assetsDict[file] = local.fs.readFileSync(","            local.__dirname + file,","            \"utf8\"","        );","    }","});","/* jslint ignore:start */","local.assetsDict[\"/assets.index.template.html\"] = '\\","<!doctype html>\\n\\","<html lang=\"en\">\\n\\","<head>\\n\\","<meta charset=\"utf-8\">\\n\\","<meta name=\"viewport\" content=\"width=device-width, initial-scale=1\">\\n\\","<!-- \"assets.utility2.template.html\" -->\\n\\","<title>{{env.npm_package_name}} ({{env.npm_package_version}})</title>\\n\\","<link href=\"assets.bootstrap-v3.4.0.rollup.min.css\" rel=\"stylesheet\">\\n\\","<style>\\n\\","/*\\n\\","  * Base structure\\n\\","  */\\n\\","/* Move down content because we have a fixed navbar that is 50px tall */\\n\\","body {\\n\\","    padding-top: 50px;\\n\\","}\\n\\","/*\\n\\","  * Global add-ons\\n\\","  */\\n\\",".sub-header {\\n\\","    padding-bottom: 10px;\\n\\","    border-bottom: 1px solid #eee;\\n\\","}\\n\\","/*\\n\\","  * Top navigation\\n\\","  * Hide default border to remove 1px line.\\n\\","  */\\n\\",".navbar-fixed-top {\\n\\","    border: 0;\\n\\","}\\n\\","/*\\n\\","  * Sidebar\\n\\","  */\\n\\","/* Hide for mobile, show later */\\n\\",".sidebar {\\n\\","    display: none;\\n\\","}\\n\\","@media (min-width: 768px) {\\n\\","    .sidebar {\\n\\","        position: fixed;\\n\\","        top: 51px;\\n\\","        bottom: 0;\\n\\","        left: 0;\\n\\","        z-index: 1000;\\n\\","        display: block;\\n\\","        padding: 20px;\\n\\","        overflow-x: hidden;\\n\\","        overflow-y: auto; /* Scrollable contents if viewport is shorter than content. */\\n\\","        background-color: #f5f5f5;\\n\\","        border-right: 1px solid #eee;\\n\\","    }\\n\\","}\\n\\","/* Sidebar navigation */\\n\\",".nav-sidebar {\\n\\","    margin-right: -21px; /* 20px padding + 1px border */\\n\\","    margin-bottom: 20px;\\n\\","    margin-left: -20px;\\n\\","}\\n\\",".nav-sidebar > li > a {\\n\\","    padding-right: 20px;\\n\\","    padding-left: 20px;\\n\\","}\\n\\",".nav-sidebar > .active > a,\\n\\",".nav-sidebar > .active > a:hover,\\n\\",".nav-sidebar > .active > a:focus {\\n\\","    color: #fff;\\n\\","    background-color: #428bca;\\n\\","}\\n\\","/*\\n\\","  * Main content\\n\\","  */\\n\\",".main {\\n\\","    padding: 20px;\\n\\","}\\n\\","@media (min-width: 768px) {\\n\\","    .main {\\n\\","        padding-right: 40px;\\n\\","        padding-left: 40px;\\n\\","    }\\n\\","}\\n\\",".main .page-header {\\n\\","    margin-top: 0;\\n\\","}\\n\\","/*\\n\\","  * Placeholder dashboard ideas\\n\\","  */\\n\\",".placeholders {\\n\\","    margin-bottom: 30px;\\n\\","    text-align: center;\\n\\","}\\n\\",".placeholders h4 {\\n\\","    margin-bottom: 0;\\n\\","}\\n\\",".placeholder {\\n\\","    margin-bottom: 20px;\\n\\","}\\n\\",".placeholder img {\\n\\","    display: inline-block;\\n\\","    border-radius: 50%;\\n\\","}\\n\\","</style>\\n\\","</head>\\n\\","<!-- http://getbootstrap.com/docs/3.3/examples/dashboard/ -->\\n\\","<body>\\n\\","<nav class=\"navbar navbar-fixed-top navbar-inverse\">\\n\\","    <div class=\"container-fluid\">\\n\\","        <div class=\"navbar-header\">\\n\\","            <button type=\"button\" class=\"collapsed navbar-toggle\" data-toggle=\"collapse\" data-target=\"#navbar\" aria-expanded=\"false\" aria-controls=\"navbar\">\\n\\","                <span class=\"sr-only\">Toggle navigation</span>\\n\\","                <span class=\"icon-bar\"></span>\\n\\","                <span class=\"icon-bar\"></span>\\n\\","                <span class=\"icon-bar\"></span>\\n\\","            </button>\\n\\","            <a class=\"navbar-brand\" href=\"#\">Project name</a>\\n\\","        </div>\\n\\","        <div id=\"navbar\" class=\"collapse navbar-collapse\">\\n\\","            <ul class=\"nav navbar-nav navbar-right\">\\n\\","                <li><a href=\"#\">Dashboard</a></li>\\n\\","                <li><a href=\"#\">Settings</a></li>\\n\\","                <li><a href=\"#\">Profile</a></li>\\n\\","                <li><a href=\"#\">Help</a></li>\\n\\","            </ul>\\n\\","            <form class=\"navbar-form navbar-right\">\\n\\","                <input type=\"text\" class=\"form-control\" placeholder=\"Search...\">\\n\\","            </form>\\n\\","        </div>\\n\\","    </div>\\n\\","</nav>\\n\\","<div class=\"container-fluid\">\\n\\","    <div class=\"row\">\\n\\","        <div class=\"col-md-2 col-sm-3 sidebar\">\\n\\","            <ul class=\"nav nav-sidebar\">\\n\\","                <li class=\"active\"><a href=\"#\">Overview <span class=\"sr-only\">(current)</span></a></li>\\n\\","                <li><a href=\"#\">Reports</a></li>\\n\\","                <li><a href=\"#\">Analytics</a></li>\\n\\","                <li><a href=\"#\">Export</a></li>\\n\\","            </ul>\\n\\","            <ul class=\"nav nav-sidebar\">\\n\\","                <li><a href=\"\">Nav item</a></li>\\n\\","                <li><a href=\"\">Nav item again</a></li>\\n\\","                <li><a href=\"\">One more nav</a></li>\\n\\","                <li><a href=\"\">Another nav item</a></li>\\n\\","                <li><a href=\"\">More navigation</a></li>\\n\\","            </ul>\\n\\","            <ul class=\"nav nav-sidebar\">\\n\\","                <li><a href=\"\">Nav item again</a></li>\\n\\","                <li><a href=\"\">One more nav</a></li>\\n\\","                <li><a href=\"\">Another nav item</a></li>\\n\\","            </ul>\\n\\","        </div>\\n\\","        <div class=\"col-md-10 col-md-offset-2 col-sm-9 col-sm-offset-3 main\">\\n\\","\\n\\","\\n\\","\\n\\","<!-- Main jumbotron for a primary marketing message or call to action -->\\n\\","<div class=\"jumbotron\">\\n\\","    <h1>\\n\\","    <!-- utility2-comment\\n\\","        <a\\n\\","            {{#if env.npm_package_homepage}}\\n\\","            href=\"{{env.npm_package_homepage}}\"\\n\\","            {{/if env.npm_package_homepage}}\\n\\","            target=\"_blank\"\\n\\","        >\\n\\","    utility2-comment -->\\n\\","            {{env.npm_package_name}} ({{env.npm_package_version}})\\n\\","    <!-- utility2-comment\\n\\","        </a>\\n\\","    utility2-comment -->\\n\\","    </h1>\\n\\","    <p>{{env.npm_package_description}}</p>\\n\\","    <!-- utility2-comment\\n\\","    utility2-comment -->\\n\\","</div>\\n\\","<h1 class=\"page-header\">Dashboard</h1>\\n\\","<div class=\"placeholders row\">\\n\\","    <div class=\"col-sm-3 col-xs-6 placeholder\">\\n\\","        <img src=\"data:image/gif;base64,R0lGODlhAQABAIAAAHd3dwAAACH5BAAAAAAALAAAAAABAAEAAAICRAEAOw==\" width=\"200\" height=\"200\" class=\"img-responsive\" alt=\"Generic placeholder thumbnail\">\\n\\","        <h4>Label</h4>\\n\\","        <span class=\"text-muted\">Something else</span>\\n\\","    </div>\\n\\","    <div class=\"col-sm-3 col-xs-6 placeholder\">\\n\\","        <img src=\"data:image/gif;base64,R0lGODlhAQABAIAAAHd3dwAAACH5BAAAAAAALAAAAAABAAEAAAICRAEAOw==\" width=\"200\" height=\"200\" class=\"img-responsive\" alt=\"Generic placeholder thumbnail\">\\n\\","        <h4>Label</h4>\\n\\","        <span class=\"text-muted\">Something else</span>\\n\\","    </div>\\n\\","    <div class=\"col-sm-3 col-xs-6 placeholder\">\\n\\","        <img src=\"data:image/gif;base64,R0lGODlhAQABAIAAAHd3dwAAACH5BAAAAAAALAAAAAABAAEAAAICRAEAOw==\" width=\"200\" height=\"200\" class=\"img-responsive\" alt=\"Generic placeholder thumbnail\">\\n\\","        <h4>Label</h4>\\n\\","        <span class=\"text-muted\">Something else</span>\\n\\","    </div>\\n\\","    <div class=\"col-sm-3 col-xs-6 placeholder\">\\n\\","        <img src=\"data:image/gif;base64,R0lGODlhAQABAIAAAHd3dwAAACH5BAAAAAAALAAAAAABAAEAAAICRAEAOw==\" width=\"200\" height=\"200\" class=\"img-responsive\" alt=\"Generic placeholder thumbnail\">\\n\\","        <h4>Label</h4>\\n\\","        <span class=\"text-muted\">Something else</span>\\n\\","    </div>\\n\\","</div>\\n\\","<h2 class=\"sub-header\">Section title</h2>\\n\\","<div class=\"table-responsive\">\\n\\","    <table class=\"table table-striped\">\\n\\","        <thead>\\n\\","            <tr>\\n\\","                <th>#</th>\\n\\","                <th>Header</th>\\n\\","                <th>Header</th>\\n\\","                <th>Header</th>\\n\\","                <th>Header</th>\\n\\","            </tr>\\n\\","        </thead>\\n\\","        <tbody>\\n\\","            <tr>\\n\\","                <td>1,001</td>\\n\\","                <td>Lorem</td>\\n\\","                <td>ipsum</td>\\n\\","                <td>dolor</td>\\n\\","                <td>sit</td>\\n\\","            </tr>\\n\\","            <tr>\\n\\","                <td>1,002</td>\\n\\","                <td>amet</td>\\n\\","                <td>consectetur</td>\\n\\","                <td>adipiscing</td>\\n\\","                <td>elit</td>\\n\\","            </tr>\\n\\","            <tr>\\n\\","                <td>1,003</td>\\n\\","                <td>Integer</td>\\n\\","                <td>nec</td>\\n\\","                <td>odio</td>\\n\\","                <td>Praesent</td>\\n\\","            </tr>\\n\\","            <tr>\\n\\","                <td>1,003</td>\\n\\","                <td>libero</td>\\n\\","                <td>Sed</td>\\n\\","                <td>cursus</td>\\n\\","                <td>ante</td>\\n\\","            </tr>\\n\\","            <tr>\\n\\","                <td>1,004</td>\\n\\","                <td>dapibus</td>\\n\\","                <td>diam</td>\\n\\","                <td>Sed</td>\\n\\","                <td>nisi</td>\\n\\","            </tr>\\n\\","            <tr>\\n\\","                <td>1,005</td>\\n\\","                <td>Nulla</td>\\n\\","                <td>quis</td>\\n\\","                <td>sem</td>\\n\\","                <td>at</td>\\n\\","            </tr>\\n\\","            <tr>\\n\\","                <td>1,006</td>\\n\\","                <td>nibh</td>\\n\\","                <td>elementum</td>\\n\\","                <td>imperdiet</td>\\n\\","                <td>Duis</td>\\n\\","            </tr>\\n\\","            <tr>\\n\\","                <td>1,007</td>\\n\\","                <td>sagittis</td>\\n\\","                <td>ipsum</td>\\n\\","                <td>Praesent</td>\\n\\","                <td>mauris</td>\\n\\","            </tr>\\n\\","            <tr>\\n\\","                <td>1,008</td>\\n\\","                <td>Fusce</td>\\n\\","                <td>nec</td>\\n\\","                <td>tellus</td>\\n\\","                <td>sed</td>\\n\\","            </tr>\\n\\","            <tr>\\n\\","                <td>1,009</td>\\n\\","                <td>augue</td>\\n\\","                <td>semper</td>\\n\\","                <td>porta</td>\\n\\","                <td>Mauris</td>\\n\\","            </tr>\\n\\","            <tr>\\n\\","                <td>1,010</td>\\n\\","                <td>massa</td>\\n\\","                <td>Vestibulum</td>\\n\\","                <td>lacinia</td>\\n\\","                <td>arcu</td>\\n\\","            </tr>\\n\\","            <tr>\\n\\","                <td>1,011</td>\\n\\","                <td>eget</td>\\n\\","                <td>nulla</td>\\n\\","                <td>Class</td>\\n\\","                <td>aptent</td>\\n\\","            </tr>\\n\\","            <tr>\\n\\","                <td>1,012</td>\\n\\","                <td>taciti</td>\\n\\","                <td>sociosqu</td>\\n\\","                <td>ad</td>\\n\\","                <td>litora</td>\\n\\","            </tr>\\n\\","            <tr>\\n\\","                <td>1,013</td>\\n\\","                <td>torquent</td>\\n\\","                <td>per</td>\\n\\","                <td>conubia</td>\\n\\","                <td>nostra</td>\\n\\","            </tr>\\n\\","            <tr>\\n\\","                <td>1,014</td>\\n\\","                <td>per</td>\\n\\","                <td>inceptos</td>\\n\\","                <td>himenaeos</td>\\n\\","                <td>Curabitur</td>\\n\\","            </tr>\\n\\","            <tr>\\n\\","                <td>1,015</td>\\n\\","                <td>sodales</td>\\n\\","                <td>ligula</td>\\n\\","                <td>in</td>\\n\\","                <td>libero</td>\\n\\","            </tr>\\n\\","        </tbody>\\n\\","    </table>\\n\\","</div>\\n\\","<div class=\"page-header\">\\n\\","    <h1>Buttons</h1>\\n\\","</div>\\n\\","<p>\\n\\","    <button type=\"button\" class=\"btn btn-default btn-lg\">Default</button>\\n\\","    <button type=\"button\" class=\"btn btn-lg btn-primary\">Primary</button>\\n\\","    <button type=\"button\" class=\"btn btn-lg btn-success\">Success</button>\\n\\","    <button type=\"button\" class=\"btn btn-info btn-lg\">Info</button>\\n\\","    <button type=\"button\" class=\"btn btn-lg btn-warning\">Warning</button>\\n\\","    <button type=\"button\" class=\"btn btn-danger btn-lg\">Danger</button>\\n\\","    <button type=\"button\" class=\"btn btn-lg btn-link\">Link</button>\\n\\","</p>\\n\\","<p>\\n\\","    <button type=\"button\" class=\"btn btn-default\">Default</button>\\n\\","    <button type=\"button\" class=\"btn btn-primary\">Primary</button>\\n\\","    <button type=\"button\" class=\"btn btn-success\">Success</button>\\n\\","    <button type=\"button\" class=\"btn btn-info\">Info</button>\\n\\","    <button type=\"button\" class=\"btn btn-warning\">Warning</button>\\n\\","    <button type=\"button\" class=\"btn btn-danger\">Danger</button>\\n\\","    <button type=\"button\" class=\"btn btn-link\">Link</button>\\n\\","</p>\\n\\","<p>\\n\\","    <button type=\"button\" class=\"btn btn-default btn-sm\">Default</button>\\n\\","    <button type=\"button\" class=\"btn btn-primary btn-sm\">Primary</button>\\n\\","    <button type=\"button\" class=\"btn btn-sm btn-success\">Success</button>\\n\\","    <button type=\"button\" class=\"btn btn-info btn-sm\">Info</button>\\n\\","    <button type=\"button\" class=\"btn btn-sm btn-warning\">Warning</button>\\n\\","    <button type=\"button\" class=\"btn btn-danger btn-sm\">Danger</button>\\n\\","    <button type=\"button\" class=\"btn btn-link btn-sm\">Link</button>\\n\\","</p>\\n\\","<p>\\n\\","    <button type=\"button\" class=\"btn btn-default btn-xs\">Default</button>\\n\\","    <button type=\"button\" class=\"btn btn-primary btn-xs\">Primary</button>\\n\\","    <button type=\"button\" class=\"btn btn-success btn-xs\">Success</button>\\n\\","    <button type=\"button\" class=\"btn btn-info btn-xs\">Info</button>\\n\\","    <button type=\"button\" class=\"btn btn-warning btn-xs\">Warning</button>\\n\\","    <button type=\"button\" class=\"btn btn-danger btn-xs\">Danger</but
[...]
\n\\","        <div class=\"navbar-header\">\\n\\","            <button type=\"button\" class=\"collapsed navbar-toggle\" data-toggle=\"collapse\" data-target=\".navbar-collapse\">\\n\\","                <span class=\"sr-only\">Toggle navigation</span>\\n\\","                <span class=\"icon-bar\"></span>\\n\\","                <span class=\"icon-bar\"></span>\\n\\","                <span class=\"icon-bar\"></span>\\n\\","            </button>\\n\\","            <a class=\"navbar-brand\" href=\"#\">Project name</a>\\n\\","        </div>\\n\\","        <div class=\"collapse navbar-collapse\">\\n\\","            <ul class=\"nav navbar-nav\">\\n\\","                <li class=\"active\"><a href=\"#\">Home</a></li>\\n\\","                <li><a href=\"#about\">About</a></li>\\n\\","                <li><a href=\"#contact\">Contact</a></li>\\n\\","                <li class=\"dropdown\">\\n\\","                    <a href=\"#\" class=\"dropdown-toggle\" data-toggle=\"dropdown\" role=\"button\" aria-haspopup=\"true\" aria-expanded=\"false\">Dropdown <span class=\"caret\"></span></a>\\n\\","                    <ul class=\"dropdown-menu\">\\n\\","                        <li><a href=\"#\">Action</a></li>\\n\\","                        <li><a href=\"#\">Another action</a></li>\\n\\","                        <li><a href=\"#\">Something else here</a></li>\\n\\","                        <li role=\"separator\" class=\"divider\"></li>\\n\\","                        <li class=\"dropdown-header\">Nav header</li>\\n\\","                        <li><a href=\"#\">Separated link</a></li>\\n\\","                        <li><a href=\"#\">One more separated link</a></li>\\n\\","                    </ul>\\n\\","                </li>\\n\\","            </ul>\\n\\","        </div><!--/.nav-collapse -->\\n\\","    </div>\\n\\","</nav>\\n\\","<nav class=\"navbar navbar-inverse\">\\n\\","    <div class=\"container\">\\n\\","        <div class=\"navbar-header\">\\n\\","            <button type=\"button\" class=\"collapsed navbar-toggle\" data-toggle=\"collapse\" data-target=\".navbar-collapse\">\\n\\","                <span class=\"sr-only\">Toggle navigation</span>\\n\\","                <span class=\"icon-bar\"></span>\\n\\","                <span class=\"icon-bar\"></span>\\n\\","                <span class=\"icon-bar\"></span>\\n\\","            </button>\\n\\","            <a class=\"navbar-brand\" href=\"#\">Project name</a>\\n\\","        </div>\\n\\","        <div class=\"collapse navbar-collapse\">\\n\\","            <ul class=\"nav navbar-nav\">\\n\\","                <li class=\"active\"><a href=\"#\">Home</a></li>\\n\\","                <li><a href=\"#about\">About</a></li>\\n\\","                <li><a href=\"#contact\">Contact</a></li>\\n\\","                <li class=\"dropdown\">\\n\\","                    <a href=\"#\" class=\"dropdown-toggle\" data-toggle=\"dropdown\" role=\"button\" aria-haspopup=\"true\" aria-expanded=\"false\">Dropdown <span class=\"caret\"></span></a>\\n\\","                    <ul class=\"dropdown-menu\">\\n\\","                        <li><a href=\"#\">Action</a></li>\\n\\","                        <li><a href=\"#\">Another action</a></li>\\n\\","                        <li><a href=\"#\">Something else here</a></li>\\n\\","                        <li role=\"separator\" class=\"divider\"></li>\\n\\","                        <li class=\"dropdown-header\">Nav header</li>\\n\\","                        <li><a href=\"#\">Separated link</a></li>\\n\\","                        <li><a href=\"#\">One more separated link</a></li>\\n\\","                    </ul>\\n\\","                </li>\\n\\","            </ul>\\n\\","        </div><!--/.nav-collapse -->\\n\\","    </div>\\n\\","</nav>\\n\\","<div class=\"page-header\">\\n\\","    <h1>Alerts</h1>\\n\\","</div>\\n\\","<div class=\"alert alert-success\" role=\"alert\">\\n\\","    <strong>Well done!</strong> You successfully read this important alert message.\\n\\","</div>\\n\\","<div class=\"alert alert-info\" role=\"alert\">\\n\\","    <strong>Heads up!</strong> This alert needs your attention, but it\\'s not super important.\\n\\","</div>\\n\\","<div class=\"alert alert-warning\" role=\"alert\">\\n\\","    <strong>Warning!</strong> Best check yo self, you\\'re not looking too good.\\n\\","</div>\\n\\","<div class=\"alert alert-danger\" role=\"alert\">\\n\\","    <strong>Oh snap!</strong> Change a few things up and try submitting again.\\n\\","</div>\\n\\","<div class=\"page-header\">\\n\\","    <h1>Progress bars</h1>\\n\\","</div>\\n\\","<div class=\"progress\">\\n\\","    <div class=\"progress-bar\" role=\"progressbar\" aria-valuenow=\"60\" aria-valuemin=\"0\" aria-valuemax=\"100\" style=\"width: 60%;\"><span class=\"sr-only\">60% Complete</span></div>\\n\\","</div>\\n\\","<div class=\"progress\">\\n\\","    <div class=\"progress-bar progress-bar-success\" role=\"progressbar\" aria-valuenow=\"40\" aria-valuemin=\"0\" aria-valuemax=\"100\" style=\"width: 40%\"><span class=\"sr-only\">40% Complete (success)</span></div>\\n\\","</div>\\n\\","<div class=\"progress\">\\n\\","    <div class=\"progress-bar progress-bar-info\" role=\"progressbar\" aria-valuenow=\"20\" aria-valuemin=\"0\" aria-valuemax=\"100\" style=\"width: 20%\"><span class=\"sr-only\">20% Complete</span></div>\\n\\","</div>\\n\\","<div class=\"progress\">\\n\\","    <div class=\"progress-bar progress-bar-warning\" role=\"progressbar\" aria-valuenow=\"60\" aria-valuemin=\"0\" aria-valuemax=\"100\" style=\"width: 60%\"><span class=\"sr-only\">60% Complete (warning)</span></div>\\n\\","</div>\\n\\","<div class=\"progress\">\\n\\","    <div class=\"progress-bar progress-bar-danger\" role=\"progressbar\" aria-valuenow=\"80\" aria-valuemin=\"0\" aria-valuemax=\"100\" style=\"width: 80%\"><span class=\"sr-only\">80% Complete (danger)</span></div>\\n\\","</div>\\n\\","<div class=\"progress\">\\n\\","    <div class=\"progress-bar progress-bar-striped\" role=\"progressbar\" aria-valuenow=\"60\" aria-valuemin=\"0\" aria-valuemax=\"100\" style=\"width: 60%\"><span class=\"sr-only\">60% Complete</span></div>\\n\\","</div>\\n\\","<div class=\"progress\">\\n\\","    <div class=\"progress-bar progress-bar-success\" style=\"width: 35%\"><span class=\"sr-only\">35% Complete (success)</span></div>\\n\\","    <div class=\"progress-bar progress-bar-warning\" style=\"width: 20%\"><span class=\"sr-only\">20% Complete (warning)</span></div>\\n\\","    <div class=\"progress-bar progress-bar-danger\" style=\"width: 10%\"><span class=\"sr-only\">10% Complete (danger)</span></div>\\n\\","</div>\\n\\","<div class=\"page-header\">\\n\\","    <h1>List groups</h1>\\n\\","</div>\\n\\","<div class=\"row\">\\n\\","    <div class=\"col-sm-4\">\\n\\","        <ul class=\"list-group\">\\n\\","            <li class=\"list-group-item\">Cras justo odio</li>\\n\\","            <li class=\"list-group-item\">Dapibus ac facilisis in</li>\\n\\","            <li class=\"list-group-item\">Morbi leo risus</li>\\n\\","            <li class=\"list-group-item\">Porta ac consectetur ac</li>\\n\\","            <li class=\"list-group-item\">Vestibulum at eros</li>\\n\\","        </ul>\\n\\","    </div><!-- /.col-sm-4 -->\\n\\","    <div class=\"col-sm-4\">\\n\\","        <div class=\"list-group\">\\n\\","            <a href=\"#\" class=\"active list-group-item\">\\n\\","                Cras justo odio\\n\\","            </a>\\n\\","            <a href=\"#\" class=\"list-group-item\">Dapibus ac facilisis in</a>\\n\\","            <a href=\"#\" class=\"list-group-item\">Morbi leo risus</a>\\n\\","            <a href=\"#\" class=\"list-group-item\">Porta ac consectetur ac</a>\\n\\","            <a href=\"#\" class=\"list-group-item\">Vestibulum at eros</a>\\n\\","        </div>\\n\\","    </div><!-- /.col-sm-4 -->\\n\\","    <div class=\"col-sm-4\">\\n\\","        <div class=\"list-group\">\\n\\","            <a href=\"#\" class=\"active list-group-item\">\\n\\","                <h4 class=\"list-group-item-heading\">List group item heading</h4>\\n\\","                <p class=\"list-group-item-text\">Donec id elit non mi porta gravida at eget metus. Maecenas sed diam eget risus varius blandit.</p>\\n\\","            </a>\\n\\","            <a href=\"#\" class=\"list-group-item\">\\n\\","                <h4 class=\"list-group-item-heading\">List group item heading</h4>\\n\\","                <p class=\"list-group-item-text\">Donec id elit non mi porta gravida at eget metus. Maecenas sed diam eget risus varius blandit.</p>\\n\\","            </a>\\n\\","            <a href=\"#\" class=\"list-group-item\">\\n\\","                <h4 class=\"list-group-item-heading\">List group item heading</h4>\\n\\","                <p class=\"list-group-item-text\">Donec id elit non mi porta gravida at eget metus. Maecenas sed diam eget risus varius blandit.</p>\\n\\","            </a>\\n\\","        </div>\\n\\","    </div><!-- /.col-sm-4 -->\\n\\","</div>\\n\\","<div class=\"page-header\">\\n\\","    <h1>Panels</h1>\\n\\","</div>\\n\\","<div class=\"row\">\\n\\","    <div class=\"col-sm-4\">\\n\\","        <div class=\"panel panel-default\">\\n\\","            <div class=\"panel-heading\">\\n\\","                <h3 class=\"panel-title\">Panel title</h3>\\n\\","            </div>\\n\\","            <div class=\"panel-body\">\\n\\","                Panel content\\n\\","            </div>\\n\\","        </div>\\n\\","        <div class=\"panel panel-primary\">\\n\\","            <div class=\"panel-heading\">\\n\\","                <h3 class=\"panel-title\">Panel title</h3>\\n\\","            </div>\\n\\","            <div class=\"panel-body\">\\n\\","                Panel content\\n\\","            </div>\\n\\","        </div>\\n\\","    </div><!-- /.col-sm-4 -->\\n\\","    <div class=\"col-sm-4\">\\n\\","        <div class=\"panel panel-success\">\\n\\","            <div class=\"panel-heading\">\\n\\","                <h3 class=\"panel-title\">Panel title</h3>\\n\\","            </div>\\n\\","            <div class=\"panel-body\">\\n\\","                Panel content\\n\\","            </div>\\n\\","        </div>\\n\\","        <div class=\"panel panel-info\">\\n\\","            <div class=\"panel-heading\">\\n\\","                <h3 class=\"panel-title\">Panel title</h3>\\n\\","            </div>\\n\\","            <div class=\"panel-body\">\\n\\","                Panel content\\n\\","            </div>\\n\\","        </div>\\n\\","    </div><!-- /.col-sm-4 -->\\n\\","    <div class=\"col-sm-4\">\\n\\","        <div class=\"panel panel-warning\">\\n\\","            <div class=\"panel-heading\">\\n\\","                <h3 class=\"panel-title\">Panel title</h3>\\n\\","            </div>\\n\\","            <div class=\"panel-body\">\\n\\","                Panel content\\n\\","            </div>\\n\\","        </div>\\n\\","        <div class=\"panel panel-danger\">\\n\\","            <div class=\"panel-heading\">\\n\\","                <h3 class=\"panel-title\">Panel title</h3>\\n\\","            </div>\\n\\","            <div class=\"panel-body\">\\n\\","                Panel content\\n\\","            </div>\\n\\","        </div>\\n\\","    </div><!-- /.col-sm-4 -->\\n\\","</div>\\n\\","<div class=\"page-header\">\\n\\","    <h1>Wells</h1>\\n\\","</div>\\n\\","<div class=\"well\">\\n\\","    <p>Lorem ipsum dolor sit amet, consectetur adipiscing elit. Maecenas sed diam eget risus varius blandit sit amet non magna. Lorem ipsum dolor sit amet, consectetur adipiscing elit. Praesent commodo cursus magna, vel scelerisque nisl consectetur et. Cras mattis consectetur purus sit amet fermentum. Duis mollis, est non commodo luctus, nisi erat porttitor ligula, eget lacinia odio sem nec elit. Aenean lacinia bibendum nulla sed consectetur.</p>\\n\\","</div>\\n\\","<div class=\"page-header\">\\n\\","    <h1>Carousel</h1>\\n\\","</div>\\n\\","<div id=\"carousel-example-generic\" class=\"carousel slide\" data-ride=\"carousel\">\\n\\","    <ol class=\"carousel-indicators\">\\n\\","        <li data-target=\"#carousel-example-generic\" data-slide-to=\"0\" class=\"active\"></li>\\n\\","        <li data-target=\"#carousel-example-generic\" data-slide-to=\"1\" class=\"\"></li>\\n\\","        <li data-target=\"#carousel-example-generic\" data-slide-to=\"2\" class=\"\"></li>\\n\\","    </ol>\\n\\","    <div class=\"carousel-inner\" role=\"listbox\">\\n\\","        <div class=\"active item\">\\n\\","            <img data-src=\"holder.js/1140x500/auto/#777:#555/text:First slide\" alt=\"First slide [1140x500]\" src=\"data:image/svg+xml;base64,PD94bWwgdmVyc2lvbj0iMS4wIiBlbmNvZGluZz0iVVRGLTgiIHN0YW5kYWxvbmU9InllcyI/PjxzdmcgeG1sbnM9Imh0dHA6Ly93d3cudzMub3JnLzIwMDAvc3ZnIiB3aWR0aD0iMTE0MCIgaGVpZ2h0PSI1MDAiIHZpZXdCb3g9IjAgMCAxMTQwIDUwMCIgcHJlc2VydmVBc3BlY3RSYXRpbz0ibm9uZSI+PCEtLQpTb3VyY2UgVVJMOiBob2xkZXIuanMvMTE0MHg1MDAvYXV0by8jNzc3OiM1NTUvdGV4dDpGaXJzdCBzbGlkZQpDcmVhdGVkIHdpdGggSG9sZGVyLmpzIDIuNi4wLgpMZWFybiBtb3JlIGF0IGh0dHA6Ly9ob2xkZXJqcy5jb20KKGMpIDIwMTItMjAxNSBJdmFuIE1hbG9waW5za3kgLSBodHRwOi8vaW1za3kuY28KLS0+PGRlZnM+PHN0eWxlIHR5cGU9InRleHQvY3NzIj48IVtDREFUQVsjaG9sZGVyXzE2NTMwY2ZjZGFlIHRleHQgeyBmaWxsOiM1NTU7Zm9udC13ZWlnaHQ6Ym9sZDtmb250LWZhbWlseTpBcmlhbCwgSGVsdmV0aWNhLCBPcGVuIFNhbnMsIHNhbnMtc2VyaWYsIG1vbm9zcGFjZTtmb250LXNpemU6NTdwdCB9IF1dPjwvc3R5bGU+PC9kZWZzPjxnIGlkPSJob2xkZXJfMTY1MzBjZmNkYWUiPjxyZWN0IHdpZHRoPSIxMTQwIiBoZWlnaHQ9IjUwMCIgZmlsbD0iIzc3NyIvPjxnPjx0ZXh0IHg9IjM5MC41MDc4MTI1IiB5PSIyNzUuMzk2ODc1Ij5GaXJzdCBzbGlkZTwvdGV4dD48L2c+PC9nPjwvc3ZnPg==\" data-holder-rendered=\"true\">\\n\\","        </div>\\n\\","        <div class=\"item\">\\n\\","            <img data-src=\"holder.js/1140x500/auto/#666:#444/text:Second slide\" alt=\"Second slide [1140x500]\" src=\"data:image/svg+xml;base64,PD94bWwgdmVyc2lvbj0iMS4wIiBlbmNvZGluZz0iVVRGLTgiIHN0YW5kYWxvbmU9InllcyI/PjxzdmcgeG1sbnM9Imh0dHA6Ly93d3cudzMub3JnLzIwMDAvc3ZnIiB3aWR0aD0iMTE0MCIgaGVpZ2h0PSI1MDAiIHZpZXdCb3g9IjAgMCAxMTQwIDUwMCIgcHJlc2VydmVBc3BlY3RSYXRpbz0ibm9uZSI+PCEtLQpTb3VyY2UgVVJMOiBob2xkZXIuanMvMTE0MHg1MDAvYXV0by8jNjY2OiM0NDQvdGV4dDpTZWNvbmQgc2xpZGUKQ3JlYXRlZCB3aXRoIEhvbGRlci5qcyAyLjYuMC4KTGVhcm4gbW9yZSBhdCBodHRwOi8vaG9sZGVyanMuY29tCihjKSAyMDEyLTIwMTUgSXZhbiBNYWxvcGluc2t5IC0gaHR0cDovL2ltc2t5LmNvCi0tPjxkZWZzPjxzdHlsZSB0eXBlPSJ0ZXh0L2NzcyI+PCFbQ0RBVEFbI2hvbGRlcl8xNjUzMGNmNzAxOSB0ZXh0IHsgZmlsbDojNDQ0O2ZvbnQtd2VpZ2h0OmJvbGQ7Zm9udC1mYW1pbHk6QXJpYWwsIEhlbHZldGljYSwgT3BlbiBTYW5zLCBzYW5zLXNlcmlmLCBtb25vc3BhY2U7Zm9udC1zaXplOjU3cHQgfSBdXT48L3N0eWxlPjwvZGVmcz48ZyBpZD0iaG9sZGVyXzE2NTMwY2Y3MDE5Ij48cmVjdCB3aWR0aD0iMTE0MCIgaGVpZ2h0PSI1MDAiIGZpbGw9IiM2NjYiLz48Zz48dGV4dCB4PSIzMzUuNjAxNTYyNSIgeT0iMjc1LjM5Njg3NSI+U2Vjb25kIHNsaWRlPC90ZXh0PjwvZz48L2c+PC9zdmc+\" data-holder-rendered=\"true\">\\n\\","        </div>\\n\\","        <div class=\"item\">\\n\\","            <img data-src=\"holder.js/1140x500/auto/#555:#333/text:Third slide\" alt=\"Third slide [1140x500]\" src=\"data:image/svg+xml;base64,PD94bWwgdmVyc2lvbj0iMS4wIiBlbmNvZGluZz0iVVRGLTgiIHN0YW5kYWxvbmU9InllcyI/PjxzdmcgeG1sbnM9Imh0dHA6Ly93d3cudzMub3JnLzIwMDAvc3ZnIiB3aWR0aD0iMTE0MCIgaGVpZ2h0PSI1MDAiIHZpZXdCb3g9IjAgMCAxMTQwIDUwMCIgcHJlc2VydmVBc3BlY3RSYXRpbz0ibm9uZSI+PCEtLQpTb3VyY2UgVVJMOiBob2xkZXIuanMvMTE0MHg1MDAvYXV0by8jNTU1OiMzMzMvdGV4dDpUaGlyZCBzbGlkZQpDcmVhdGVkIHdpdGggSG9sZGVyLmpzIDIuNi4wLgpMZWFybiBtb3JlIGF0IGh0dHA6Ly9ob2xkZXJqcy5jb20KKGMpIDIwMTItMjAxNSBJdmFuIE1hbG9waW5za3kgLSBodHRwOi8vaW1za3kuY28KLS0+PGRlZnM+PHN0eWxlIHR5cGU9InRleHQvY3NzIj48IVtDREFUQVsjaG9sZGVyXzE2NTMwY2ZjYzFjIHRleHQgeyBmaWxsOiMzMzM7Zm9udC13ZWlnaHQ6Ym9sZDtmb250LWZhbWlseTpBcmlhbCwgSGVsdmV0aWNhLCBPcGVuIFNhbnMsIHNhbnMtc2VyaWYsIG1vbm9zcGFjZTtmb250LXNpemU6NTdwdCB9IF1dPjwvc3R5bGU+PC9kZWZzPjxnIGlkPSJob2xkZXJfMTY1MzBjZmNjMWMiPjxyZWN0IHdpZHRoPSIxMTQwIiBoZWlnaHQ9IjUwMCIgZmlsbD0iIzU1NSIvPjxnPjx0ZXh0IHg9IjM3Ny44NjcxODc1IiB5PSIyNzUuMzk2ODc1Ij5UaGlyZCBzbGlkZTwvdGV4dD48L2c+PC9nPjwvc3ZnPg==\" data-holder-rendered=\"true\">\\n\\","        </div>\\n\\","    </div>\\n\\","    <a class=\"carousel-control left\" href=\"#carousel-example-generic\" role=\"button\" data-slide=\"prev\">\\n\\","        <span class=\"glyphicon glyphicon-chevron-left\" aria-hidden=\"true\"></span>\\n\\","        <span class=\"sr-only\">Previous</span>\\n\\","    </a>\\n\\","    <a class=\"carousel-control right\" href=\"#carousel-example-generic\" role=\"button\" data-slide=\"next\">\\n\\","        <span class=\"glyphicon glyphicon-chevron-right\" aria-hidden=\"true\"></span>\\n\\","        <span class=\"sr-only\">Next</span>\\n\\","    </a>\\n\\","</div>\\n\\","\\n\\","\\n\\","\\n\\","        </div>\\n\\","    </div>\\n\\","</div>\\n\\","<!-- Bootstrap core JavaScript\\n\\","================================================== -->\\n\\","<!-- Placed at the end of the document so the pages load faster -->\\n\\","<script src=\"assets.bootstrap-v3.4.0.rollup.min.js\"></script>\\n\\","</body>\\n\\","</html>\\n\\","';","/* jslint ignore:end */","/* validateLineSortedReset */","/* jslint ignore:start */","local.assetsDict[\"/assets.bootstrap.js\"] =","    local.assetsDict[\"/assets.bootstrap.js\"] ||","    local.fs.readFileSync(local.__dirname + \"/lib.bootstrap.js\", \"utf8\"",").replace((/^#!\\//), \"// \");","/* jslint ignore:end */","/* validateLineSortedReset */","local.assetsDict[\"/\"] = local.assetsDict[\"/assets.index.template.html\"]",".replace((","    /\\{\\{env\\.(\\w+?)\\}\\}/g","), function (match0, match1) {","    switch (match1) {","    case \"npm_package_description\":","        return \"the greatest app in the world!\";","    case \"npm_package_name\":","        return \"bootstrap-lite\";","    case \"npm_package_nameLib\":","        return \"bootstrap\";","    case \"npm_package_version\":","        return \"0.0.1\";","    default:","        return match0;","    }","});","local.assetsDict[\"/assets.example.html\"] = local.assetsDict[\"/\"];","local.assetsDict[\"/index.html\"] = local.assetsDict[\"/\"];","// init cli","if (module !== require.main || globalThis.utility2_rollup) {","    return;","}","/* validateLineSortedReset */","local.assetsDict[\"/assets.example.js\"] = (","    local.assetsDict[\"/assets.example.js\"]","    || local.fs.readFileSync(__filename, \"utf8\")",");","local.assetsDict[\"/favicon.ico\"] = local.assetsDict[\"/favicon.ico\"] || \"\";","// if $npm_config_timeout_exit exists,","// then exit this process after $npm_config_timeout_exit ms","if (Number(process.env.npm_config_timeout_exit)) {","    setTimeout(process.exit, Number(process.env.npm_config_timeout_exit));","}","// start server","if (globalThis.utility2_serverHttp1) {","    return;","}","process.env.PORT = process.env.PORT || \"8081\";","console.error(\"http-server listening on port \" + process.env.PORT);","local.http.createServer(function (request, response) {","    request.urlParsed = local.url.parse(request.url);","    if (local.assetsDict[request.urlParsed.pathname] !== undefined) {","        response.end(local.assetsDict[request.urlParsed.pathname]);","        return;","    }","    response.statusCode = 404;","    response.end();","}).listen(process.env.PORT);","}());","","","","}());"],"l":{"120":2,"122":2,"123":2,"125":2,"126":2,"127":2,"130":2,"132":2,"133":1,"134":1,"139":1,"140":1,"142":1,"143":1,"144":1,"145":1,"147":1,"151":2,"152":2,"153":2,"155":2,"163":2,"167":1,"168":1,"169":1,"171":1,"188":1,"190":2,"196":1,"198":2,"202":1,"204":2,"208":1,"210":2,"216":1,"217":1,"222":1,"225":1,"228":2,"229":1,"230":1,"231":1,"232":1,"233":1,"234":1,"235":1,"236":1,"237":1,"238":1,"239":1,"240":1,"241":1,"242":1,"243":1,"244":1,"245":1,"246":1,"247":1,"248":1,"249":1,"250":1,"251":1,"252":1,"253":1,"254":1,"255":1,"261":2,"267":2,"269":2,"275":2,"282":2,"283":2,"284":1,"292":1,"293":1,"294":1,"297":1,"300":1,"301":1,"306":3,"307":3,"308":3,"309":1,"316":1,"1178":1,"1184":1,"1188":6,"1190":1,"1192":2,"1194":1,"1196":2,"1198":1,"1201":1,"1202":1,"1204":1,"1205":1,"1208":1,"1212":1,"1215":1,"1216":1,"1219":1,"1220":1,"1222":1,"1223":1,"1224":1,"1225":1,"1226":1,"1227":1,"1228":1,"1230":1,"1231":1}}}